TN:
SF:src\config\blockchain.ts
FN:104,(anonymous_1)
FN:36,getDocumentRegistryContract
FN:52,getDocumentRegistryReadContract
FN:68,getDocumentRegistryContractWithSigner
FN:84,getContracts
FN:94,getContractsWithSigner
FNF:6
FNH:0
FNDA:0,(anonymous_1)
FNDA:0,getDocumentRegistryContract
FNDA:0,getDocumentRegistryReadContract
FNDA:0,getDocumentRegistryContractWithSigner
FNDA:0,getContracts
FNDA:0,getContractsWithSigner
DA:1,0
DA:4,0
DA:12,0
DA:14,0
DA:15,0
DA:19,0
DA:21,0
DA:22,0
DA:25,0
DA:30,0
DA:36,0
DA:37,0
DA:38,0
DA:41,0
DA:42,0
DA:45,0
DA:52,0
DA:53,0
DA:54,0
DA:57,0
DA:68,0
DA:69,0
DA:70,0
DA:73,0
DA:84,0
DA:85,0
DA:86,0
DA:94,0
DA:95,0
DA:96,0
DA:104,0
LF:31
LH:0
BRDA:14,0,0,0
BRDA:25,1,0,0
BRDA:25,1,1,0
BRDA:30,2,0,0
BRDA:30,2,1,0
BRDA:37,3,0,0
BRDA:41,4,0,0
BRDA:53,5,0,0
BRDA:69,6,0,0
BRF:9
BRH:0
end_of_record
TN:
SF:src\config\database.ts
FN:11,disconnectDatabase
FNF:1
FNH:0
FNDA:0,disconnectDatabase
DA:2,0
DA:5,0
DA:11,0
DA:12,0
LF:4
LH:0
BRF:0
BRH:0
end_of_record
TN:
SF:src\config\env.ts
FNF:0
FNH:0
DA:1,0
DA:7,0
LF:2
LH:0
BRF:0
BRH:0
end_of_record
TN:
SF:src\config\ipfs.ts
FN:31,(anonymous_1)
FN:45,(anonymous_2)
FN:68,(anonymous_3)
FN:87,(anonymous_4)
FN:102,(anonymous_5)
FN:116,(anonymous_6)
FN:131,(anonymous_7)
FN:148,getIPFSAdapter
FN:176,uploadToIPFS
FN:188,downloadFromIPFS
FN:204,unpinFromIPFS
FNF:11
FNH:0
FNDA:0,(anonymous_1)
FNDA:0,(anonymous_2)
FNDA:0,(anonymous_3)
FNDA:0,(anonymous_4)
FNDA:0,(anonymous_5)
FNDA:0,(anonymous_6)
FNDA:0,(anonymous_7)
FNDA:0,getIPFSAdapter
FNDA:0,uploadToIPFS
FNDA:0,downloadFromIPFS
FNDA:0,unpinFromIPFS
DA:11,0
DA:12,0
DA:22,0
DA:27,0
DA:35,0
DA:36,0
DA:37,0
DA:46,0
DA:47,0
DA:48,0
DA:50,0
DA:55,0
DA:56,0
DA:59,0
DA:60,0
DA:69,0
DA:76,0
DA:77,0
DA:88,0
DA:92,0
DA:93,0
DA:103,0
DA:105,0
DA:106,0
DA:109,0
DA:117,0
DA:119,0
DA:120,0
DA:123,0
DA:132,0
DA:136,0
DA:137,0
DA:140,0
DA:141,0
DA:149,0
DA:151,0
DA:152,0
DA:153,0
DA:154,0
DA:155,0
DA:156,0
DA:158,0
DA:159,0
DA:164,0
DA:167,0
DA:176,0
DA:177,0
DA:178,0
DA:188,0
DA:189,0
DA:204,0
DA:205,0
DA:212,0
LF:53
LH:0
BRDA:18,0,0,0
BRDA:19,1,0,0
BRDA:20,2,0,0
BRDA:21,3,0,0
BRDA:32,4,0,0
BRDA:33,5,0,0
BRDA:55,6,0,0
BRDA:60,7,0,0
BRDA:60,7,1,0
BRDA:76,8,0,0
BRDA:92,9,0,0
BRDA:105,10,0,0
BRDA:119,11,0,0
BRDA:136,12,0,0
BRDA:151,13,0,0
BRDA:151,13,1,0
BRDA:154,14,0,0
BRDA:154,14,1,0
BRF:18
BRH:0
end_of_record
TN:
SF:src\config\ipfsPinataAdapter.ts
FN:35,(anonymous_1)
FN:56,(anonymous_2)
FN:95,(anonymous_3)
FN:118,(anonymous_4)
FN:160,(anonymous_5)
FN:183,(anonymous_6)
FN:225,(anonymous_7)
FN:251,(anonymous_8)
FNF:8
FNH:0
FNDA:0,(anonymous_1)
FNDA:0,(anonymous_2)
FNDA:0,(anonymous_3)
FNDA:0,(anonymous_4)
FNDA:0,(anonymous_5)
FNDA:0,(anonymous_6)
FNDA:0,(anonymous_7)
FNDA:0,(anonymous_8)
DA:7,0
DA:8,0
DA:9,0
DA:16,0
DA:31,0
DA:32,0
DA:37,0
DA:38,0
DA:41,0
DA:42,0
DA:47,0
DA:50,0
DA:57,0
DA:58,0
DA:59,0
DA:65,0
DA:72,0
DA:74,0
DA:83,0
DA:84,0
DA:87,0
DA:88,0
DA:96,0
DA:97,0
DA:99,0
DA:101,0
DA:102,0
DA:105,0
DA:106,0
DA:107,0
DA:110,0
DA:111,0
DA:119,0
DA:120,0
DA:138,0
DA:139,0
DA:140,0
DA:142,0
DA:143,0
DA:144,0
DA:146,0
DA:149,0
DA:152,0
DA:153,0
DA:161,0
DA:162,0
DA:167,0
DA:168,0
DA:169,0
DA:172,0
DA:175,0
DA:176,0
DA:184,0
DA:185,0
DA:193,0
DA:194,0
DA:197,0
DA:199,0
DA:200,0
DA:201,0
DA:208,0
DA:214,0
DA:215,0
DA:226,0
DA:227,0
DA:235,0
DA:236,0
DA:239,0
DA:240,0
DA:243,0
DA:244,0
DA:252,0
DA:253,0
DA:258,0
DA:259,0
DA:260,0
DA:263,0
DA:264,0
DA:265,0
DA:268,0
DA:269,0
LF:81
LH:0
BRDA:15,0,0,0
BRDA:37,1,0,0
BRDA:37,1,1,0
BRDA:41,2,0,0
BRDA:41,2,1,0
BRDA:41,3,0,0
BRDA:41,3,1,0
BRDA:87,4,0,0
BRDA:87,4,1,0
BRDA:88,5,0,0
BRDA:88,5,1,0
BRDA:101,6,0,0
BRDA:111,7,0,0
BRDA:111,7,1,0
BRDA:138,8,0,0
BRDA:142,9,0,0
BRDA:167,10,0,0
BRDA:193,11,0,0
BRDA:199,12,0,0
BRDA:199,13,0,0
BRDA:199,13,1,0
BRDA:235,14,0,0
BRDA:240,15,0,0
BRDA:240,15,1,0
BRDA:258,16,0,0
BRF:25
BRH:0
end_of_record
TN:
SF:src\config\jwt.ts
FN:17,generateToken
FN:27,verifyToken
FN:40,decodeToken
FNF:3
FNH:0
FNDA:0,generateToken
FNDA:0,verifyToken
FNDA:0,decodeToken
DA:1,0
DA:3,0
DA:4,0
DA:17,0
DA:18,0
DA:27,0
DA:28,0
DA:29,0
DA:31,0
DA:40,0
DA:41,0
DA:42,0
DA:44,0
LF:13
LH:0
BRDA:3,0,0,0
BRDA:3,0,1,0
BRDA:4,1,0,0
BRDA:4,1,1,0
BRF:4
BRH:0
end_of_record
TN:
SF:src\config\prismaExtension.ts
FN:18,(anonymous_0)
FN:26,(anonymous_1)
FN:34,(anonymous_2)
FN:42,(anonymous_3)
FN:48,(anonymous_4)
FNF:5
FNH:0
FNDA:0,(anonymous_0)
FNDA:0,(anonymous_1)
FNDA:0,(anonymous_2)
FNDA:0,(anonymous_3)
FNDA:0,(anonymous_4)
DA:1,0
DA:10,0
DA:13,0
DA:19,0
DA:27,0
DA:35,0
DA:43,0
DA:49,0
DA:59,0
LF:9
LH:0
BRDA:19,0,0,0
BRDA:19,0,1,0
BRDA:27,1,0,0
BRDA:27,1,1,0
BRDA:35,2,0,0
BRDA:35,2,1,0
BRDA:43,3,0,0
BRDA:43,3,1,0
BRDA:49,4,0,0
BRDA:49,4,1,0
BRF:10
BRH:0
end_of_record
TN:
SF:src\config\swagger.ts
FNF:0
FNH:0
DA:1,0
DA:3,0
DA:86,0
LF:3
LH:0
BRF:0
BRH:0
end_of_record
TN:
SF:src\controllers\EmailController.ts
FN:20,(anonymous_1)
FN:90,(anonymous_2)
FN:156,(anonymous_3)
FN:253,(anonymous_4)
FNF:4
FNH:4
FNDA:1,(anonymous_1)
FNDA:2,(anonymous_2)
FNDA:1,(anonymous_3)
FNDA:1,(anonymous_4)
DA:2,1
DA:3,1
DA:4,1
DA:5,1
DA:6,1
DA:8,1
DA:15,1
DA:21,1
DA:22,1
DA:24,1
DA:25,0
DA:26,0
DA:30,1
DA:35,1
DA:36,0
DA:37,0
DA:41,1
DA:42,0
DA:46,0
DA:50,1
DA:51,0
DA:55,0
DA:59,1
DA:73,1
DA:75,1
DA:81,0
DA:82,0
DA:91,2
DA:92,2
DA:94,2
DA:95,0
DA:96,0
DA:100,2
DA:105,2
DA:106,1
DA:107,1
DA:111,1
DA:115,1
DA:116,1
DA:119,1
DA:120,1
DA:123,1
DA:134,1
DA:140,1
DA:142,1
DA:147,0
DA:148,0
DA:157,1
DA:158,1
DA:160,1
DA:161,0
DA:162,0
DA:166,1
DA:167,0
DA:170,0
DA:174,1
DA:179,1
DA:180,0
DA:181,0
DA:185,1
DA:186,0
DA:190,0
DA:194,1
DA:195,0
DA:199,0
DA:203,1
DA:206,1
DA:212,1
DA:221,1
DA:226,1
DA:227,1
DA:230,1
DA:237,1
DA:239,1
DA:244,0
DA:245,0
DA:254,1
DA:255,1
DA:257,1
DA:258,0
DA:259,0
DA:263,1
DA:267,1
DA:269,0
DA:273,0
DA:277,1
DA:284,1
DA:285,0
DA:289,0
DA:293,1
DA:301,1
DA:302,1
DA:305,1
DA:314,1
DA:320,1
DA:322,1
DA:327,0
DA:328,0
LF:98
LH:64
BRDA:24,0,0,0
BRDA:35,1,0,0
BRDA:41,2,0,0
BRDA:50,3,0,0
BRDA:94,4,0,0
BRDA:105,5,0,1
BRDA:119,6,0,1
BRDA:119,6,1,1
BRDA:119,6,2,0
BRDA:120,7,0,1
BRDA:120,7,1,0
BRDA:160,8,0,0
BRDA:160,9,0,1
BRDA:160,9,1,1
BRDA:166,10,0,0
BRDA:179,11,0,0
BRDA:185,12,0,0
BRDA:194,13,0,0
BRDA:226,14,0,1
BRDA:226,14,1,1
BRDA:226,14,2,0
BRDA:227,15,0,1
BRDA:227,15,1,0
BRDA:257,16,0,0
BRDA:267,17,0,0
BRDA:284,18,0,0
BRF:26
BRH:9
end_of_record
TN:
SF:src\controllers\adminController.ts
FN:15,(anonymous_1)
FN:56,(anonymous_2)
FN:146,(anonymous_3)
FN:261,(anonymous_4)
FN:324,(anonymous_5)
FN:371,(anonymous_6)
FN:390,(anonymous_7)
FN:423,(anonymous_8)
FN:446,(anonymous_9)
FN:452,(anonymous_10)
FN:453,(anonymous_11)
FNF:11
FNH:0
FNDA:0,(anonymous_1)
FNDA:0,(anonymous_2)
FNDA:0,(anonymous_3)
FNDA:0,(anonymous_4)
FNDA:0,(anonymous_5)
FNDA:0,(anonymous_6)
FNDA:0,(anonymous_7)
FNDA:0,(anonymous_8)
FNDA:0,(anonymous_9)
FNDA:0,(anonymous_10)
FNDA:0,(anonymous_11)
DA:2,0
DA:3,0
DA:4,0
DA:5,0
DA:6,0
DA:7,0
DA:8,0
DA:10,0
DA:16,0
DA:17,0
DA:44,0
DA:46,0
DA:47,0
DA:57,0
DA:58,0
DA:59,0
DA:61,0
DA:62,0
DA:63,0
DA:67,0
DA:71,0
DA:72,0
DA:73,0
DA:77,0
DA:78,0
DA:79,0
DA:83,0
DA:94,0
DA:97,0
DA:98,0
DA:105,0
DA:106,0
DA:108,0
DA:109,0
DA:110,0
DA:111,0
DA:113,0
DA:115,0
DA:117,0
DA:118,0
DA:119,0
DA:120,0
DA:122,0
DA:128,0
DA:131,0
DA:136,0
DA:137,0
DA:147,0
DA:148,0
DA:151,0
DA:152,0
DA:153,0
DA:156,0
DA:157,0
DA:158,0
DA:162,0
DA:168,0
DA:169,0
DA:170,0
DA:174,0
DA:175,0
DA:176,0
DA:177,0
DA:178,0
DA:179,0
DA:182,0
DA:206,0
DA:220,0
DA:224,0
DA:225,0
DA:232,0
DA:233,0
DA:234,0
DA:235,0
DA:236,0
DA:238,0
DA:243,0
DA:246,0
DA:252,0
DA:253,0
DA:262,0
DA:263,0
DA:266,0
DA:270,0
DA:271,0
DA:272,0
DA:276,0
DA:277,0
DA:278,0
DA:282,0
DA:283,0
DA:284,0
DA:291,0
DA:292,0
DA:293,0
DA:294,0
DA:295,0
DA:297,0
DA:302,0
DA:307,0
DA:311,0
DA:313,0
DA:315,0
DA:316,0
DA:325,0
DA:332,0
DA:351,0
DA:362,0
DA:363,0
DA:372,0
DA:373,0
DA:375,0
DA:380,0
DA:381,0
DA:391,0
DA:392,0
DA:394,0
DA:395,0
DA:396,0
DA:399,0
DA:401,0
DA:403,0
DA:408,0
DA:414,0
DA:415,0
DA:424,0
DA:425,0
DA:427,0
DA:429,0
DA:431,0
DA:437,0
DA:438,0
DA:447,0
DA:448,0
DA:450,0
DA:452,0
DA:453,0
DA:455,0
DA:461,0
DA:462,0
LF:140
LH:0
BRDA:61,0,0,0
BRDA:61,1,0,0
BRDA:61,1,1,0
BRDA:71,2,0,0
BRDA:77,3,0,0
BRDA:77,4,0,0
BRDA:77,4,1,0
BRDA:105,5,0,0
BRDA:106,6,0,0
BRDA:106,6,1,0
BRDA:110,7,0,0
BRDA:110,7,1,0
BRDA:115,8,0,0
BRDA:119,9,0,0
BRDA:119,9,1,0
BRDA:151,10,0,0
BRDA:151,11,0,0
BRDA:151,11,1,0
BRDA:151,11,2,0
BRDA:156,12,0,0
BRDA:168,13,0,0
BRDA:188,14,0,0
BRDA:188,14,1,0
BRDA:232,15,0,0
BRDA:235,16,0,0
BRDA:235,16,1,0
BRDA:270,17,0,0
BRDA:276,18,0,0
BRDA:282,19,0,0
BRDA:291,20,0,0
BRDA:294,21,0,0
BRDA:294,21,1,0
BRDA:357,22,0,0
BRDA:357,22,1,0
BRDA:394,23,0,0
BRDA:394,24,0,0
BRDA:394,24,1,0
BRF:37
BRH:0
end_of_record
TN:
SF:src\controllers\authController.ts
FN:27,(anonymous_1)
FN:77,(anonymous_2)
FN:107,(anonymous_3)
FN:159,(anonymous_4)
FN:189,(anonymous_5)
FN:233,(anonymous_6)
FN:255,(anonymous_7)
FN:276,(anonymous_8)
FN:297,(anonymous_9)
FN:342,(anonymous_10)
FN:359,(anonymous_11)
FN:389,(anonymous_12)
FN:454,(anonymous_13)
FN:564,(anonymous_14)
FN:601,(anonymous_15)
FN:656,(anonymous_16)
FN:721,(anonymous_17)
FN:790,(anonymous_18)
FN:891,(anonymous_19)
FNF:19
FNH:0
FNDA:0,(anonymous_1)
FNDA:0,(anonymous_2)
FNDA:0,(anonymous_3)
FNDA:0,(anonymous_4)
FNDA:0,(anonymous_5)
FNDA:0,(anonymous_6)
FNDA:0,(anonymous_7)
FNDA:0,(anonymous_8)
FNDA:0,(anonymous_9)
FNDA:0,(anonymous_10)
FNDA:0,(anonymous_11)
FNDA:0,(anonymous_12)
FNDA:0,(anonymous_13)
FNDA:0,(anonymous_14)
FNDA:0,(anonymous_15)
FNDA:0,(anonymous_16)
FNDA:0,(anonymous_17)
FNDA:0,(anonymous_18)
FNDA:0,(anonymous_19)
DA:2,0
DA:3,0
DA:4,0
DA:5,0
DA:6,0
DA:7,0
DA:8,0
DA:9,0
DA:11,0
DA:12,0
DA:13,0
DA:15,0
DA:17,0
DA:28,0
DA:38,0
DA:41,0
DA:42,0
DA:45,0
DA:48,0
DA:50,0
DA:61,0
DA:63,0
DA:65,0
DA:67,0
DA:68,0
DA:78,0
DA:79,0
DA:81,0
DA:82,0
DA:85,0
DA:88,0
DA:94,0
DA:96,0
DA:98,0
DA:99,0
DA:108,0
DA:109,0
DA:111,0
DA:112,0
DA:113,0
DA:116,0
DA:117,0
DA:118,0
DA:121,0
DA:124,0
DA:129,0
DA:130,0
DA:131,0
DA:135,0
DA:136,0
DA:137,0
DA:141,0
DA:143,0
DA:150,0
DA:151,0
DA:160,0
DA:161,0
DA:162,0
DA:164,0
DA:165,0
DA:166,0
DA:169,0
DA:171,0
DA:173,0
DA:175,0
DA:176,0
DA:190,0
DA:191,0
DA:194,0
DA:195,0
DA:196,0
DA:200,0
DA:209,0
DA:210,0
DA:211,0
DA:214,0
DA:222,0
DA:224,0
DA:225,0
DA:234,0
DA:235,0
DA:236,0
DA:238,0
DA:239,0
DA:240,0
DA:243,0
DA:245,0
DA:247,0
DA:256,0
DA:257,0
DA:259,0
DA:260,0
DA:261,0
DA:264,0
DA:266,0
DA:268,0
DA:277,0
DA:278,0
DA:280,0
DA:281,0
DA:282,0
DA:285,0
DA:287,0
DA:289,0
DA:298,0
DA:299,0
DA:300,0
DA:301,0
DA:304,0
DA:333,0
DA:334,0
DA:335,0
DA:338,0
DA:342,0
DA:351,0
DA:360,0
DA:361,0
DA:362,0
DA:363,0
DA:366,0
DA:368,0
DA:369,0
DA:370,0
DA:373,0
DA:379,0
DA:381,0
DA:390,0
DA:391,0
DA:393,0
DA:394,0
DA:395,0
DA:399,0
DA:404,0
DA:405,0
DA:408,0
DA:412,0
DA:413,0
DA:417,0
DA:419,0
DA:430,0
DA:432,0
DA:438,0
DA:441,0
DA:445,0
DA:446,0
DA:455,0
DA:456,0
DA:458,0
DA:459,0
DA:460,0
DA:464,0
DA:467,0
DA:477,0
DA:478,0
DA:479,0
DA:482,0
DA:485,0
DA:486,0
DA:489,0
DA:492,0
DA:494,0
DA:495,0
DA:496,0
DA:501,0
DA:502,0
DA:507,0
DA:508,0
DA:512,0
DA:515,0
DA:516,0
DA:517,0
DA:520,0
DA:524,0
DA:526,0
DA:529,0
DA:541,0
DA:545,0
DA:550,0
DA:551,0
DA:565,0
DA:566,0
DA:568,0
DA:576,0
DA:577,0
DA:578,0
DA:581,0
DA:585,0
DA:590,0
DA:591,0
DA:602,0
DA:603,0
DA:605,0
DA:610,0
DA:611,0
DA:612,0
DA:615,0
DA:616,0
DA:617,0
DA:621,0
DA:624,0
DA:627,0
DA:636,0
DA:638,0
DA:645,0
DA:646,0
DA:657,0
DA:658,0
DA:659,0
DA:661,0
DA:662,0
DA:663,0
DA:666,0
DA:674,0
DA:675,0
DA:676,0
DA:679,0
DA:680,0
DA:681,0
DA:684,0
DA:685,0
DA:686,0
DA:690,0
DA:692,0
DA:693,0
DA:694,0
DA:698,0
DA:703,0
DA:705,0
DA:710,0
DA:711,0
DA:722,0
DA:723,0
DA:724,0
DA:726,0
DA:727,0
DA:728,0
DA:731,0
DA:739,0
DA:740,0
DA:741,0
DA:744,0
DA:745,0
DA:746,0
DA:749,0
DA:750,0
DA:751,0
DA:755,0
DA:757,0
DA:758,0
DA:759,0
DA:763,0
DA:772,0
DA:774,0
DA:779,0
DA:780,0
DA:791,0
DA:792,0
DA:794,0
DA:795,0
DA:796,0
DA:801,0
DA:802,0
DA:804,0
DA:805,0
DA:808,0
DA:824,0
DA:825,0
DA:826,0
DA:829,0
DA:830,0
DA:831,0
DA:835,0
DA:841,0
DA:842,0
DA:843,0
DA:847,0
DA:848,0
DA:855,0
DA:859,0
DA:865,0
DA:867,0
DA:880,0
DA:881,0
DA:892,0
DA:893,0
DA:894,0
DA:896,0
DA:897,0
DA:898,0
DA:901,0
DA:909,0
DA:910,0
DA:911,0
DA:914,0
DA:915,0
DA:916,0
DA:920,0
DA:922,0
DA:923,0
DA:924,0
DA:928,0
DA:929,0
DA:932,0
DA:939,0
DA:941,0
DA:946,0
DA:947,0
LF:307
LH:0
BRDA:41,0,0,0
BRDA:41,1,0,0
BRDA:41,1,1,0
BRDA:41,1,2,0
BRDA:41,1,3,0
BRDA:48,2,0,0
BRDA:48,2,1,0
BRDA:48,3,0,0
BRDA:48,3,1,0
BRDA:61,4,0,0
BRDA:61,4,1,0
BRDA:68,5,0,0
BRDA:68,5,1,0
BRDA:81,6,0,0
BRDA:81,7,0,0
BRDA:81,7,1,0
BRDA:81,7,2,0
BRDA:111,8,0,0
BRDA:116,9,0,0
BRDA:129,10,0,0
BRDA:164,11,0,0
BRDA:194,12,0,0
BRDA:194,13,0,0
BRDA:194,13,1,0
BRDA:194,13,2,0
BRDA:209,14,0,0
BRDA:225,15,0,0
BRDA:225,15,1,0
BRDA:236,16,0,0
BRDA:236,16,1,0
BRDA:236,16,2,0
BRDA:238,17,0,0
BRDA:238,18,0,0
BRDA:238,18,1,0
BRDA:259,19,0,0
BRDA:280,20,0,0
BRDA:299,21,0,0
BRDA:333,22,0,0
BRDA:361,23,0,0
BRDA:368,24,0,0
BRDA:368,25,0,0
BRDA:368,25,1,0
BRDA:393,26,0,0
BRDA:404,27,0,0
BRDA:458,28,0,0
BRDA:458,29,0,0
BRDA:458,29,1,0
BRDA:458,29,2,0
BRDA:477,30,0,0
BRDA:485,31,0,0
BRDA:485,32,0,0
BRDA:485,32,1,0
BRDA:494,33,0,0
BRDA:516,34,0,0
BRDA:576,35,0,0
BRDA:581,36,0,0
BRDA:581,36,1,0
BRDA:610,37,0,0
BRDA:615,38,0,0
BRDA:661,39,0,0
BRDA:674,40,0,0
BRDA:679,41,0,0
BRDA:684,42,0,0
BRDA:692,43,0,0
BRDA:726,44,0,0
BRDA:739,45,0,0
BRDA:744,46,0,0
BRDA:749,47,0,0
BRDA:757,48,0,0
BRDA:794,49,0,0
BRDA:794,50,0,0
BRDA:794,50,1,0
BRDA:824,51,0,0
BRDA:829,52,0,0
BRDA:829,53,0,0
BRDA:829,53,1,0
BRDA:838,54,0,0
BRDA:838,54,1,0
BRDA:841,55,0,0
BRDA:847,56,0,0
BRDA:847,57,0,0
BRDA:847,57,1,0
BRDA:896,58,0,0
BRDA:909,59,0,0
BRDA:914,60,0,0
BRDA:914,61,0,0
BRDA:914,61,1,0
BRDA:922,62,0,0
BRF:88
BRH:0
end_of_record
TN:
SF:src\controllers\categoryController.ts
FN:8,getCategories
FN:29,getPredefinedCategories
FN:49,getUserCustomCategories
FN:70,getCategoryById
FN:100,createCategory
FN:136,updateCategory
FN:166,deleteCategory
FN:189,assignCategoryToDocuments
FN:223,getCategoryStats
FN:246,searchCategories
FNF:10
FNH:0
FNDA:0,getCategories
FNDA:0,getPredefinedCategories
FNDA:0,getUserCustomCategories
FNDA:0,getCategoryById
FNDA:0,createCategory
FNDA:0,updateCategory
FNDA:0,deleteCategory
FNDA:0,assignCategoryToDocuments
FNDA:0,getCategoryStats
FNDA:0,searchCategories
DA:2,0
DA:8,0
DA:9,0
DA:10,0
DA:11,0
DA:13,0
DA:18,0
DA:29,0
DA:30,0
DA:31,0
DA:33,0
DA:38,0
DA:49,0
DA:50,0
DA:51,0
DA:52,0
DA:54,0
DA:59,0
DA:70,0
DA:71,0
DA:72,0
DA:73,0
DA:75,0
DA:77,0
DA:78,0
DA:84,0
DA:89,0
DA:100,0
DA:101,0
DA:102,0
DA:103,0
DA:105,0
DA:106,0
DA:112,0
DA:120,0
DA:125,0
DA:136,0
DA:137,0
DA:138,0
DA:139,0
DA:140,0
DA:142,0
DA:150,0
DA:155,0
DA:166,0
DA:167,0
DA:168,0
DA:169,0
DA:171,0
DA:173,0
DA:178,0
DA:189,0
DA:190,0
DA:191,0
DA:192,0
DA:194,0
DA:195,0
DA:201,0
DA:207,0
DA:212,0
DA:223,0
DA:224,0
DA:225,0
DA:226,0
DA:228,0
DA:230,0
DA:235,0
DA:246,0
DA:247,0
DA:248,0
DA:249,0
DA:251,0
DA:252,0
DA:258,0
DA:260,0
DA:265,0
LF:76
LH:0
BRDA:20,0,0,0
BRDA:20,0,1,0
BRDA:40,1,0,0
BRDA:40,1,1,0
BRDA:61,2,0,0
BRDA:61,2,1,0
BRDA:77,3,0,0
BRDA:91,4,0,0
BRDA:91,4,1,0
BRDA:105,5,0,0
BRDA:105,6,0,0
BRDA:105,6,1,0
BRDA:127,7,0,0
BRDA:127,7,1,0
BRDA:157,8,0,0
BRDA:157,8,1,0
BRDA:180,9,0,0
BRDA:180,9,1,0
BRDA:194,10,0,0
BRDA:194,11,0,0
BRDA:194,11,1,0
BRDA:203,12,0,0
BRDA:203,12,1,0
BRDA:214,13,0,0
BRDA:214,13,1,0
BRDA:237,14,0,0
BRDA:237,14,1,0
BRDA:251,15,0,0
BRDA:251,16,0,0
BRDA:251,16,1,0
BRDA:267,17,0,0
BRDA:267,17,1,0
BRF:32
BRH:0
end_of_record
TN:
SF:src\controllers\documentController.ts
FN:29,(anonymous_1)
FN:96,(anonymous_2)
FN:146,(anonymous_3)
FN:178,(anonymous_4)
FN:230,(anonymous_5)
FN:262,(anonymous_6)
FN:286,(anonymous_7)
FN:328,(anonymous_8)
FN:384,(anonymous_9)
FN:441,(anonymous_10)
FN:498,(anonymous_11)
FN:546,(anonymous_12)
FN:595,(anonymous_13)
FN:642,(anonymous_14)
FN:696,(anonymous_15)
FN:737,(anonymous_16)
FN:761,(anonymous_17)
FN:798,(anonymous_18)
FNF:18
FNH:0
FNDA:0,(anonymous_1)
FNDA:0,(anonymous_2)
FNDA:0,(anonymous_3)
FNDA:0,(anonymous_4)
FNDA:0,(anonymous_5)
FNDA:0,(anonymous_6)
FNDA:0,(anonymous_7)
FNDA:0,(anonymous_8)
FNDA:0,(anonymous_9)
FNDA:0,(anonymous_10)
FNDA:0,(anonymous_11)
FNDA:0,(anonymous_12)
FNDA:0,(anonymous_13)
FNDA:0,(anonymous_14)
FNDA:0,(anonymous_15)
FNDA:0,(anonymous_16)
FNDA:0,(anonymous_17)
FNDA:0,(anonymous_18)
DA:15,0
DA:16,0
DA:17,0
DA:18,0
DA:19,0
DA:21,0
DA:30,0
DA:31,0
DA:32,0
DA:33,0
DA:36,0
DA:37,0
DA:38,0
DA:49,0
DA:52,0
DA:53,0
DA:54,0
DA:57,0
DA:58,0
DA:59,0
DA:62,0
DA:75,0
DA:80,0
DA:82,0
DA:86,0
DA:97,0
DA:98,0
DA:99,0
DA:100,0
DA:103,0
DA:105,0
DA:106,0
DA:107,0
DA:110,0
DA:111,0
DA:112,0
DA:115,0
DA:116,0
DA:117,0
DA:120,0
DA:126,0
DA:132,0
DA:134,0
DA:138,0
DA:147,0
DA:148,0
DA:149,0
DA:150,0
DA:153,0
DA:155,0
DA:160,0
DA:161,0
DA:162,0
DA:165,0
DA:167,0
DA:179,0
DA:180,0
DA:181,0
DA:182,0
DA:185,0
DA:187,0
DA:192,0
DA:195,0
DA:196,0
DA:201,0
DA:202,0
DA:203,0
DA:204,0
DA:206,0
DA:207,0
DA:211,0
DA:212,0
DA:214,0
DA:216,0
DA:220,0
DA:231,0
DA:232,0
DA:233,0
DA:234,0
DA:237,0
DA:239,0
DA:252,0
DA:254,0
DA:263,0
DA:264,0
DA:265,0
DA:266,0
DA:269,0
DA:271,0
DA:276,0
DA:278,0
DA:287,0
DA:288,0
DA:289,0
DA:290,0
DA:293,0
DA:296,0
DA:300,0
DA:301,0
DA:302,0
DA:305,0
DA:306,0
DA:307,0
DA:310,0
DA:311,0
DA:312,0
DA:315,0
DA:320,0
DA:329,0
DA:330,0
DA:331,0
DA:332,0
DA:335,0
DA:336,0
DA:339,0
DA:343,0
DA:344,0
DA:345,0
DA:348,0
DA:349,0
DA:350,0
DA:353,0
DA:361,0
DA:371,0
DA:376,0
DA:385,0
DA:386,0
DA:387,0
DA:388,0
DA:391,0
DA:394,0
DA:398,0
DA:399,0
DA:400,0
DA:403,0
DA:404,0
DA:405,0
DA:409,0
DA:418,0
DA:427,0
DA:432,0
DA:433,0
DA:442,0
DA:443,0
DA:444,0
DA:445,0
DA:448,0
DA:451,0
DA:455,0
DA:456,0
DA:457,0
DA:460,0
DA:461,0
DA:462,0
DA:466,0
DA:475,0
DA:484,0
DA:489,0
DA:490,0
DA:499,0
DA:500,0
DA:501,0
DA:502,0
DA:505,0
DA:506,0
DA:508,0
DA:509,0
DA:510,0
DA:514,0
DA:518,0
DA:519,0
DA:520,0
DA:523,0
DA:524,0
DA:525,0
DA:528,0
DA:529,0
DA:530,0
DA:533,0
DA:538,0
DA:547,0
DA:548,0
DA:549,0
DA:550,0
DA:553,0
DA:554,0
DA:557,0
DA:561,0
DA:562,0
DA:563,0
DA:566,0
DA:567,0
DA:568,0
DA:571,0
DA:581,0
DA:585,0
DA:587,0
DA:596,0
DA:597,0
DA:598,0
DA:599,0
DA:602,0
DA:605,0
DA:609,0
DA:610,0
DA:611,0
DA:614,0
DA:615,0
DA:616,0
DA:619,0
DA:628,0
DA:632,0
DA:634,0
DA:643,0
DA:644,0
DA:645,0
DA:646,0
DA:649,0
DA:650,0
DA:652,0
DA:653,0
DA:654,0
DA:657,0
DA:658,0
DA:659,0
DA:662,0
DA:663,0
DA:664,0
DA:667,0
DA:668,0
DA:669,0
DA:673,0
DA:682,0
DA:684,0
DA:688,0
DA:697,0
DA:698,0
DA:699,0
DA:700,0
DA:703,0
DA:704,0
DA:706,0
DA:707,0
DA:708,0
DA:711,0
DA:712,0
DA:713,0
DA:717,0
DA:723,0
DA:725,0
DA:729,0
DA:738,0
DA:739,0
DA:740,0
DA:741,0
DA:744,0
DA:745,0
DA:748,0
DA:750,0
DA:762,0
DA:763,0
DA:764,0
DA:765,0
DA:768,0
DA:769,0
DA:770,0
DA:773,0
DA:775,0
DA:776,0
DA:777,0
DA:781,0
DA:786,0
DA:787,0
DA:799,0
DA:800,0
DA:801,0
DA:802,0
DA:805,0
DA:807,0
DA:809,0
DA:811,0
DA:812,0
LF:282
LH:0
BRDA:31,0,0,0
BRDA:36,1,0,0
BRDA:52,2,0,0
BRDA:57,3,0,0
BRDA:71,4,0,0
BRDA:71,4,1,0
BRDA:71,5,0,0
BRDA:71,5,1,0
BRDA:98,6,0,0
BRDA:105,7,0,0
BRDA:110,8,0,0
BRDA:115,9,0,0
BRDA:148,10,0,0
BRDA:160,11,0,0
BRDA:180,12,0,0
BRDA:195,13,0,0
BRDA:195,13,1,0
BRDA:197,14,0,0
BRDA:197,14,1,0
BRDA:201,15,0,0
BRDA:203,16,0,0
BRDA:206,17,0,0
BRDA:211,18,0,0
BRDA:211,18,1,0
BRDA:232,19,0,0
BRDA:264,20,0,0
BRDA:288,21,0,0
BRDA:300,22,0,0
BRDA:305,23,0,0
BRDA:310,24,0,0
BRDA:330,25,0,0
BRDA:343,26,0,0
BRDA:348,27,0,0
BRDA:367,28,0,0
BRDA:367,28,1,0
BRDA:386,29,0,0
BRDA:398,30,0,0
BRDA:403,31,0,0
BRDA:443,32,0,0
BRDA:455,33,0,0
BRDA:460,34,0,0
BRDA:500,35,0,0
BRDA:508,36,0,0
BRDA:518,37,0,0
BRDA:523,38,0,0
BRDA:528,39,0,0
BRDA:548,40,0,0
BRDA:561,41,0,0
BRDA:566,42,0,0
BRDA:577,43,0,0
BRDA:577,43,1,0
BRDA:597,44,0,0
BRDA:609,45,0,0
BRDA:614,46,0,0
BRDA:644,47,0,0
BRDA:652,48,0,0
BRDA:657,49,0,0
BRDA:662,50,0,0
BRDA:667,51,0,0
BRDA:698,52,0,0
BRDA:706,53,0,0
BRDA:711,54,0,0
BRDA:720,55,0,0
BRDA:720,55,1,0
BRDA:739,56,0,0
BRDA:763,57,0,0
BRDA:768,58,0,0
BRDA:775,59,0,0
BRDA:800,60,0,0
BRF:69
BRH:0
end_of_record
TN:
SF:src\controllers\folderController.ts
FN:8,getUserFolders
FN:29,getFolderById
FN:59,createFolder
FN:96,updateFolder
FN:126,deleteFolder
FN:154,moveDocumentsToFolder
FN:187,getFolderPath
FN:210,getFolderStats
FNF:8
FNH:0
FNDA:0,getUserFolders
FNDA:0,getFolderById
FNDA:0,createFolder
FNDA:0,updateFolder
FNDA:0,deleteFolder
FNDA:0,moveDocumentsToFolder
FNDA:0,getFolderPath
FNDA:0,getFolderStats
DA:2,0
DA:8,0
DA:9,0
DA:10,0
DA:11,0
DA:13,0
DA:18,0
DA:29,0
DA:30,0
DA:31,0
DA:32,0
DA:34,0
DA:36,0
DA:37,0
DA:43,0
DA:48,0
DA:59,0
DA:60,0
DA:61,0
DA:62,0
DA:64,0
DA:65,0
DA:71,0
DA:80,0
DA:85,0
DA:96,0
DA:97,0
DA:98,0
DA:99,0
DA:100,0
DA:102,0
DA:110,0
DA:115,0
DA:126,0
DA:127,0
DA:128,0
DA:129,0
DA:130,0
DA:132,0
DA:138,0
DA:143,0
DA:154,0
DA:155,0
DA:156,0
DA:157,0
DA:158,0
DA:160,0
DA:161,0
DA:167,0
DA:169,0
DA:171,0
DA:176,0
DA:187,0
DA:188,0
DA:189,0
DA:190,0
DA:192,0
DA:194,0
DA:199,0
DA:210,0
DA:211,0
DA:212,0
DA:213,0
DA:215,0
DA:217,0
DA:222,0
LF:66
LH:0
BRDA:20,0,0,0
BRDA:20,0,1,0
BRDA:36,1,0,0
BRDA:50,2,0,0
BRDA:50,2,1,0
BRDA:64,3,0,0
BRDA:64,4,0,0
BRDA:64,4,1,0
BRDA:87,5,0,0
BRDA:87,5,1,0
BRDA:117,6,0,0
BRDA:117,6,1,0
BRDA:145,7,0,0
BRDA:145,7,1,0
BRDA:160,8,0,0
BRDA:160,9,0,0
BRDA:160,9,1,0
BRDA:167,10,0,0
BRDA:167,10,1,0
BRDA:178,11,0,0
BRDA:178,11,1,0
BRDA:201,12,0,0
BRDA:201,12,1,0
BRDA:224,13,0,0
BRDA:224,13,1,0
BRF:25
BRH:0
end_of_record
TN:
SF:src\controllers\healthController.ts
FN:27,(anonymous_1)
FN:54,(anonymous_2)
FN:71,(anonymous_3)
FN:73,(anonymous_4)
FN:75,(anonymous_5)
FN:92,(anonymous_6)
FN:123,(anonymous_7)
FN:155,(anonymous_8)
FN:174,(anonymous_9)
FNF:9
FNH:0
FNDA:0,(anonymous_1)
FNDA:0,(anonymous_2)
FNDA:0,(anonymous_3)
FNDA:0,(anonymous_4)
FNDA:0,(anonymous_5)
FNDA:0,(anonymous_6)
FNDA:0,(anonymous_7)
FNDA:0,(anonymous_8)
FNDA:0,(anonymous_9)
DA:2,0
DA:3,0
DA:4,0
DA:5,0
DA:28,0
DA:30,0
DA:32,0
DA:39,0
DA:41,0
DA:55,0
DA:57,0
DA:71,0
DA:73,0
DA:74,0
DA:75,0
DA:76,0
DA:78,0
DA:81,0
DA:83,0
DA:86,0
DA:97,0
DA:99,0
DA:101,0
DA:103,0
DA:105,0
DA:111,0
DA:113,0
DA:129,0
DA:131,0
DA:133,0
DA:134,0
DA:136,0
DA:143,0
DA:145,0
DA:163,0
DA:165,0
DA:188,0
DA:189,0
DA:190,0
DA:191,0
DA:193,0
DA:210,0
LF:42
LH:0
BRDA:44,0,0,0
BRDA:44,0,1,0
BRDA:73,1,0,0
BRDA:73,1,1,0
BRDA:75,2,0,0
BRDA:75,2,1,0
BRDA:83,3,0,0
BRDA:83,3,1,0
BRDA:84,4,0,0
BRDA:84,4,1,0
BRDA:115,5,0,0
BRDA:115,5,1,0
BRDA:147,6,0,0
BRDA:147,6,1,0
BRF:14
BRH:0
end_of_record
TN:
SF:src\controllers\logController.ts
FN:9,getLogs
FN:25,(anonymous_2)
FN:32,(anonymous_3)
FN:81,getLogStats
FN:84,(anonymous_5)
FN:86,(anonymous_6)
FN:109,clearLogs
FN:122,(anonymous_8)
FN:123,(anonymous_9)
FN:150,logClientError
FNF:10
FNH:0
FNDA:0,getLogs
FNDA:0,(anonymous_2)
FNDA:0,(anonymous_3)
FNDA:0,getLogStats
FNDA:0,(anonymous_5)
FNDA:0,(anonymous_6)
FNDA:0,clearLogs
FNDA:0,(anonymous_8)
FNDA:0,(anonymous_9)
FNDA:0,logClientError
DA:2,0
DA:3,0
DA:4,0
DA:9,0
DA:10,0
DA:11,0
DA:13,0
DA:14,0
DA:16,0
DA:18,0
DA:19,0
DA:20,0
DA:24,0
DA:25,0
DA:28,0
DA:29,0
DA:32,0
DA:33,0
DA:35,0
DA:37,0
DA:38,0
DA:41,0
DA:43,0
DA:44,0
DA:45,0
DA:46,0
DA:47,0
DA:54,0
DA:58,0
DA:61,0
DA:63,0
DA:67,0
DA:73,0
DA:74,0
DA:81,0
DA:82,0
DA:83,0
DA:84,0
DA:86,0
DA:87,0
DA:88,0
DA:89,0
DA:91,0
DA:99,0
DA:101,0
DA:102,0
DA:109,0
DA:110,0
DA:111,0
DA:113,0
DA:114,0
DA:115,0
DA:118,0
DA:120,0
DA:122,0
DA:123,0
DA:124,0
DA:127,0
DA:128,0
DA:131,0
DA:133,0
DA:134,0
DA:135,0
DA:136,0
DA:138,0
DA:142,0
DA:143,0
DA:150,0
DA:151,0
DA:152,0
DA:154,0
DA:163,0
DA:165,0
DA:166,0
LF:74
LH:0
BRDA:11,0,0,0
BRDA:11,1,0,0
BRDA:14,2,0,0
BRDA:14,2,1,0
BRDA:18,3,0,0
BRDA:28,4,0,0
BRDA:28,4,1,0
BRDA:37,5,0,0
BRDA:43,6,0,0
BRDA:113,7,0,0
BRDA:113,8,0,0
BRDA:113,8,1,0
BRDA:120,9,0,0
BRDA:120,9,1,0
BRDA:133,10,0,0
BRDA:133,10,1,0
BRDA:155,11,0,0
BRDA:155,11,1,0
BRF:18
BRH:0
end_of_record
TN:
SF:src\controllers\notificationController.ts
FN:29,(anonymous_1)
FN:75,(anonymous_2)
FN:104,(anonymous_3)
FN:135,(anonymous_4)
FN:165,(anonymous_5)
FN:196,(anonymous_6)
FN:230,(anonymous_7)
FNF:7
FNH:0
FNDA:0,(anonymous_1)
FNDA:0,(anonymous_2)
FNDA:0,(anonymous_3)
FNDA:0,(anonymous_4)
FNDA:0,(anonymous_5)
FNDA:0,(anonymous_6)
FNDA:0,(anonymous_7)
DA:2,0
DA:3,0
DA:30,0
DA:31,0
DA:33,0
DA:37,0
DA:38,0
DA:39,0
DA:41,0
DA:49,0
DA:51,0
DA:58,0
DA:63,0
DA:76,0
DA:77,0
DA:79,0
DA:81,0
DA:87,0
DA:92,0
DA:105,0
DA:106,0
DA:107,0
DA:109,0
DA:111,0
DA:117,0
DA:123,0
DA:136,0
DA:137,0
DA:139,0
DA:141,0
DA:148,0
DA:153,0
DA:166,0
DA:167,0
DA:168,0
DA:170,0
DA:172,0
DA:178,0
DA:184,0
DA:197,0
DA:198,0
DA:200,0
DA:202,0
DA:208,0
DA:213,0
DA:231,0
DA:232,0
DA:233,0
DA:235,0
DA:241,0
DA:248,0
DA:253,0
DA:261,0
LF:53
LH:0
BRDA:33,0,0,0
BRDA:33,0,1,0
BRDA:34,1,0,0
BRDA:34,1,1,0
BRDA:38,2,0,0
BRDA:38,2,1,0
BRDA:39,3,0,0
BRDA:39,3,1,0
BRDA:60,4,0,0
BRDA:60,4,1,0
BRDA:89,5,0,0
BRDA:89,5,1,0
BRDA:120,6,0,0
BRDA:120,6,1,0
BRDA:150,7,0,0
BRDA:150,7,1,0
BRDA:181,8,0,0
BRDA:181,8,1,0
BRDA:210,9,0,0
BRDA:210,9,1,0
BRDA:250,10,0,0
BRDA:250,10,1,0
BRF:22
BRH:0
end_of_record
TN:
SF:src\controllers\shareController.ts
FN:35,(anonymous_1)
FN:110,(anonymous_2)
FN:155,(anonymous_3)
FN:198,(anonymous_4)
FN:240,(anonymous_5)
FN:265,(anonymous_6)
FN:289,(anonymous_7)
FN:314,(anonymous_8)
FN:338,(anonymous_9)
FN:384,(anonymous_10)
FN:440,(anonymous_11)
FN:470,(anonymous_12)
FNF:12
FNH:0
FNDA:0,(anonymous_1)
FNDA:0,(anonymous_2)
FNDA:0,(anonymous_3)
FNDA:0,(anonymous_4)
FNDA:0,(anonymous_5)
FNDA:0,(anonymous_6)
FNDA:0,(anonymous_7)
FNDA:0,(anonymous_8)
FNDA:0,(anonymous_9)
FNDA:0,(anonymous_10)
FNDA:0,(anonymous_11)
FNDA:0,(anonymous_12)
DA:15,0
DA:16,0
DA:17,0
DA:18,0
DA:19,0
DA:21,0
DA:23,0
DA:36,0
DA:37,0
DA:38,0
DA:39,0
DA:42,0
DA:49,0
DA:52,0
DA:53,0
DA:54,0
DA:57,0
DA:58,0
DA:59,0
DA:62,0
DA:63,0
DA:64,0
DA:67,0
DA:68,0
DA:69,0
DA:73,0
DA:74,0
DA:75,0
DA:78,0
DA:88,0
DA:94,0
DA:96,0
DA:100,0
DA:111,0
DA:112,0
DA:113,0
DA:114,0
DA:117,0
DA:118,0
DA:120,0
DA:121,0
DA:122,0
DA:125,0
DA:126,0
DA:127,0
DA:130,0
DA:135,0
DA:141,0
DA:143,0
DA:147,0
DA:156,0
DA:157,0
DA:158,0
DA:159,0
DA:162,0
DA:163,0
DA:164,0
DA:166,0
DA:167,0
DA:168,0
DA:171,0
DA:178,0
DA:184,0
DA:186,0
DA:190,0
DA:199,0
DA:200,0
DA:201,0
DA:202,0
DA:205,0
DA:206,0
DA:207,0
DA:209,0
DA:210,0
DA:211,0
DA:214,0
DA:216,0
DA:222,0
DA:224,0
DA:228,0
DA:241,0
DA:242,0
DA:243,0
DA:244,0
DA:247,0
DA:248,0
DA:251,0
DA:256,0
DA:257,0
DA:266,0
DA:267,0
DA:268,0
DA:269,0
DA:272,0
DA:273,0
DA:276,0
DA:281,0
DA:290,0
DA:291,0
DA:292,0
DA:293,0
DA:296,0
DA:297,0
DA:298,0
DA:301,0
DA:306,0
DA:315,0
DA:316,0
DA:317,0
DA:318,0
DA:321,0
DA:323,0
DA:328,0
DA:330,0
DA:339,0
DA:340,0
DA:341,0
DA:342,0
DA:346,0
DA:347,0
DA:348,0
DA:349,0
DA:350,0
DA:353,0
DA:367,0
DA:368,0
DA:369,0
DA:374,0
DA:375,0
DA:379,0
DA:384,0
DA:388,0
DA:389,0
DA:395,0
DA:396,0
DA:400,0
DA:403,0
DA:423,0
DA:425,0
DA:432,0
DA:441,0
DA:442,0
DA:443,0
DA:444,0
DA:447,0
DA:450,0
DA:454,0
DA:455,0
DA:456,0
DA:459,0
DA:460,0
DA:462,0
DA:471,0
DA:472,0
DA:473,0
DA:474,0
DA:477,0
DA:478,0
DA:480,0
DA:481,0
DA:482,0
DA:486,0
DA:487,0
DA:488,0
DA:492,0
DA:496,0
DA:497,0
DA:498,0
DA:501,0
DA:502,0
DA:503,0
DA:505,0
DA:507,0
LF:173
LH:0
BRDA:37,0,0,0
BRDA:52,1,0,0
BRDA:57,2,0,0
BRDA:62,3,0,0
BRDA:67,4,0,0
BRDA:73,5,0,0
BRDA:112,6,0,0
BRDA:120,7,0,0
BRDA:125,8,0,0
BRDA:157,9,0,0
BRDA:166,10,0,0
BRDA:200,11,0,0
BRDA:209,12,0,0
BRDA:214,13,0,0
BRDA:214,13,1,0
BRDA:242,14,0,0
BRDA:267,15,0,0
BRDA:291,16,0,0
BRDA:316,17,0,0
BRDA:340,18,0,0
BRDA:346,19,0,0
BRDA:346,19,1,0
BRDA:347,20,0,0
BRDA:347,20,1,0
BRDA:353,21,0,0
BRDA:353,21,1,0
BRDA:367,22,0,0
BRDA:375,23,0,0
BRDA:375,23,1,0
BRDA:382,24,0,0
BRDA:382,24,1,0
BRDA:388,25,0,0
BRDA:395,26,0,0
BRDA:442,27,0,0
BRDA:450,28,0,0
BRDA:450,28,1,0
BRDA:454,29,0,0
BRDA:460,30,0,0
BRDA:460,30,1,0
BRDA:472,31,0,0
BRDA:480,32,0,0
BRDA:480,33,0,0
BRDA:480,33,1,0
BRDA:486,34,0,0
BRDA:492,35,0,0
BRDA:492,35,1,0
BRDA:496,36,0,0
BRDA:503,37,0,0
BRDA:503,37,1,0
BRF:49
BRH:0
end_of_record
TN:
SF:src\controllers\signatureController.ts
FN:30,(anonymous_1)
FN:83,(anonymous_2)
FN:138,(anonymous_3)
FN:160,(anonymous_4)
FN:180,(anonymous_5)
FN:200,(anonymous_6)
FN:220,(anonymous_7)
FN:246,(anonymous_8)
FN:270,(anonymous_9)
FNF:9
FNH:0
FNDA:0,(anonymous_1)
FNDA:0,(anonymous_2)
FNDA:0,(anonymous_3)
FNDA:0,(anonymous_4)
FNDA:0,(anonymous_5)
FNDA:0,(anonymous_6)
FNDA:0,(anonymous_7)
FNDA:0,(anonymous_8)
FNDA:0,(anonymous_9)
DA:14,0
DA:15,0
DA:16,0
DA:18,0
DA:31,0
DA:32,0
DA:33,0
DA:34,0
DA:37,0
DA:39,0
DA:42,0
DA:43,0
DA:44,0
DA:49,0
DA:50,0
DA:51,0
DA:54,0
DA:61,0
DA:67,0
DA:69,0
DA:73,0
DA:84,0
DA:85,0
DA:86,0
DA:87,0
DA:90,0
DA:92,0
DA:93,0
DA:94,0
DA:97,0
DA:98,0
DA:99,0
DA:102,0
DA:103,0
DA:104,0
DA:107,0
DA:114,0
DA:120,0
DA:122,0
DA:126,0
DA:139,0
DA:140,0
DA:141,0
DA:142,0
DA:146,0
DA:151,0
DA:152,0
DA:161,0
DA:162,0
DA:163,0
DA:164,0
DA:167,0
DA:169,0
DA:170,0
DA:172,0
DA:181,0
DA:182,0
DA:183,0
DA:184,0
DA:187,0
DA:189,0
DA:190,0
DA:192,0
DA:201,0
DA:202,0
DA:203,0
DA:204,0
DA:207,0
DA:209,0
DA:210,0
DA:212,0
DA:221,0
DA:222,0
DA:223,0
DA:224,0
DA:227,0
DA:229,0
DA:231,0
DA:232,0
DA:233,0
DA:236,0
DA:238,0
DA:247,0
DA:248,0
DA:249,0
DA:250,0
DA:253,0
DA:255,0
DA:256,0
DA:258,0
DA:262,0
DA:271,0
DA:272,0
DA:273,0
DA:274,0
DA:277,0
DA:278,0
DA:280,0
DA:281,0
DA:282,0
DA:286,0
DA:290,0
DA:291,0
DA:292,0
DA:295,0
DA:296,0
DA:298,0
LF:107
LH:0
BRDA:32,0,0,0
BRDA:39,1,0,0
BRDA:39,1,1,0
BRDA:42,2,0,0
BRDA:49,3,0,0
BRDA:56,4,0,0
BRDA:56,4,1,0
BRDA:85,5,0,0
BRDA:92,6,0,0
BRDA:97,7,0,0
BRDA:102,8,0,0
BRDA:140,9,0,0
BRDA:162,10,0,0
BRDA:182,11,0,0
BRDA:202,12,0,0
BRDA:222,13,0,0
BRDA:231,14,0,0
BRDA:248,15,0,0
BRDA:272,16,0,0
BRDA:280,17,0,0
BRDA:290,18,0,0
BRF:21
BRH:0
end_of_record
TN:
SF:src\controllers\statsController.ts
FN:9,(anonymous_0)
FN:28,(anonymous_1)
FN:42,(anonymous_2)
FN:66,(anonymous_3)
FN:100,(anonymous_4)
FNF:5
FNH:0
FNDA:0,(anonymous_0)
FNDA:0,(anonymous_1)
FNDA:0,(anonymous_2)
FNDA:0,(anonymous_3)
FNDA:0,(anonymous_4)
DA:2,0
DA:4,0
DA:10,0
DA:11,0
DA:12,0
DA:13,0
DA:16,0
DA:18,0
DA:20,0
DA:29,0
DA:30,0
DA:32,0
DA:34,0
DA:43,0
DA:44,0
DA:45,0
DA:46,0
DA:49,0
DA:51,0
DA:56,0
DA:58,0
DA:67,0
DA:68,0
DA:70,0
DA:71,0
DA:72,0
DA:75,0
DA:76,0
DA:77,0
DA:80,0
DA:83,0
DA:85,0
DA:90,0
DA:92,0
DA:101,0
DA:102,0
DA:104,0
DA:106,0
DA:108,0
LF:39
LH:0
BRDA:11,0,0,0
BRDA:44,1,0,0
BRDA:70,2,0,0
BRDA:70,3,0,0
BRDA:70,3,1,0
BRDA:76,4,0,0
BRDA:83,5,0,0
BRDA:83,5,1,0
BRF:8
BRH:0
end_of_record
TN:
SF:src\controllers\timelineController.ts
FN:14,(anonymous_1)
FNF:1
FNH:0
FNDA:0,(anonymous_1)
DA:6,0
DA:7,0
DA:9,0
DA:15,0
DA:16,0
DA:17,0
DA:19,0
DA:20,0
DA:21,0
DA:24,0
DA:26,0
DA:28,0
DA:33,0
DA:34,0
DA:35,0
DA:38,0
DA:39,0
DA:40,0
DA:43,0
LF:19
LH:0
BRDA:19,0,0,0
BRDA:30,1,0,0
BRDA:30,1,1,0
BRDA:33,2,0,0
BRDA:33,3,0,0
BRDA:33,3,1,0
BRDA:38,4,0,0
BRDA:38,5,0,0
BRDA:38,5,1,0
BRF:9
BRH:0
end_of_record
TN:
SF:src\controllers\userController.ts
FN:11,(anonymous_0)
FN:35,(anonymous_1)
FN:59,(anonymous_2)
FN:87,(anonymous_3)
FN:108,(anonymous_4)
FN:132,(anonymous_5)
FN:151,(anonymous_6)
FN:163,(anonymous_7)
FN:181,(anonymous_8)
FN:210,(anonymous_9)
FN:226,(anonymous_10)
FN:249,(anonymous_11)
FNF:12
FNH:5
FNDA:0,(anonymous_0)
FNDA:0,(anonymous_1)
FNDA:0,(anonymous_2)
FNDA:0,(anonymous_3)
FNDA:0,(anonymous_4)
FNDA:0,(anonymous_5)
FNDA:0,(anonymous_6)
FNDA:2,(anonymous_7)
FNDA:1,(anonymous_8)
FNDA:1,(anonymous_9)
FNDA:1,(anonymous_10)
FNDA:1,(anonymous_11)
DA:2,1
DA:3,1
DA:4,1
DA:6,1
DA:12,0
DA:13,0
DA:14,0
DA:15,0
DA:18,0
DA:20,0
DA:21,0
DA:22,0
DA:25,0
DA:27,0
DA:36,0
DA:37,0
DA:38,0
DA:39,0
DA:42,0
DA:44,0
DA:49,0
DA:51,0
DA:60,0
DA:61,0
DA:63,0
DA:65,0
DA:66,0
DA:67,0
DA:71,0
DA:79,0
DA:88,0
DA:89,0
DA:91,0
DA:93,0
DA:94,0
DA:95,0
DA:98,0
DA:100,0
DA:109,0
DA:110,0
DA:111,0
DA:113,0
DA:114,0
DA:115,0
DA:118,0
DA:120,0
DA:122,0
DA:124,0
DA:133,0
DA:134,0
DA:136,0
DA:137,0
DA:139,0
DA:141,0
DA:143,0
DA:152,0
DA:153,0
DA:155,0
DA:157,0
DA:159,0
DA:164,2
DA:165,2
DA:166,2
DA:167,0
DA:168,0
DA:171,2
DA:173,2
DA:175,1
DA:177,1
DA:182,1
DA:183,1
DA:184,1
DA:185,0
DA:186,0
DA:189,1
DA:193,1
DA:199,1
DA:206,0
DA:211,1
DA:212,1
DA:213,1
DA:214,0
DA:215,0
DA:218,1
DA:220,1
DA:222,0
DA:227,1
DA:228,1
DA:229,1
DA:230,0
DA:231,0
DA:234,1
DA:238,1
DA:245,0
DA:250,1
DA:251,1
DA:252,1
DA:255,0
DA:256,0
LF:99
LH:30
BRDA:13,0,0,0
BRDA:20,1,0,0
BRDA:37,2,0,0
BRDA:65,3,0,0
BRDA:93,4,0,0
BRDA:111,5,0,0
BRDA:111,5,1,0
BRDA:111,6,0,0
BRDA:111,6,1,0
BRDA:113,7,0,0
BRDA:118,8,0,0
BRDA:118,8,1,0
BRDA:136,9,0,0
BRDA:136,9,1,0
BRDA:137,10,0,0
BRDA:137,10,1,0
BRDA:166,11,0,0
BRDA:184,12,0,0
BRDA:189,13,0,1
BRDA:189,13,1,0
BRDA:213,14,0,0
BRDA:229,15,0,0
BRDA:250,16,0,1
BRF:23
BRH:2
end_of_record
TN:
SF:src\controllers\verificationController.ts
FN:8,verifyByFile
FN:35,verifyByIPFS
FN:64,verifyByBlockchain
FNF:3
FNH:0
FNDA:0,verifyByFile
FNDA:0,verifyByIPFS
FNDA:0,verifyByBlockchain
DA:2,0
DA:8,0
DA:9,0
DA:10,0
DA:11,0
DA:17,0
DA:19,0
DA:24,0
DA:35,0
DA:36,0
DA:37,0
DA:39,0
DA:40,0
DA:46,0
DA:48,0
DA:53,0
DA:64,0
DA:65,0
DA:66,0
DA:68,0
DA:69,0
DA:75,0
DA:77,0
DA:82,0
LF:24
LH:0
BRDA:10,0,0,0
BRDA:26,1,0,0
BRDA:26,1,1,0
BRDA:39,2,0,0
BRDA:39,3,0,0
BRDA:39,3,1,0
BRDA:55,4,0,0
BRDA:55,4,1,0
BRDA:68,5,0,0
BRDA:68,6,0,0
BRDA:68,6,1,0
BRDA:84,7,0,0
BRDA:84,7,1,0
BRF:13
BRH:0
end_of_record
TN:
SF:src\controllers\versionController.ts
FN:30,(anonymous_1)
FN:76,(anonymous_2)
FN:122,(anonymous_3)
FN:165,(anonymous_4)
FN:206,(anonymous_5)
FN:226,(anonymous_6)
FN:253,(anonymous_7)
FN:280,(anonymous_8)
FN:306,(anonymous_9)
FN:332,(anonymous_10)
FN:370,(anonymous_11)
FN:395,(anonymous_12)
FNF:12
FNH:0
FNDA:0,(anonymous_1)
FNDA:0,(anonymous_2)
FNDA:0,(anonymous_3)
FNDA:0,(anonymous_4)
FNDA:0,(anonymous_5)
FNDA:0,(anonymous_6)
FNDA:0,(anonymous_7)
FNDA:0,(anonymous_8)
FNDA:0,(anonymous_9)
FNDA:0,(anonymous_10)
FNDA:0,(anonymous_11)
FNDA:0,(anonymous_12)
DA:15,0
DA:16,0
DA:18,0
DA:31,0
DA:32,0
DA:33,0
DA:34,0
DA:37,0
DA:38,0
DA:39,0
DA:42,0
DA:43,0
DA:46,0
DA:47,0
DA:48,0
DA:52,0
DA:60,0
DA:62,0
DA:66,0
DA:77,0
DA:78,0
DA:79,0
DA:80,0
DA:83,0
DA:84,0
DA:86,0
DA:87,0
DA:88,0
DA:91,0
DA:92,0
DA:93,0
DA:96,0
DA:102,0
DA:108,0
DA:110,0
DA:114,0
DA:123,0
DA:124,0
DA:125,0
DA:126,0
DA:129,0
DA:130,0
DA:132,0
DA:133,0
DA:134,0
DA:138,0
DA:145,0
DA:151,0
DA:153,0
DA:157,0
DA:166,0
DA:167,0
DA:168,0
DA:169,0
DA:172,0
DA:173,0
DA:175,0
DA:176,0
DA:177,0
DA:180,0
DA:182,0
DA:188,0
DA:190,0
DA:194,0
DA:207,0
DA:208,0
DA:209,0
DA:210,0
DA:213,0
DA:214,0
DA:216,0
DA:218,0
DA:227,0
DA:228,0
DA:229,0
DA:230,0
DA:233,0
DA:234,0
DA:235,0
DA:239,0
DA:244,0
DA:245,0
DA:254,0
DA:255,0
DA:256,0
DA:257,0
DA:260,0
DA:261,0
DA:263,0
DA:265,0
DA:266,0
DA:267,0
DA:270,0
DA:272,0
DA:281,0
DA:282,0
DA:283,0
DA:284,0
DA:287,0
DA:288,0
DA:289,0
DA:292,0
DA:297,0
DA:298,0
DA:307,0
DA:308,0
DA:309,0
DA:310,0
DA:313,0
DA:315,0
DA:317,0
DA:318,0
DA:319,0
DA:322,0
DA:324,0
DA:333,0
DA:334,0
DA:335,0
DA:336,0
DA:339,0
DA:341,0
DA:342,0
DA:344,0
DA:345,0
DA:346,0
DA:347,0
DA:348,0
DA:350,0
DA:351,0
DA:354,0
DA:356,0
DA:358,0
DA:359,0
DA:371,0
DA:372,0
DA:373,0
DA:374,0
DA:377,0
DA:379,0
DA:381,0
DA:383,0
DA:384,0
DA:396,0
DA:397,0
DA:398,0
DA:399,0
DA:402,0
DA:404,0
DA:406,0
DA:408,0
DA:409,0
LF:151
LH:0
BRDA:32,0,0,0
BRDA:37,1,0,0
BRDA:46,2,0,0
BRDA:78,3,0,0
BRDA:86,4,0,0
BRDA:91,5,0,0
BRDA:99,6,0,0
BRDA:99,6,1,0
BRDA:99,7,0,0
BRDA:99,7,1,0
BRDA:124,8,0,0
BRDA:132,9,0,0
BRDA:132,10,0,0
BRDA:132,10,1,0
BRDA:167,11,0,0
BRDA:175,12,0,0
BRDA:208,13,0,0
BRDA:228,14,0,0
BRDA:233,15,0,0
BRDA:255,16,0,0
BRDA:265,17,0,0
BRDA:282,18,0,0
BRDA:308,19,0,0
BRDA:317,20,0,0
BRDA:334,21,0,0
BRDA:345,22,0,0
BRDA:347,23,0,0
BRDA:350,24,0,0
BRDA:354,25,0,0
BRDA:354,25,1,0
BRDA:372,26,0,0
BRDA:397,27,0,0
BRF:32
BRH:0
end_of_record
TN:
SF:src\controllers\walletController.ts
FN:11,(anonymous_1)
FN:31,(anonymous_2)
FN:92,(anonymous_3)
FN:113,(anonymous_4)
FN:135,(anonymous_5)
FN:167,(anonymous_6)
FN:188,(anonymous_7)
FNF:7
FNH:0
FNDA:0,(anonymous_1)
FNDA:0,(anonymous_2)
FNDA:0,(anonymous_3)
FNDA:0,(anonymous_4)
FNDA:0,(anonymous_5)
FNDA:0,(anonymous_6)
FNDA:0,(anonymous_7)
DA:2,0
DA:3,0
DA:4,0
DA:6,0
DA:12,0
DA:13,0
DA:14,0
DA:15,0
DA:18,0
DA:20,0
DA:22,0
DA:32,0
DA:33,0
DA:34,0
DA:35,0
DA:38,0
DA:40,0
DA:42,0
DA:43,0
DA:44,0
DA:48,0
DA:49,0
DA:51,0
DA:52,0
DA:53,0
DA:57,0
DA:64,0
DA:67,0
DA:68,0
DA:69,0
DA:70,0
DA:71,0
DA:73,0
DA:78,0
DA:81,0
DA:83,0
DA:84,0
DA:93,0
DA:94,0
DA:95,0
DA:96,0
DA:99,0
DA:101,0
DA:103,0
DA:105,0
DA:114,0
DA:115,0
DA:116,0
DA:117,0
DA:120,0
DA:122,0
DA:124,0
DA:126,0
DA:136,0
DA:137,0
DA:138,0
DA:139,0
DA:142,0
DA:143,0
DA:145,0
DA:146,0
DA:147,0
DA:150,0
DA:156,0
DA:158,0
DA:168,0
DA:169,0
DA:171,0
DA:172,0
DA:173,0
DA:176,0
DA:178,0
DA:180,0
DA:189,0
DA:190,0
DA:191,0
DA:192,0
DA:195,0
DA:197,0
DA:198,0
DA:199,0
DA:202,0
DA:204,0
LF:83
LH:0
BRDA:13,0,0,0
BRDA:33,1,0,0
BRDA:42,2,0,0
BRDA:48,3,0,0
BRDA:48,4,0,0
BRDA:48,4,1,0
BRDA:51,5,0,0
BRDA:69,6,0,0
BRDA:70,7,0,0
BRDA:70,7,1,0
BRDA:94,8,0,0
BRDA:115,9,0,0
BRDA:137,10,0,0
BRDA:145,11,0,0
BRDA:171,12,0,0
BRDA:190,13,0,0
BRDA:197,14,0,0
BRF:17
BRH:0
end_of_record
TN:
SF:src\lib\encryption.ts
FN:32,generateSymmetricKey
FN:42,encryptFile
FN:85,decryptFile
FN:116,encryptSymmetricKey
FN:138,decryptSymmetricKey
FN:160,validateFileSize
FN:173,validateMimeType
FN:183,(anonymous_8)
FN:202,calculateHash
FNF:9
FNH:9
FNDA:13,generateSymmetricKey
FNDA:13,encryptFile
FNDA:11,decryptFile
FNDA:17,encryptSymmetricKey
FNDA:15,decryptSymmetricKey
FNDA:5,validateFileSize
FNDA:3,validateMimeType
FNDA:4,(anonymous_8)
FNDA:4,calculateHash
DA:7,4
DA:9,4
DA:10,4
DA:11,4
DA:12,4
DA:32,4
DA:33,13
DA:42,4
DA:47,13
DA:48,13
DA:51,13
DA:54,13
DA:57,13
DA:58,13
DA:59,13
DA:60,13
DA:63,13
DA:66,13
DA:71,13
DA:85,4
DA:91,11
DA:94,11
DA:95,11
DA:96,11
DA:99,11
DA:100,11
DA:103,11
DA:104,11
DA:105,11
DA:107,10
DA:116,4
DA:120,17
DA:129,17
DA:138,4
DA:142,15
DA:151,14
DA:160,4
DA:161,5
DA:162,5
DA:163,2
DA:173,4
DA:178,3
DA:179,0
DA:183,3
DA:185,4
DA:186,0
DA:187,0
DA:189,4
DA:192,3
DA:193,1
DA:202,4
DA:203,4
LF:52
LH:49
BRDA:47,0,0,13
BRDA:47,0,1,13
BRDA:160,1,0,0
BRDA:162,2,0,2
BRDA:175,3,0,0
BRDA:178,4,0,0
BRDA:178,5,0,3
BRDA:178,5,1,3
BRDA:185,6,0,0
BRDA:192,7,0,1
BRF:10
BRH:6
end_of_record
TN:
SF:src\lib\blockchain\queries.ts
FN:45,(anonymous_1)
FN:83,(anonymous_2)
FN:131,(anonymous_3)
FN:172,(anonymous_4)
FN:175,(anonymous_5)
FN:193,(anonymous_6)
FN:206,(anonymous_7)
FN:232,(anonymous_8)
FN:240,(anonymous_9)
FN:273,(anonymous_10)
FN:285,(anonymous_11)
FN:304,(anonymous_12)
FN:329,(anonymous_13)
FN:346,(anonymous_14)
FN:363,(anonymous_15)
FN:381,(anonymous_16)
FN:398,(anonymous_17)
FN:416,(anonymous_18)
FN:420,(anonymous_19)
FNF:19
FNH:19
FNDA:3,(anonymous_1)
FNDA:6,(anonymous_2)
FNDA:12,(anonymous_3)
FNDA:2,(anonymous_4)
FNDA:4,(anonymous_5)
FNDA:6,(anonymous_6)
FNDA:4,(anonymous_7)
FNDA:3,(anonymous_8)
FNDA:2,(anonymous_9)
FNDA:3,(anonymous_10)
FNDA:1,(anonymous_11)
FNDA:5,(anonymous_12)
FNDA:3,(anonymous_13)
FNDA:3,(anonymous_14)
FNDA:3,(anonymous_15)
FNDA:3,(anonymous_16)
FNDA:3,(anonymous_17)
FNDA:3,(anonymous_18)
FNDA:3,(anonymous_19)
DA:6,1
DA:7,1
DA:8,1
DA:9,1
DA:41,1
DA:46,3
DA:47,3
DA:48,3
DA:51,2
DA:52,1
DA:55,1
DA:65,2
DA:66,1
DA:68,1
DA:72,1
DA:84,6
DA:85,6
DA:88,6
DA:90,6
DA:91,1
DA:94,5
DA:95,5
DA:98,5
DA:99,9
DA:100,9
DA:101,7
DA:103,2
DA:111,5
DA:113,1
DA:114,1
DA:116,0
DA:120,0
DA:132,12
DA:133,12
DA:136,12
DA:139,10
DA:140,2
DA:143,8
DA:153,4
DA:154,2
DA:156,2
DA:161,2
DA:173,2
DA:174,2
DA:175,4
DA:176,2
DA:178,0
DA:182,0
DA:197,6
DA:198,6
DA:201,6
DA:206,5
DA:216,1
DA:221,1
DA:237,3
DA:238,3
DA:239,3
DA:240,2
DA:243,3
DA:244,1
DA:250,2
DA:252,1
DA:253,1
DA:255,0
DA:261,0
DA:278,3
DA:279,3
DA:280,3
DA:284,2
DA:285,1
DA:288,1
DA:294,1
DA:305,5
DA:306,5
DA:308,5
DA:309,4
DA:310,4
DA:311,1
DA:312,1
DA:313,1
DA:314,1
DA:317,1
DA:322,1
DA:330,3
DA:331,3
DA:332,3
DA:334,1
DA:339,1
DA:347,3
DA:348,3
DA:349,3
DA:351,1
DA:356,1
DA:364,3
DA:365,3
DA:367,3
DA:369,1
DA:374,1
DA:382,3
DA:383,3
DA:384,3
DA:386,1
DA:391,1
DA:399,3
DA:400,3
DA:402,3
DA:404,1
DA:409,1
DA:417,3
DA:418,3
DA:419,3
DA:420,3
DA:422,1
DA:426,1
LF:114
LH:108
BRDA:51,0,0,1
BRDA:65,1,0,1
BRDA:70,2,0,1
BRDA:70,2,1,0
BRDA:73,3,0,1
BRDA:73,3,1,0
BRDA:90,4,0,1
BRDA:106,5,0,2
BRDA:106,5,1,0
BRDA:113,6,0,1
BRDA:118,7,0,0
BRDA:118,7,1,0
BRDA:121,8,0,0
BRDA:121,8,1,0
BRDA:139,9,0,2
BRDA:139,10,0,10
BRDA:139,10,1,9
BRDA:153,11,0,2
BRDA:159,12,0,2
BRDA:159,12,1,0
BRDA:162,13,0,2
BRDA:162,13,1,0
BRDA:176,14,0,2
BRDA:176,14,1,1
BRDA:180,15,0,0
BRDA:180,15,1,0
BRDA:183,16,0,0
BRDA:183,16,1,0
BRDA:219,17,0,1
BRDA:219,17,1,0
BRDA:222,18,0,1
BRDA:222,18,1,0
BRDA:243,19,0,1
BRDA:252,20,0,1
BRDA:259,21,0,0
BRDA:259,21,1,0
BRDA:262,22,0,0
BRDA:262,22,1,0
BRDA:292,23,0,1
BRDA:292,23,1,0
BRDA:310,24,0,1
BRDA:310,24,1,1
BRDA:310,24,2,1
BRDA:310,24,3,1
BRDA:320,25,0,1
BRDA:320,25,1,0
BRDA:337,26,0,1
BRDA:337,26,1,0
BRDA:354,27,0,1
BRDA:354,27,1,0
BRDA:372,28,0,1
BRDA:372,28,1,0
BRDA:389,29,0,1
BRDA:389,29,1,0
BRDA:407,30,0,1
BRDA:407,30,1,0
BRDA:424,31,0,1
BRDA:424,31,1,0
BRF:58
BRH:31
end_of_record
TN:
SF:src\lib\crypto\FileCrypto.ts
FN:13,(anonymous_1)
FN:23,(anonymous_2)
FN:48,(anonymous_3)
FN:84,(anonymous_4)
FN:121,(anonymous_5)
FN:148,(anonymous_6)
FN:177,(anonymous_7)
FN:199,(anonymous_8)
FN:209,(anonymous_9)
FN:222,(anonymous_10)
FNF:10
FNH:0
FNDA:0,(anonymous_1)
FNDA:0,(anonymous_2)
FNDA:0,(anonymous_3)
FNDA:0,(anonymous_4)
FNDA:0,(anonymous_5)
FNDA:0,(anonymous_6)
FNDA:0,(anonymous_7)
FNDA:0,(anonymous_8)
FNDA:0,(anonymous_9)
FNDA:0,(anonymous_10)
DA:1,0
DA:2,0
DA:8,0
DA:14,0
DA:24,0
DA:25,0
DA:28,0
DA:29,0
DA:31,0
DA:36,0
DA:39,0
DA:49,0
DA:50,0
DA:53,0
DA:54,0
DA:55,0
DA:58,0
DA:60,0
DA:61,0
DA:62,0
DA:64,0
DA:65,0
DA:67,0
DA:68,0
DA:73,0
DA:94,0
DA:97,0
DA:100,0
DA:106,0
DA:128,0
DA:135,0
DA:155,0
DA:162,0
DA:184,0
DA:191,0
DA:200,0
DA:210,0
DA:211,0
DA:223,0
DA:224,0
LF:40
LH:0
BRDA:24,0,0,0
BRDA:49,1,0,0
BRDA:54,2,0,0
BRF:3
BRH:0
end_of_record
TN:
SF:src\lib\crypto\KeyManager.ts
FN:13,(anonymous_1)
FN:35,(anonymous_2)
FN:60,(anonymous_3)
FN:94,(anonymous_4)
FN:114,(anonymous_5)
FN:147,(anonymous_6)
FN:188,(anonymous_7)
FN:202,(anonymous_8)
FN:215,(anonymous_9)
FN:224,(anonymous_10)
FN:235,(anonymous_11)
FN:259,(anonymous_12)
FNF:12
FNH:2
FNDA:0,(anonymous_1)
FNDA:4,(anonymous_2)
FNDA:2,(anonymous_3)
FNDA:0,(anonymous_4)
FNDA:0,(anonymous_5)
FNDA:0,(anonymous_6)
FNDA:0,(anonymous_7)
FNDA:0,(anonymous_8)
FNDA:0,(anonymous_9)
FNDA:0,(anonymous_10)
FNDA:0,(anonymous_11)
FNDA:0,(anonymous_12)
DA:1,1
DA:8,1
DA:14,0
DA:26,0
DA:37,4
DA:38,4
DA:41,4
DA:42,4
DA:44,4
DA:45,4
DA:47,4
DA:50,4
DA:61,2
DA:62,2
DA:63,0
DA:66,2
DA:68,2
DA:69,2
DA:70,2
DA:73,2
DA:76,2
DA:77,2
DA:79,2
DA:80,2
DA:81,2
DA:82,1
DA:84,1
DA:95,0
DA:96,0
DA:98,0
DA:99,0
DA:101,0
DA:103,0
DA:120,0
DA:123,0
DA:126,0
DA:127,0
DA:129,0
DA:134,0
DA:137,0
DA:152,0
DA:153,0
DA:154,0
DA:157,0
DA:159,0
DA:160,0
DA:161,0
DA:164,0
DA:167,0
DA:170,0
DA:171,0
DA:173,0
DA:174,0
DA:179,0
DA:189,0
DA:190,0
DA:191,0
DA:193,0
DA:203,0
DA:204,0
DA:205,0
DA:207,0
DA:216,0
DA:225,0
DA:237,0
DA:240,0
DA:241,0
DA:243,0
DA:244,0
DA:246,0
DA:249,0
DA:260,0
DA:261,0
DA:262,0
DA:265,0
DA:267,0
DA:268,0
DA:271,0
DA:274,0
DA:275,0
DA:277,0
DA:278,0
DA:279,0
DA:280,0
DA:282,0
LF:85
LH:24
BRDA:62,0,0,0
BRDA:153,1,0,0
BRDA:191,2,0,0
BRDA:191,2,1,0
BRDA:205,3,0,0
BRDA:205,3,1,0
BRDA:261,4,0,0
BRF:7
BRH:0
end_of_record
TN:
SF:src\middleware\auth.ts
FN:20,authenticate
FN:78,authenticateEvenIfSuspended
FN:104,resolveSuspensionStatus
FN:159,requireAdmin
FN:181,optionalAuthenticate
FN:213,requireBlockchainRead
FN:264,requireBlockchainWrite
FN:314,requireBlockchainOwner
FN:364,requireBlockchainSign
FNF:9
FNH:0
FNDA:0,authenticate
FNDA:0,authenticateEvenIfSuspended
FNDA:0,resolveSuspensionStatus
FNDA:0,requireAdmin
FNDA:0,optionalAuthenticate
FNDA:0,requireBlockchainRead
FNDA:0,requireBlockchainWrite
FNDA:0,requireBlockchainOwner
FNDA:0,requireBlockchainSign
DA:2,0
DA:3,0
DA:4,0
DA:5,0
DA:6,0
DA:20,0
DA:25,0
DA:27,0
DA:29,0
DA:30,0
DA:31,0
DA:34,0
DA:37,0
DA:40,0
DA:49,0
DA:50,0
DA:51,0
DA:54,0
DA:56,0
DA:57,0
DA:62,0
DA:66,0
DA:68,0
DA:70,0
DA:78,0
DA:83,0
DA:84,0
DA:85,0
DA:86,0
DA:87,0
DA:89,0
DA:90,0
DA:91,0
DA:92,0
DA:93,0
DA:94,0
DA:97,0
DA:98,0
DA:100,0
DA:110,0
DA:111,0
DA:121,0
DA:122,0
DA:125,0
DA:126,0
DA:127,0
DA:130,0
DA:138,0
DA:145,0
DA:147,0
DA:152,0
DA:159,0
DA:164,0
DA:165,0
DA:166,0
DA:169,0
DA:170,0
DA:171,0
DA:174,0
DA:181,0
DA:186,0
DA:187,0
DA:189,0
DA:190,0
DA:191,0
DA:193,0
DA:197,0
DA:198,0
DA:202,0
DA:205,0
DA:213,0
DA:218,0
DA:219,0
DA:220,0
DA:221,0
DA:224,0
DA:225,0
DA:226,0
DA:227,0
DA:231,0
DA:235,0
DA:236,0
DA:237,0
DA:240,0
DA:242,0
DA:243,0
DA:248,0
DA:249,0
DA:252,0
DA:254,0
DA:257,0
DA:264,0
DA:269,0
DA:270,0
DA:271,0
DA:272,0
DA:275,0
DA:276,0
DA:277,0
DA:278,0
DA:281,0
DA:285,0
DA:286,0
DA:287,0
DA:290,0
DA:292,0
DA:293,0
DA:298,0
DA:299,0
DA:302,0
DA:304,0
DA:307,0
DA:314,0
DA:319,0
DA:320,0
DA:321,0
DA:322,0
DA:325,0
DA:326,0
DA:327,0
DA:328,0
DA:331,0
DA:335,0
DA:336,0
DA:337,0
DA:340,0
DA:342,0
DA:343,0
DA:348,0
DA:349,0
DA:352,0
DA:354,0
DA:357,0
DA:364,0
DA:369,0
DA:370,0
DA:371,0
DA:372,0
DA:375,0
DA:376,0
DA:377,0
DA:378,0
DA:381,0
DA:385,0
DA:386,0
DA:387,0
DA:390,0
DA:392,0
DA:393,0
DA:398,0
DA:399,0
DA:402,0
DA:404,0
DA:407,0
LF:154
LH:0
BRDA:29,0,0,0
BRDA:29,1,0,0
BRDA:29,1,1,0
BRDA:49,2,0,0
BRDA:49,3,0,0
BRDA:49,3,1,0
BRDA:56,4,0,0
BRDA:60,5,0,0
BRDA:60,5,1,0
BRDA:85,6,0,0
BRDA:85,7,0,0
BRDA:85,7,1,0
BRDA:92,8,0,0
BRDA:92,9,0,0
BRDA:92,9,1,0
BRDA:121,10,0,0
BRDA:126,11,0,0
BRDA:126,12,0,0
BRDA:126,12,1,0
BRDA:149,13,0,0
BRDA:149,13,1,0
BRDA:164,14,0,0
BRDA:169,15,0,0
BRDA:189,16,0,0
BRDA:189,17,0,0
BRDA:189,17,1,0
BRDA:197,18,0,0
BRDA:197,19,0,0
BRDA:197,19,1,0
BRDA:219,20,0,0
BRDA:224,21,0,0
BRDA:224,21,1,0
BRDA:224,21,2,0
BRDA:225,22,0,0
BRDA:235,23,0,0
BRDA:242,24,0,0
BRDA:255,25,0,0
BRDA:255,25,1,0
BRDA:270,26,0,0
BRDA:275,27,0,0
BRDA:275,27,1,0
BRDA:275,27,2,0
BRDA:276,28,0,0
BRDA:285,29,0,0
BRDA:292,30,0,0
BRDA:305,31,0,0
BRDA:305,31,1,0
BRDA:320,32,0,0
BRDA:325,33,0,0
BRDA:325,33,1,0
BRDA:325,33,2,0
BRDA:326,34,0,0
BRDA:335,35,0,0
BRDA:342,36,0,0
BRDA:355,37,0,0
BRDA:355,37,1,0
BRDA:370,38,0,0
BRDA:375,39,0,0
BRDA:375,39,1,0
BRDA:375,39,2,0
BRDA:376,40,0,0
BRDA:385,41,0,0
BRDA:392,42,0,0
BRDA:405,43,0,0
BRDA:405,43,1,0
BRF:65
BRH:0
end_of_record
TN:
SF:src\middleware\checkSystemPaused.ts
FN:19,checkSystemPaused
FN:79,checkSystemPausedStrict
FNF:2
FNH:0
FNDA:0,checkSystemPaused
FNDA:0,checkSystemPausedStrict
DA:2,0
DA:3,0
DA:19,0
DA:24,0
DA:26,0
DA:27,0
DA:31,0
DA:32,0
DA:36,0
DA:37,0
DA:41,0
DA:43,0
DA:44,0
DA:46,0
DA:54,0
DA:58,0
DA:61,0
DA:65,0
DA:66,0
DA:79,0
DA:84,0
DA:86,0
DA:89,0
DA:93,0
DA:95,0
DA:96,0
DA:98,0
DA:109,0
DA:112,0
DA:115,0
DA:118,0
LF:31
LH:0
BRDA:26,0,0,0
BRDA:31,1,0,0
BRDA:36,2,0,0
BRDA:43,3,0,0
BRDA:86,4,0,0
BRDA:86,5,0,0
BRDA:86,5,1,0
BRDA:86,5,2,0
BRDA:95,6,0,0
BRDA:95,7,0,0
BRDA:95,7,1,0
BRF:11
BRH:0
end_of_record
TN:
SF:src\middleware\errorHandler.ts
FN:17,errorHandler
FN:148,notFoundHandler
FN:164,asyncHandler
FN:167,(anonymous_4)
FNF:4
FNH:0
FNDA:0,errorHandler
FNDA:0,notFoundHandler
FNDA:0,asyncHandler
FNDA:0,(anonymous_4)
DA:2,0
DA:3,0
DA:17,0
DA:24,0
DA:34,0
DA:35,0
DA:36,0
DA:39,0
DA:40,0
DA:41,0
DA:44,0
DA:45,0
DA:49,0
DA:52,0
DA:53,0
DA:58,0
DA:61,0
DA:62,0
DA:66,0
DA:69,0
DA:70,0
DA:74,0
DA:77,0
DA:78,0
DA:83,0
DA:87,0
DA:88,0
DA:92,0
DA:96,0
DA:97,0
DA:101,0
DA:105,0
DA:106,0
DA:110,0
DA:114,0
DA:115,0
DA:116,0
DA:120,0
DA:121,0
DA:122,0
DA:125,0
DA:126,0
DA:127,0
DA:131,0
DA:132,0
DA:136,0
DA:140,0
DA:148,0
DA:153,0
DA:164,0
DA:167,0
DA:168,0
LF:52
LH:0
BRDA:34,0,0,0
BRDA:39,1,0,0
BRDA:44,2,0,0
BRDA:52,3,0,0
BRDA:61,4,0,0
BRDA:69,5,0,0
BRDA:77,6,0,0
BRDA:87,7,0,0
BRDA:96,8,0,0
BRDA:105,9,0,0
BRDA:114,10,0,0
BRDA:120,11,0,0
BRDA:125,12,0,0
BRDA:131,13,0,0
BRDA:140,14,0,0
BRDA:140,14,1,0
BRDA:141,15,0,0
BRDA:141,15,1,0
BRF:18
BRH:0
end_of_record
TN:
SF:src\middleware\isAdmin.ts
FN:7,isAdmin
FNF:1
FNH:0
FNDA:0,isAdmin
DA:2,0
DA:7,0
DA:12,0
DA:13,0
DA:15,0
DA:16,0
DA:17,0
DA:20,0
DA:25,0
DA:26,0
DA:27,0
DA:30,0
DA:32,0
LF:13
LH:0
BRDA:15,0,0,0
BRDA:25,1,0,0
BRDA:25,2,0,0
BRDA:25,2,1,0
BRF:4
BRH:0
end_of_record
TN:
SF:src\middleware\pagination.ts
FN:7,paginationMiddleware
FNF:1
FNH:0
FNDA:0,paginationMiddleware
DA:7,0
DA:8,0
DA:9,0
DA:11,0
DA:17,0
LF:5
LH:0
BRDA:8,0,0,0
BRDA:8,0,1,0
BRDA:9,1,0,0
BRDA:9,1,1,0
BRF:4
BRH:0
end_of_record
TN:
SF:src\middleware\rateLimiter.ts
FN:17,(anonymous_1)
FN:35,(anonymous_2)
FN:50,(anonymous_3)
FN:59,(anonymous_4)
FN:123,(anonymous_5)
FN:127,(anonymous_6)
FN:142,(anonymous_7)
FN:145,(anonymous_8)
FNF:8
FNH:0
FNDA:0,(anonymous_1)
FNDA:0,(anonymous_2)
FNDA:0,(anonymous_3)
FNDA:0,(anonymous_4)
FNDA:0,(anonymous_5)
FNDA:0,(anonymous_6)
FNDA:0,(anonymous_7)
FNDA:0,(anonymous_8)
DA:1,0
DA:8,0
DA:19,0
DA:27,0
DA:35,0
DA:42,0
DA:52,0
DA:53,0
DA:57,0
DA:60,0
DA:61,0
DA:62,0
DA:65,0
DA:73,0
DA:87,0
DA:100,0
DA:115,0
DA:125,0
DA:127,0
DA:134,0
DA:143,0
DA:145,0
LF:22
LH:0
BRDA:19,0,0,0
BRDA:19,0,1,0
BRDA:35,1,0,0
BRDA:35,1,1,0
BRDA:35,1,2,0
BRDA:52,2,0,0
BRDA:61,3,0,0
BRDA:65,4,0,0
BRDA:65,4,1,0
BRDA:127,5,0,0
BRDA:127,5,1,0
BRDA:127,5,2,0
BRDA:145,6,0,0
BRDA:145,6,1,0
BRDA:145,6,2,0
BRF:15
BRH:0
end_of_record
TN:
SF:src\middleware\upload.ts
FN:8,(anonymous_1)
FN:19,(anonymous_2)
FNF:2
FNH:0
FNDA:0,(anonymous_1)
FNDA:0,(anonymous_2)
DA:1,0
DA:2,0
DA:5,0
DA:8,0
DA:9,0
DA:11,0
DA:12,0
DA:15,0
DA:19,0
DA:21,0
DA:25,0
DA:34,0
DA:43,0
DA:46,0
DA:49,0
LF:15
LH:0
BRDA:11,0,0,0
BRF:1
BRH:0
end_of_record
TN:
SF:src\middleware\validator.ts
FN:7,validateBody
FN:8,(anonymous_1)
FN:14,(anonymous_2)
FN:35,validateParams
FN:36,(anonymous_4)
FN:44,(anonymous_5)
FN:59,validateQuery
FN:60,(anonymous_7)
FN:64,(anonymous_8)
FN:74,(anonymous_9)
FN:97,(anonymous_10)
FN:98,(anonymous_11)
FN:122,(anonymous_12)
FN:123,(anonymous_13)
FN:138,(anonymous_14)
FN:139,(anonymous_15)
FN:156,(anonymous_16)
FN:157,(anonymous_17)
FN:172,(anonymous_18)
FN:173,(anonymous_19)
FN:189,(anonymous_20)
FN:190,(anonymous_21)
FN:207,(anonymous_22)
FN:208,(anonymous_23)
FN:222,(anonymous_24)
FN:227,(anonymous_25)
FNF:26
FNH:0
FNDA:0,validateBody
FNDA:0,(anonymous_1)
FNDA:0,(anonymous_2)
FNDA:0,validateParams
FNDA:0,(anonymous_4)
FNDA:0,(anonymous_5)
FNDA:0,validateQuery
FNDA:0,(anonymous_7)
FNDA:0,(anonymous_8)
FNDA:0,(anonymous_9)
FNDA:0,(anonymous_10)
FNDA:0,(anonymous_11)
FNDA:0,(anonymous_12)
FNDA:0,(anonymous_13)
FNDA:0,(anonymous_14)
FNDA:0,(anonymous_15)
FNDA:0,(anonymous_16)
FNDA:0,(anonymous_17)
FNDA:0,(anonymous_18)
FNDA:0,(anonymous_19)
FNDA:0,(anonymous_20)
FNDA:0,(anonymous_21)
FNDA:0,(anonymous_22)
FNDA:0,(anonymous_23)
FNDA:0,(anonymous_24)
FNDA:0,(anonymous_25)
DA:2,0
DA:7,0
DA:8,0
DA:9,0
DA:10,0
DA:11,0
DA:13,0
DA:14,0
DA:19,0
DA:21,0
DA:26,0
DA:35,0
DA:36,0
DA:37,0
DA:38,0
DA:39,0
DA:41,0
DA:42,0
DA:44,0
DA:50,0
DA:59,0
DA:60,0
DA:61,0
DA:62,0
DA:64,0
DA:65,0
DA:68,0
DA:69,0
DA:71,0
DA:72,0
DA:74,0
DA:80,0
DA:93,0
DA:98,0
DA:99,0
DA:101,0
DA:102,0
DA:103,0
DA:107,0
DA:108,0
DA:112,0
DA:115,0
DA:123,0
DA:124,0
DA:126,0
DA:127,0
DA:128,0
DA:131,0
DA:139,0
DA:140,0
DA:142,0
DA:143,0
DA:146,0
DA:149,0
DA:157,0
DA:158,0
DA:160,0
DA:161,0
DA:162,0
DA:165,0
DA:173,0
DA:174,0
DA:175,0
DA:177,0
DA:178,0
DA:179,0
DA:182,0
DA:190,0
DA:191,0
DA:193,0
DA:194,0
DA:197,0
DA:200,0
DA:208,0
DA:209,0
DA:210,0
DA:211,0
DA:215,0
DA:227,0
DA:228,0
DA:230,0
DA:231,0
DA:232,0
DA:235,0
DA:236,0
DA:237,0
DA:240,0
DA:243,0
DA:244,0
DA:247,0
DA:251,0
LF:91
LH:0
BRDA:13,0,0,0
BRDA:13,0,1,0
BRDA:41,1,0,0
BRDA:41,1,1,0
BRDA:71,2,0,0
BRDA:71,2,1,0
BRDA:102,3,0,0
BRDA:107,4,0,0
BRDA:122,5,0,0
BRDA:126,6,0,0
BRDA:126,7,0,0
BRDA:126,7,1,0
BRDA:142,8,0,0
BRDA:142,9,0,0
BRDA:142,9,1,0
BRDA:156,10,0,0
BRDA:160,11,0,0
BRDA:160,12,0,0
BRDA:160,12,1,0
BRDA:172,13,0,0
BRDA:177,14,0,0
BRDA:177,15,0,0
BRDA:177,15,1,0
BRDA:193,16,0,0
BRDA:193,17,0,0
BRDA:193,17,1,0
BRDA:210,18,0,0
BRDA:210,19,0,0
BRDA:210,19,1,0
BRDA:222,20,0,0
BRDA:230,21,0,0
BRDA:230,22,0,0
BRDA:230,22,1,0
BRDA:235,23,0,0
BRDA:236,24,0,0
BRDA:236,25,0,0
BRDA:236,25,1,0
BRDA:243,26,0,0
BRDA:243,27,0,0
BRDA:243,27,1,0
BRF:40
BRH:0
end_of_record
TN:
SF:src\routes\admin.ts
FNF:0
FNH:0
DA:1,0
DA:2,0
DA:3,0
DA:4,0
DA:6,0
DA:9,0
DA:10,0
DA:13,0
DA:14,0
DA:15,0
DA:16,0
DA:19,0
DA:22,0
DA:23,0
DA:24,0
DA:27,0
DA:29,0
LF:17
LH:0
BRF:0
BRH:0
end_of_record
TN:
SF:src\routes\audit.ts
FN:21,isNotFoundError
FN:37,(anonymous_11)
FN:76,(anonymous_12)
FN:119,(anonymous_13)
FN:168,(anonymous_14)
FN:210,(anonymous_15)
FN:236,(anonymous_16)
FN:239,(anonymous_17)
FN:284,(anonymous_18)
FN:312,(anonymous_19)
FNF:10
FNH:0
FNDA:0,isNotFoundError
FNDA:0,(anonymous_11)
FNDA:0,(anonymous_12)
FNDA:0,(anonymous_13)
FNDA:0,(anonymous_14)
FNDA:0,(anonymous_15)
FNDA:0,(anonymous_16)
FNDA:0,(anonymous_17)
FNDA:0,(anonymous_18)
FNDA:0,(anonymous_19)
DA:1,0
DA:2,0
DA:3,0
DA:19,0
DA:22,0
DA:23,0
DA:26,0
DA:37,0
DA:38,0
DA:39,0
DA:42,0
DA:43,0
DA:48,0
DA:50,0
DA:52,0
DA:60,0
DA:61,0
DA:76,0
DA:77,0
DA:78,0
DA:80,0
DA:81,0
DA:86,0
DA:88,0
DA:90,0
DA:96,0
DA:98,0
DA:99,0
DA:104,0
DA:119,0
DA:120,0
DA:121,0
DA:123,0
DA:124,0
DA:129,0
DA:130,0
DA:135,0
DA:137,0
DA:139,0
DA:145,0
DA:147,0
DA:148,0
DA:153,0
DA:168,0
DA:169,0
DA:170,0
DA:172,0
DA:173,0
DA:178,0
DA:180,0
DA:182,0
DA:188,0
DA:190,0
DA:191,0
DA:196,0
DA:210,0
DA:211,0
DA:212,0
DA:214,0
DA:216,0
DA:222,0
DA:223,0
DA:236,0
DA:237,0
DA:239,0
DA:240,0
DA:242,0
DA:254,0
DA:255,0
DA:284,0
DA:285,0
DA:298,0
DA:300,0
DA:309,0
DA:311,0
DA:312,0
DA:315,0
DA:316,0
DA:319,0
DA:320,0
DA:323,0
DA:324,0
DA:327,0
DA:328,0
DA:331,0
DA:332,0
DA:335,0
DA:336,0
DA:339,0
DA:340,0
DA:343,0
DA:344,0
DA:347,0
DA:348,0
DA:351,0
DA:352,0
DA:355,0
DA:357,0
DA:364,0
DA:365,0
DA:371,0
LF:101
LH:0
BRDA:22,0,0,0
BRDA:26,1,0,0
BRDA:26,1,1,0
BRDA:42,2,0,0
BRDA:42,3,0,0
BRDA:42,3,1,0
BRDA:42,3,2,0
BRDA:62,4,0,0
BRDA:62,4,1,0
BRDA:80,5,0,0
BRDA:80,6,0,0
BRDA:80,6,1,0
BRDA:98,7,0,0
BRDA:100,8,0,0
BRDA:100,8,1,0
BRDA:105,9,0,0
BRDA:105,9,1,0
BRDA:123,10,0,0
BRDA:123,11,0,0
BRDA:123,11,1,0
BRDA:123,11,2,0
BRDA:129,12,0,0
BRDA:129,13,0,0
BRDA:129,13,1,0
BRDA:129,13,2,0
BRDA:147,14,0,0
BRDA:149,15,0,0
BRDA:149,15,1,0
BRDA:154,16,0,0
BRDA:154,16,1,0
BRDA:172,17,0,0
BRDA:172,18,0,0
BRDA:172,18,1,0
BRDA:172,18,2,0
BRDA:190,19,0,0
BRDA:192,20,0,0
BRDA:192,20,1,0
BRDA:197,21,0,0
BRDA:197,21,1,0
BRDA:224,22,0,0
BRDA:224,22,1,0
BRDA:259,23,0,0
BRDA:259,23,1,0
BRDA:305,24,0,0
BRDA:305,24,1,0
BRDA:311,25,0,0
BRDA:311,26,0,0
BRDA:311,26,1,0
BRDA:315,27,0,0
BRDA:315,28,0,0
BRDA:315,28,1,0
BRDA:319,29,0,0
BRDA:319,30,0,0
BRDA:319,30,1,0
BRDA:323,31,0,0
BRDA:323,32,0,0
BRDA:323,32,1,0
BRDA:327,33,0,0
BRDA:327,34,0,0
BRDA:327,34,1,0
BRDA:331,35,0,0
BRDA:331,36,0,0
BRDA:331,36,1,0
BRDA:335,37,0,0
BRDA:335,38,0,0
BRDA:335,38,1,0
BRDA:339,39,0,0
BRDA:339,40,0,0
BRDA:339,40,1,0
BRDA:343,41,0,0
BRDA:343,42,0,0
BRDA:343,42,1,0
BRDA:347,43,0,0
BRDA:347,44,0,0
BRDA:347,44,1,0
BRDA:351,45,0,0
BRDA:351,46,0,0
BRDA:351,46,1,0
BRDA:366,47,0,0
BRDA:366,47,1,0
BRF:80
BRH:0
end_of_record
TN:
SF:src\routes\auth.ts
FNF:0
FNH:0
DA:1,0
DA:2,0
DA:3,0
DA:4,0
DA:5,0
DA:6,0
DA:8,0
DA:15,0
DA:16,0
DA:17,0
DA:20,0
DA:27,0
DA:28,0
DA:29,0
DA:32,0
DA:35,0
DA:36,0
DA:37,0
DA:40,0
DA:41,0
DA:42,0
DA:43,0
DA:44,0
DA:46,0
LF:24
LH:0
BRF:0
BRH:0
end_of_record
TN:
SF:src\routes\categoryRoutes.ts
FNF:0
FNH:0
DA:1,0
DA:2,0
DA:3,0
DA:5,0
DA:8,0
DA:11,0
DA:14,0
DA:17,0
DA:20,0
DA:23,0
DA:26,0
DA:29,0
DA:32,0
DA:35,0
DA:38,0
DA:40,0
LF:16
LH:0
BRF:0
BRH:0
end_of_record
TN:
SF:src\routes\config.ts
FN:9,(anonymous_0)
FN:32,(anonymous_1)
FN:46,(anonymous_2)
FNF:3
FNH:0
FNDA:0,(anonymous_0)
FNDA:0,(anonymous_1)
FNDA:0,(anonymous_2)
DA:1,0
DA:2,0
DA:4,0
DA:6,0
DA:7,0
DA:9,0
DA:10,0
DA:11,0
DA:12,0
DA:13,0
DA:15,0
DA:27,0
DA:28,0
DA:32,0
DA:33,0
DA:34,0
DA:41,0
DA:42,0
DA:46,0
DA:47,0
DA:48,0
DA:49,0
DA:61,0
DA:62,0
DA:66,0
LF:25
LH:0
BRDA:11,0,0,0
BRDA:11,0,1,0
BRDA:12,1,0,0
BRDA:16,2,0,0
BRDA:16,2,1,0
BRDA:17,3,0,0
BRDA:17,3,1,0
BRDA:18,4,0,0
BRDA:18,4,1,0
BRDA:48,5,0,0
BRDA:48,5,1,0
BRDA:50,6,0,0
BRDA:50,6,1,0
BRDA:51,7,0,0
BRDA:51,7,1,0
BRDA:52,8,0,0
BRDA:52,8,1,0
BRF:17
BRH:0
end_of_record
TN:
SF:src\routes\documents.ts
FNF:0
FNH:0
DA:10,0
DA:11,0
DA:12,0
DA:13,0
DA:14,0
DA:15,0
DA:16,0
DA:17,0
DA:18,0
DA:19,0
DA:20,0
DA:25,0
DA:38,0
DA:51,0
DA:62,0
DA:73,0
DA:84,0
DA:87,0
DA:90,0
DA:93,0
DA:94,0
DA:97,0
DA:98,0
DA:103,0
DA:108,0
DA:118,0
DA:129,0
DA:140,0
DA:151,0
DA:158,0
DA:159,0
DA:160,0
DA:165,0
DA:167,0
DA:168,0
DA:170,0
DA:171,0
DA:173,0
DA:175,0
LF:39
LH:0
BRF:0
BRH:0
end_of_record
TN:
SF:src\routes\email.ts
FNF:0
FNH:0
DA:1,0
DA:2,0
DA:9,0
DA:12,0
DA:13,0
DA:16,0
DA:17,0
DA:19,0
LF:8
LH:0
BRF:0
BRH:0
end_of_record
TN:
SF:src\routes\folderRoutes.ts
FNF:0
FNH:0
DA:1,0
DA:2,0
DA:3,0
DA:5,0
DA:8,0
DA:11,0
DA:14,0
DA:17,0
DA:20,0
DA:23,0
DA:26,0
DA:29,0
DA:32,0
DA:34,0
LF:14
LH:0
BRF:0
BRH:0
end_of_record
TN:
SF:src\routes\health.routes.ts
FNF:0
FNH:0
DA:1,0
DA:2,0
DA:4,0
DA:10,0
DA:16,0
DA:18,0
LF:6
LH:0
BRF:0
BRH:0
end_of_record
TN:
SF:src\routes\logRoutes.ts
FNF:0
FNH:0
DA:1,0
DA:2,0
DA:3,0
DA:4,0
DA:6,0
DA:13,0
DA:19,0
DA:26,0
DA:33,0
DA:35,0
LF:10
LH:0
BRF:0
BRH:0
end_of_record
TN:
SF:src\routes\notification.routes.ts
FNF:0
FNH:0
DA:1,0
DA:2,0
DA:3,0
DA:5,0
DA:8,0
DA:14,0
DA:20,0
DA:26,0
DA:32,0
DA:38,0
DA:44,0
DA:50,0
DA:52,0
LF:13
LH:0
BRF:0
BRH:0
end_of_record
TN:
SF:src\routes\passwordReset.ts
FNF:0
FNH:0
DA:1,0
DA:2,0
DA:3,0
DA:4,0
DA:5,0
DA:7,0
DA:10,0
DA:14,0
DA:26,0
DA:27,0
DA:29,0
LF:11
LH:0
BRF:0
BRH:0
end_of_record
TN:
SF:src\routes\shares.ts
FNF:0
FNH:0
DA:1,0
DA:2,0
DA:3,0
DA:7,0
DA:10,0
DA:13,0
DA:16,0
DA:18,0
LF:8
LH:0
BRF:0
BRH:0
end_of_record
TN:
SF:src\routes\signatures.ts
FNF:0
FNH:0
DA:11,0
DA:12,0
DA:13,0
DA:14,0
DA:16,0
DA:28,0
DA:40,0
DA:51,0
DA:58,0
DA:60,0
LF:10
LH:0
BRF:0
BRH:0
end_of_record
TN:
SF:src\routes\stats.ts
FNF:0
FNH:0
DA:1,0
DA:2,0
DA:3,0
DA:5,0
DA:8,0
DA:11,0
DA:12,0
DA:13,0
DA:15,0
LF:9
LH:0
BRF:0
BRH:0
end_of_record
TN:
SF:src\routes\timeline.ts
FNF:0
FNH:0
DA:5,0
DA:6,0
DA:7,0
DA:9,0
DA:12,0
DA:15,0
DA:17,0
LF:7
LH:0
BRF:0
BRH:0
end_of_record
TN:
SF:src\routes\transferRoutes.ts
FN:17,(anonymous_1)
FN:73,(anonymous_2)
FN:111,(anonymous_3)
FNF:3
FNH:0
FNDA:0,(anonymous_1)
FNDA:0,(anonymous_2)
FNDA:0,(anonymous_3)
DA:6,0
DA:7,0
DA:8,0
DA:9,0
DA:11,0
DA:17,0
DA:18,0
DA:19,0
DA:20,0
DA:21,0
DA:30,0
DA:32,0
DA:33,0
DA:38,0
DA:39,0
DA:44,0
DA:53,0
DA:59,0
DA:61,0
DA:65,0
DA:73,0
DA:74,0
DA:75,0
DA:77,0
DA:78,0
DA:83,0
DA:89,0
DA:94,0
DA:99,0
DA:103,0
DA:111,0
DA:112,0
DA:113,0
DA:115,0
DA:117,0
DA:119,0
DA:123,0
DA:127,0
LF:38
LH:0
BRDA:20,0,0,0
BRDA:32,1,0,0
BRDA:32,2,0,0
BRDA:32,2,1,0
BRDA:32,2,2,0
BRDA:32,2,3,0
BRDA:38,3,0,0
BRDA:65,4,0,0
BRDA:65,4,1,0
BRDA:77,5,0,0
BRDA:77,6,0,0
BRDA:77,6,1,0
BRDA:77,6,2,0
BRDA:103,7,0,0
BRDA:103,7,1,0
BRDA:123,8,0,0
BRDA:123,8,1,0
BRF:17
BRH:0
end_of_record
TN:
SF:src\routes\users.ts
FNF:0
FNH:0
DA:1,0
DA:2,0
DA:3,0
DA:4,0
DA:5,0
DA:7,0
DA:10,0
DA:11,0
DA:12,0
DA:13,0
DA:14,0
DA:15,0
DA:16,0
DA:17,0
DA:18,0
DA:21,0
DA:22,0
DA:24,0
LF:18
LH:0
BRF:0
BRH:0
end_of_record
TN:
SF:src\routes\verificationRoutes.ts
FNF:0
FNH:0
DA:1,0
DA:2,0
DA:3,0
DA:4,0
DA:5,0
DA:10,0
DA:13,0
DA:21,0
DA:24,0
DA:27,0
DA:29,0
LF:11
LH:0
BRF:0
BRH:0
end_of_record
TN:
SF:src\routes\versions.ts
FNF:0
FNH:0
DA:1,0
DA:2,0
DA:3,0
DA:4,0
DA:5,0
DA:7,0
DA:10,0
DA:11,0
DA:14,0
DA:15,0
DA:17,0
DA:20,0
DA:21,0
DA:22,0
DA:24,0
LF:15
LH:0
BRF:0
BRH:0
end_of_record
TN:
SF:src\routes\wallets.ts
FNF:0
FNH:0
DA:1,0
DA:2,0
DA:3,0
DA:5,0
DA:8,0
DA:9,0
DA:10,0
DA:11,0
DA:12,0
DA:13,0
DA:14,0
DA:16,0
LF:12
LH:0
BRF:0
BRH:0
end_of_record
TN:
SF:src\schemas\auth.schema.ts
FNF:0
FNH:0
DA:1,0
DA:6,0
DA:14,0
DA:33,0
LF:4
LH:0
BRF:0
BRH:0
end_of_record
TN:
SF:src\schemas\document.schema.ts
FN:64,(anonymous_0)
FN:65,(anonymous_1)
FN:66,(anonymous_2)
FNF:3
FNH:0
FNDA:0,(anonymous_0)
FNDA:0,(anonymous_1)
FNDA:0,(anonymous_2)
DA:1,0
DA:6,0
DA:32,0
DA:39,0
DA:47,0
DA:54,0
DA:63,0
DA:64,0
DA:65,0
DA:66,0
LF:10
LH:0
BRDA:65,0,0,0
BRDA:65,0,1,0
BRDA:66,1,0,0
BRDA:66,1,1,0
BRF:4
BRH:0
end_of_record
TN:
SF:src\schemas\share.schema.ts
FN:10,(anonymous_0)
FN:27,(anonymous_1)
FNF:2
FNH:0
FNDA:0,(anonymous_0)
FNDA:0,(anonymous_1)
DA:1,0
DA:6,0
DA:10,0
DA:17,0
DA:25,0
DA:27,0
DA:35,0
DA:42,0
LF:8
LH:0
BRF:0
BRH:0
end_of_record
TN:
SF:src\schemas\user.schema.ts
FN:32,(anonymous_0)
FN:33,(anonymous_1)
FNF:2
FNH:0
FNDA:0,(anonymous_0)
FNDA:0,(anonymous_1)
DA:1,0
DA:6,0
DA:22,0
DA:29,0
DA:32,0
DA:33,0
DA:41,0
LF:7
LH:0
BRDA:32,0,0,0
BRDA:32,0,1,0
BRDA:33,1,0,0
BRDA:33,1,1,0
BRF:4
BRH:0
end_of_record
TN:
SF:src\schemas\verification.schema.ts
FN:15,(anonymous_0)
FNF:1
FNH:0
FNDA:0,(anonymous_0)
DA:6,0
DA:11,0
DA:15,0
DA:21,0
DA:35,0
LF:5
LH:0
BRF:0
BRH:0
end_of_record
TN:
SF:src\services\argon2Service.ts
FN:59,(anonymous_1)
FN:92,(anonymous_2)
FN:129,(anonymous_3)
FN:165,(anonymous_4)
FN:202,(anonymous_5)
FN:218,(anonymous_6)
FN:230,(anonymous_7)
FNF:7
FNH:0
FNDA:0,(anonymous_1)
FNDA:0,(anonymous_2)
FNDA:0,(anonymous_3)
FNDA:0,(anonymous_4)
FNDA:0,(anonymous_5)
FNDA:0,(anonymous_6)
FNDA:0,(anonymous_7)
DA:1,0
DA:2,0
DA:36,0
DA:41,0
DA:60,0
DA:61,0
DA:70,0
DA:71,0
DA:74,0
DA:75,0
DA:93,0
DA:94,0
DA:96,0
DA:97,0
DA:99,0
DA:102,0
DA:105,0
DA:106,0
DA:130,0
DA:133,0
DA:134,0
DA:135,0
DA:138,0
DA:139,0
DA:143,0
DA:144,0
DA:147,0
DA:166,0
DA:169,0
DA:170,0
DA:173,0
DA:175,0
DA:181,0
DA:184,0
DA:186,0
DA:203,0
DA:204,0
DA:205,0
DA:207,0
DA:208,0
DA:210,0
DA:219,0
DA:234,0
DA:235,0
DA:244,0
DA:245,0
DA:246,0
DA:249,0
DA:250,0
LF:49
LH:0
BRDA:96,0,0,0
BRDA:96,0,1,0
BRDA:130,1,0,0
BRDA:133,2,0,0
BRDA:134,3,0,0
BRDA:135,4,0,0
BRDA:138,5,0,0
BRDA:138,6,0,0
BRDA:138,6,1,0
BRDA:138,6,2,0
BRDA:143,7,0,0
BRDA:143,8,0,0
BRDA:143,8,1,0
BRDA:169,9,0,0
BRDA:202,10,0,0
BRDA:236,11,0,0
BRDA:236,11,1,0
BRDA:237,12,0,0
BRDA:237,12,1,0
BRDA:238,13,0,0
BRDA:238,13,1,0
BRDA:239,14,0,0
BRDA:239,14,1,0
BRDA:240,15,0,0
BRDA:240,15,1,0
BRF:25
BRH:0
end_of_record
TN:
SF:src\services\auditService.ts
FN:75,(anonymous_1)
FN:109,(anonymous_2)
FN:110,(anonymous_3)
FN:113,(anonymous_4)
FN:135,(anonymous_5)
FN:155,(anonymous_6)
FN:178,(anonymous_7)
FN:206,(anonymous_8)
FN:229,(anonymous_9)
FN:442,(anonymous_10)
FN:451,(anonymous_11)
FN:469,(anonymous_12)
FN:523,(anonymous_13)
FN:528,(anonymous_14)
FN:563,(anonymous_15)
FN:629,(anonymous_16)
FN:695,(anonymous_17)
FN:753,(anonymous_18)
FNF:18
FNH:0
FNDA:0,(anonymous_1)
FNDA:0,(anonymous_2)
FNDA:0,(anonymous_3)
FNDA:0,(anonymous_4)
FNDA:0,(anonymous_5)
FNDA:0,(anonymous_6)
FNDA:0,(anonymous_7)
FNDA:0,(anonymous_8)
FNDA:0,(anonymous_9)
FNDA:0,(anonymous_10)
FNDA:0,(anonymous_11)
FNDA:0,(anonymous_12)
FNDA:0,(anonymous_13)
FNDA:0,(anonymous_14)
FNDA:0,(anonymous_15)
FNDA:0,(anonymous_16)
FNDA:0,(anonymous_17)
FNDA:0,(anonymous_18)
DA:1,0
DA:2,0
DA:3,0
DA:4,0
DA:5,0
DA:74,0
DA:76,0
DA:110,0
DA:123,0
DA:136,0
DA:138,0
DA:141,0
DA:143,0
DA:145,0
DA:147,0
DA:149,0
DA:151,0
DA:156,0
DA:168,0
DA:169,0
DA:170,0
DA:171,0
DA:175,0
DA:179,0
DA:184,0
DA:185,0
DA:188,0
DA:206,0
DA:207,0
DA:209,0
DA:230,0
DA:231,0
DA:232,0
DA:235,0
DA:236,0
DA:238,0
DA:239,0
DA:241,0
DA:243,0
DA:261,0
DA:262,0
DA:264,0
DA:265,0
DA:266,0
DA:268,0
DA:285,0
DA:286,0
DA:288,0
DA:289,0
DA:290,0
DA:291,0
DA:293,0
DA:310,0
DA:311,0
DA:313,0
DA:314,0
DA:315,0
DA:317,0
DA:333,0
DA:334,0
DA:336,0
DA:337,0
DA:338,0
DA:340,0
DA:357,0
DA:358,0
DA:360,0
DA:361,0
DA:362,0
DA:364,0
DA:383,0
DA:384,0
DA:385,0
DA:387,0
DA:388,0
DA:389,0
DA:391,0
DA:408,0
DA:413,0
DA:414,0
DA:415,0
DA:417,0
DA:418,0
DA:419,0
DA:421,0
DA:437,0
DA:440,0
DA:441,0
DA:442,0
DA:444,0
DA:445,0
DA:446,0
DA:451,0
DA:453,0
DA:454,0
DA:457,0
DA:458,0
DA:470,0
DA:472,0
DA:485,0
DA:486,0
DA:489,0
DA:490,0
DA:497,0
DA:499,0
DA:500,0
DA:501,0
DA:503,0
DA:504,0
DA:511,0
DA:518,0
DA:519,0
DA:520,0
DA:522,0
DA:523,0
DA:525,0
DA:526,0
DA:528,0
DA:530,0
DA:550,0
DA:551,0
DA:567,0
DA:568,0
DA:570,0
DA:571,0
DA:574,0
DA:575,0
DA:576,0
DA:578,0
DA:579,0
DA:580,0
DA:581,0
DA:583,0
DA:589,0
DA:590,0
DA:591,0
DA:592,0
DA:593,0
DA:596,0
DA:605,0
DA:617,0
DA:618,0
DA:630,0
DA:631,0
DA:632,0
DA:633,0
DA:635,0
DA:636,0
DA:639,0
DA:640,0
DA:642,0
DA:655,0
DA:660,0
DA:662,0
DA:663,0
DA:666,0
DA:667,0
DA:669,0
DA:684,0
DA:685,0
DA:703,0
DA:711,0
DA:731,0
DA:741,0
DA:742,0
DA:770,0
DA:783,0
DA:786,0
DA:788,0
DA:789,0
DA:792,0
DA:795,0
DA:796,0
DA:799,0
DA:800,0
DA:803,0
DA:804,0
DA:807,0
DA:808,0
DA:809,0
DA:810,0
DA:813,0
DA:814,0
DA:815,0
DA:816,0
DA:820,0
DA:821,0
DA:834,0
DA:837,0
DA:868,0
DA:875,0
DA:876,0
LF:192
LH:0
BRDA:110,0,0,0
BRDA:110,0,1,0
BRDA:110,0,2,0
BRDA:127,1,0,0
BRDA:127,1,1,0
BRDA:129,2,0,0
BRDA:129,2,1,0
BRDA:130,3,0,0
BRDA:130,3,1,0
BRDA:131,4,0,0
BRDA:131,4,1,0
BRDA:136,5,0,0
BRDA:136,5,1,0
BRDA:136,5,2,0
BRDA:136,5,3,0
BRDA:136,5,4,0
BRDA:136,5,5,0
BRDA:136,5,6,0
BRDA:136,5,7,0
BRDA:145,6,0,0
BRDA:145,6,1,0
BRDA:170,7,0,0
BRDA:170,8,0,0
BRDA:170,8,1,0
BRDA:184,9,0,0
BRDA:207,10,0,0
BRDA:207,10,1,0
BRDA:214,11,0,0
BRDA:214,11,1,0
BRDA:241,12,0,0
BRDA:266,13,0,0
BRDA:290,14,0,0
BRDA:294,15,0,0
BRDA:294,15,1,0
BRDA:296,16,0,0
BRDA:296,16,1,0
BRDA:315,17,0,0
BRDA:338,18,0,0
BRDA:362,19,0,0
BRDA:389,20,0,0
BRDA:419,21,0,0
BRDA:445,22,0,0
BRDA:458,23,0,0
BRDA:458,23,1,0
BRDA:485,24,0,0
BRDA:489,25,0,0
BRDA:503,26,0,0
BRDA:514,27,0,0
BRDA:514,27,1,0
BRDA:519,28,0,0
BRDA:519,28,1,0
BRDA:525,29,0,0
BRDA:525,29,1,0
BRDA:525,29,2,0
BRDA:526,30,0,0
BRDA:526,30,1,0
BRDA:531,31,0,0
BRDA:531,31,1,0
BRDA:536,32,0,0
BRDA:536,32,1,0
BRDA:551,33,0,0
BRDA:551,33,1,0
BRDA:570,34,0,0
BRDA:580,35,0,0
BRDA:580,35,1,0
BRDA:586,36,0,0
BRDA:586,36,1,0
BRDA:589,37,0,0
BRDA:592,38,0,0
BRDA:599,39,0,0
BRDA:599,39,1,0
BRDA:618,40,0,0
BRDA:618,40,1,0
BRDA:635,41,0,0
BRDA:657,42,0,0
BRDA:657,42,1,0
BRDA:662,43,0,0
BRDA:674,44,0,0
BRDA:674,44,1,0
BRDA:676,45,0,0
BRDA:676,45,1,0
BRDA:685,46,0,0
BRDA:685,46,1,0
BRDA:737,47,0,0
BRDA:737,47,1,0
BRDA:742,48,0,0
BRDA:742,48,1,0
BRDA:781,49,0,0
BRDA:782,50,0,0
BRDA:788,51,0,0
BRDA:788,51,1,0
BRDA:788,52,0,0
BRDA:788,52,1,0
BRDA:795,53,0,0
BRDA:799,54,0,0
BRDA:803,55,0,0
BRDA:807,56,0,0
BRDA:807,57,0,0
BRDA:807,57,1,0
BRDA:809,58,0,0
BRDA:810,59,0,0
BRDA:813,60,0,0
BRDA:813,61,0,0
BRDA:813,61,1,0
BRDA:815,62,0,0
BRDA:816,63,0,0
BRDA:820,64,0,0
BRDA:876,65,0,0
BRDA:876,65,1,0
BRF:109
BRH:0
end_of_record
TN:
SF:src\services\authService.ts
FN:71,(anonymous_1)
FN:161,(anonymous_2)
FN:167,(anonymous_3)
FN:197,(anonymous_4)
FN:300,(anonymous_5)
FN:396,(anonymous_6)
FN:403,(anonymous_7)
FN:437,(anonymous_8)
FN:558,(anonymous_9)
FN:580,(anonymous_10)
FN:606,(anonymous_11)
FN:680,(anonymous_12)
FN:707,(anonymous_13)
FN:714,(anonymous_14)
FNF:14
FNH:2
FNDA:0,(anonymous_1)
FNDA:0,(anonymous_2)
FNDA:0,(anonymous_3)
FNDA:3,(anonymous_4)
FNDA:0,(anonymous_5)
FNDA:0,(anonymous_6)
FNDA:0,(anonymous_7)
FNDA:4,(anonymous_8)
FNDA:0,(anonymous_9)
FNDA:0,(anonymous_10)
FNDA:0,(anonymous_11)
FNDA:0,(anonymous_12)
FNDA:0,(anonymous_13)
FNDA:0,(anonymous_14)
DA:1,1
DA:2,1
DA:3,1
DA:4,1
DA:5,1
DA:6,1
DA:7,1
DA:8,1
DA:9,1
DA:10,1
DA:11,1
DA:63,1
DA:81,0
DA:84,0
DA:85,0
DA:88,0
DA:89,0
DA:92,0
DA:93,0
DA:96,0
DA:97,0
DA:101,0
DA:105,0
DA:106,0
DA:110,0
DA:114,0
DA:115,0
DA:118,0
DA:121,0
DA:122,0
DA:124,0
DA:125,0
DA:126,0
DA:130,0
DA:145,0
DA:148,0
DA:149,0
DA:151,0
DA:160,0
DA:162,0
DA:166,0
DA:168,0
DA:171,0
DA:174,0
DA:180,0
DA:198,3
DA:200,3
DA:201,0
DA:204,3
DA:207,3
DA:212,3
DA:213,1
DA:216,2
DA:220,2
DA:221,2
DA:222,0
DA:226,2
DA:230,2
DA:231,2
DA:232,2
DA:233,2
DA:234,0
DA:239,2
DA:240,2
DA:242,0
DA:244,2
DA:245,0
DA:248,2
DA:251,2
DA:252,0
DA:254,0
DA:256,0
DA:274,2
DA:280,2
DA:301,0
DA:304,0
DA:305,0
DA:308,0
DA:309,0
DA:313,0
DA:314,0
DA:315,0
DA:318,0
DA:321,0
DA:325,0
DA:326,0
DA:330,0
DA:334,0
DA:335,0
DA:339,0
DA:341,0
DA:344,0
DA:345,0
DA:348,0
DA:351,0
DA:354,0
DA:355,0
DA:358,0
DA:359,0
DA:361,0
DA:362,0
DA:363,0
DA:367,0
DA:383,0
DA:384,0
DA:386,0
DA:395,0
DA:397,0
DA:402,0
DA:404,0
DA:407,0
DA:410,0
DA:416,0
DA:438,4
DA:439,4
DA:440,4
DA:443,4
DA:448,4
DA:450,4
DA:451,1
DA:455,3
DA:458,3
DA:459,0
DA:463,3
DA:464,3
DA:465,3
DA:467,3
DA:469,3
DA:472,3
DA:473,2
DA:476,0
DA:478,0
DA:479,0
DA:481,0
DA:482,0
DA:487,0
DA:488,0
DA:491,3
DA:492,1
DA:495,2
DA:496,0
DA:497,0
DA:498,0
DA:502,0
DA:504,0
DA:510,2
DA:512,0
DA:514,0
DA:516,0
DA:535,2
DA:541,2
DA:559,0
DA:563,0
DA:564,0
DA:568,0
DA:569,0
DA:572,0
DA:581,0
DA:582,0
DA:589,0
DA:590,0
DA:593,0
DA:594,0
DA:596,0
DA:611,0
DA:613,0
DA:614,0
DA:615,0
DA:618,0
DA:622,0
DA:623,0
DA:627,0
DA:628,0
DA:632,0
DA:633,0
DA:635,0
DA:636,0
DA:637,0
DA:638,0
DA:640,0
DA:643,0
DA:644,0
DA:648,0
DA:654,0
DA:657,0
DA:659,0
DA:662,0
DA:671,0
DA:673,0
DA:685,0
DA:689,0
DA:690,0
DA:693,0
DA:701,0
DA:708,0
DA:715,0
LF:196
LH:55
BRDA:84,0,0,0
BRDA:84,1,0,0
BRDA:84,1,1,0
BRDA:88,2,0,0
BRDA:88,3,0,0
BRDA:88,3,1,0
BRDA:92,4,0,0
BRDA:96,5,0,0
BRDA:105,6,0,0
BRDA:114,7,0,0
BRDA:124,8,0,0
BRDA:124,9,0,0
BRDA:124,9,1,0
BRDA:124,9,2,0
BRDA:136,10,0,0
BRDA:136,10,1,0
BRDA:140,11,0,0
BRDA:140,11,1,0
BRDA:141,12,0,0
BRDA:141,12,1,0
BRDA:145,13,0,0
BRDA:145,13,1,0
BRDA:145,14,0,0
BRDA:145,14,1,0
BRDA:200,15,0,0
BRDA:212,16,0,1
BRDA:221,17,0,0
BRDA:233,18,0,0
BRDA:233,19,0,2
BRDA:233,19,1,2
BRDA:244,20,0,0
BRDA:251,21,0,0
BRDA:304,22,0,0
BRDA:304,23,0,0
BRDA:304,23,1,0
BRDA:308,24,0,0
BRDA:308,25,0,0
BRDA:308,25,1,0
BRDA:314,26,0,0
BRDA:325,27,0,0
BRDA:334,28,0,0
BRDA:361,29,0,0
BRDA:361,30,0,0
BRDA:361,30,1,0
BRDA:361,30,2,0
BRDA:373,31,0,0
BRDA:373,31,1,0
BRDA:448,32,0,4
BRDA:448,32,1,1
BRDA:450,33,0,1
BRDA:458,34,0,0
BRDA:467,35,0,3
BRDA:467,35,1,0
BRDA:472,36,0,2
BRDA:476,37,0,0
BRDA:476,37,1,0
BRDA:481,38,0,0
BRDA:491,39,0,1
BRDA:495,40,0,0
BRDA:510,41,0,0
BRDA:563,42,0,0
BRDA:568,43,0,0
BRDA:589,44,0,0
BRDA:589,45,0,0
BRDA:589,45,1,0
BRDA:614,46,0,0
BRDA:622,47,0,0
BRDA:627,48,0,0
BRDA:635,49,0,0
BRDA:635,49,1,0
BRDA:637,50,0,0
BRDA:637,50,1,0
BRDA:643,51,0,0
BRDA:689,52,0,0
BRDA:697,53,0,0
BRDA:697,53,1,0
BRF:76
BRH:9
end_of_record
TN:
SF:src\services\blockchainAdminService.ts
FN:32,(anonymous_1)
FN:84,(anonymous_2)
FN:136,(anonymous_3)
FN:166,(anonymous_4)
FN:207,(anonymous_5)
FN:211,(anonymous_6)
FN:212,(anonymous_7)
FN:232,(anonymous_8)
FN:258,(anonymous_9)
FN:260,(anonymous_10)
FN:270,(anonymous_11)
FN:272,(anonymous_12)
FNF:12
FNH:0
FNDA:0,(anonymous_1)
FNDA:0,(anonymous_2)
FNDA:0,(anonymous_3)
FNDA:0,(anonymous_4)
FNDA:0,(anonymous_5)
FNDA:0,(anonymous_6)
FNDA:0,(anonymous_7)
FNDA:0,(anonymous_8)
FNDA:0,(anonymous_9)
FNDA:0,(anonymous_10)
FNDA:0,(anonymous_11)
FNDA:0,(anonymous_12)
DA:1,0
DA:2,0
DA:3,0
DA:4,0
DA:25,0
DA:33,0
DA:34,0
DA:35,0
DA:42,0
DA:45,0
DA:46,0
DA:47,0
DA:48,0
DA:56,0
DA:57,0
DA:58,0
DA:60,0
DA:62,0
DA:69,0
DA:70,0
DA:85,0
DA:86,0
DA:87,0
DA:94,0
DA:97,0
DA:98,0
DA:99,0
DA:100,0
DA:108,0
DA:109,0
DA:110,0
DA:112,0
DA:114,0
DA:121,0
DA:122,0
DA:137,0
DA:138,0
DA:139,0
DA:142,0
DA:143,0
DA:146,0
DA:147,0
DA:167,0
DA:168,0
DA:171,0
DA:180,0
DA:181,0
DA:182,0
DA:185,0
DA:187,0
DA:190,0
DA:191,0
DA:193,0
DA:194,0
DA:195,0
DA:200,0
DA:203,0
DA:204,0
DA:207,0
DA:211,0
DA:212,0
DA:214,0
DA:216,0
DA:219,0
DA:220,0
DA:233,0
DA:235,0
DA:240,0
DA:242,0
DA:245,0
DA:247,0
DA:250,0
DA:251,0
DA:259,0
DA:260,0
DA:271,0
DA:272,0
LF:77
LH:0
BRDA:34,0,0,0
BRDA:46,1,0,0
BRDA:73,2,0,0
BRDA:73,2,1,0
BRDA:86,3,0,0
BRDA:98,4,0,0
BRDA:125,5,0,0
BRDA:125,5,1,0
BRDA:138,6,0,0
BRDA:180,7,0,0
BRDA:193,8,0,0
BRDA:240,9,0,0
BRDA:240,10,0,0
BRDA:240,10,1,0
BRF:14
BRH:0
end_of_record
TN:
SF:src\services\categoryService.ts
FN:8,(anonymous_1)
FN:33,(anonymous_2)
FN:46,(anonymous_3)
FN:67,(anonymous_4)
FN:89,(anonymous_5)
FN:125,(anonymous_6)
FN:181,(anonymous_7)
FN:210,(anonymous_8)
FN:255,(anonymous_9)
FN:288,(anonymous_10)
FN:298,(anonymous_11)
FNF:11
FNH:0
FNDA:0,(anonymous_1)
FNDA:0,(anonymous_2)
FNDA:0,(anonymous_3)
FNDA:0,(anonymous_4)
FNDA:0,(anonymous_5)
FNDA:0,(anonymous_6)
FNDA:0,(anonymous_7)
FNDA:0,(anonymous_8)
FNDA:0,(anonymous_9)
FNDA:0,(anonymous_10)
FNDA:0,(anonymous_11)
DA:2,0
DA:4,0
DA:9,0
DA:34,0
DA:47,0
DA:68,0
DA:97,0
DA:106,0
DA:107,0
DA:110,0
DA:137,0
DA:145,0
DA:146,0
DA:150,0
DA:151,0
DA:161,0
DA:162,0
DA:166,0
DA:182,0
DA:190,0
DA:191,0
DA:195,0
DA:201,0
DA:216,0
DA:217,0
DA:228,0
DA:229,0
DA:234,0
DA:241,0
DA:242,0
DA:246,0
DA:256,0
DA:258,0
DA:259,0
DA:262,0
DA:284,0
DA:288,0
DA:299,0
LF:38
LH:0
BRDA:106,0,0,0
BRDA:145,1,0,0
BRDA:150,2,0,0
BRDA:150,3,0,0
BRDA:150,3,1,0
BRDA:161,4,0,0
BRDA:190,5,0,0
BRDA:216,6,0,0
BRDA:228,7,0,0
BRDA:241,8,0,0
BRDA:258,9,0,0
BRDA:287,10,0,0
BRDA:287,10,1,0
BRF:13
BRH:0
end_of_record
TN:
SF:src\services\documentPermissionService.ts
FN:11,(anonymous_1)
FN:49,(anonymous_2)
FN:74,(anonymous_3)
FN:126,(anonymous_4)
FN:148,(anonymous_5)
FN:170,(anonymous_6)
FN:191,(anonymous_7)
FN:210,(anonymous_8)
FN:219,(anonymous_9)
FN:238,(anonymous_10)
FN:261,(anonymous_11)
FN:286,(anonymous_12)
FN:328,(anonymous_13)
FNF:13
FNH:13
FNDA:1,(anonymous_1)
FNDA:7,(anonymous_2)
FNDA:3,(anonymous_3)
FNDA:4,(anonymous_4)
FNDA:4,(anonymous_5)
FNDA:3,(anonymous_6)
FNDA:6,(anonymous_7)
FNDA:3,(anonymous_8)
FNDA:3,(anonymous_9)
FNDA:4,(anonymous_10)
FNDA:4,(anonymous_11)
FNDA:6,(anonymous_12)
FNDA:4,(anonymous_13)
DA:1,1
DA:2,1
DA:3,1
DA:4,1
DA:6,1
DA:11,1
DA:12,1
DA:13,1
DA:14,1
DA:15,1
DA:41,1
DA:50,7
DA:51,7
DA:52,1
DA:53,1
DA:56,6
DA:57,6
DA:59,5
DA:62,1
DA:63,1
DA:75,3
DA:76,3
DA:77,1
DA:87,2
DA:90,2
DA:97,1
DA:107,1
DA:108,1
DA:127,4
DA:128,4
DA:129,1
DA:132,3
DA:133,3
DA:136,1
DA:137,1
DA:149,4
DA:150,4
DA:151,2
DA:154,2
DA:155,2
DA:158,1
DA:159,1
DA:171,3
DA:172,3
DA:173,1
DA:176,2
DA:177,2
DA:180,0
DA:181,0
DA:192,6
DA:193,6
DA:194,6
DA:196,4
DA:199,2
DA:200,2
DA:211,3
DA:212,3
DA:214,3
DA:215,2
DA:219,1
DA:220,3
DA:221,3
DA:224,1
DA:227,0
DA:228,0
DA:239,4
DA:240,4
DA:241,1
DA:244,3
DA:245,3
DA:247,2
DA:250,1
DA:251,1
DA:262,4
DA:263,4
DA:264,1
DA:267,3
DA:268,3
DA:270,2
DA:273,1
DA:274,1
DA:287,6
DA:288,6
DA:289,1
DA:292,5
DA:293,2
DA:297,3
DA:300,3
DA:301,0
DA:304,3
DA:306,3
DA:308,3
DA:309,2
DA:311,2
DA:313,2
DA:316,4
DA:317,4
DA:329,4
DA:330,4
DA:331,1
DA:334,3
DA:336,3
DA:338,3
DA:339,2
DA:341,2
DA:343,2
DA:346,2
DA:347,2
LF:108
LH:103
BRDA:11,0,0,1
BRDA:11,0,1,1
BRDA:51,1,0,1
BRDA:76,2,0,1
BRDA:128,3,0,1
BRDA:150,4,0,2
BRDA:172,5,0,1
BRDA:214,6,0,2
BRDA:240,7,0,1
BRDA:263,8,0,1
BRDA:288,9,0,1
BRDA:292,10,0,2
BRDA:292,11,0,5
BRDA:292,11,1,3
BRDA:300,12,0,0
BRDA:330,13,0,1
BRF:16
BRH:15
end_of_record
TN:
SF:src\services\documentService.ts
FN:91,(anonymous_10)
FN:234,(anonymous_11)
FN:256,(anonymous_12)
FN:268,(anonymous_13)
FN:334,(anonymous_14)
FN:350,(anonymous_15)
FN:389,(anonymous_16)
FN:454,(anonymous_17)
FN:474,(anonymous_18)
FN:531,(anonymous_19)
FN:538,(anonymous_20)
FN:592,(anonymous_21)
FN:610,(anonymous_22)
FN:634,(anonymous_23)
FN:645,(anonymous_24)
FN:664,(anonymous_25)
FN:670,(anonymous_26)
FN:685,(anonymous_27)
FN:700,(anonymous_28)
FN:731,(anonymous_29)
FN:750,(anonymous_30)
FNF:21
FNH:9
FNDA:5,(anonymous_10)
FNDA:3,(anonymous_11)
FNDA:2,(anonymous_12)
FNDA:2,(anonymous_13)
FNDA:2,(anonymous_14)
FNDA:0,(anonymous_15)
FNDA:0,(anonymous_16)
FNDA:0,(anonymous_17)
FNDA:0,(anonymous_18)
FNDA:0,(anonymous_19)
FNDA:3,(anonymous_20)
FNDA:3,(anonymous_21)
FNDA:3,(anonymous_22)
FNDA:0,(anonymous_23)
FNDA:0,(anonymous_24)
FNDA:0,(anonymous_25)
FNDA:0,(anonymous_26)
FNDA:0,(anonymous_27)
FNDA:2,(anonymous_28)
FNDA:0,(anonymous_29)
FNDA:0,(anonymous_30)
DA:17,1
DA:18,1
DA:19,1
DA:20,1
DA:21,1
DA:22,1
DA:23,1
DA:24,1
DA:82,1
DA:103,5
DA:105,5
DA:107,5
DA:109,5
DA:116,5
DA:117,1
DA:121,4
DA:126,4
DA:127,1
DA:131,3
DA:136,2
DA:137,2
DA:140,2
DA:146,2
DA:147,2
DA:150,2
DA:153,2
DA:161,2
DA:164,2
DA:188,2
DA:191,2
DA:206,2
DA:213,3
DA:216,3
DA:217,0
DA:218,0
DA:219,0
DA:221,0
DA:225,3
DA:235,3
DA:238,3
DA:242,3
DA:243,1
DA:246,2
DA:256,2
DA:257,2
DA:258,2
DA:262,2
DA:263,0
DA:268,2
DA:269,2
DA:278,2
DA:283,2
DA:284,0
DA:285,0
DA:288,0
DA:306,2
DA:320,2
DA:323,2
DA:325,2
DA:327,2
DA:331,2
DA:339,2
DA:341,2
DA:344,0
DA:345,0
DA:346,0
DA:349,0
DA:350,0
DA:351,0
DA:363,0
DA:376,0
DA:377,0
DA:380,0
DA:381,0
DA:389,0
DA:390,0
DA:403,0
DA:415,0
DA:423,0
DA:424,0
DA:441,0
DA:443,2
DA:456,0
DA:457,0
DA:458,0
DA:461,0
DA:465,0
DA:467,0
DA:486,0
DA:488,0
DA:493,0
DA:494,0
DA:495,0
DA:496,0
DA:499,0
DA:500,0
DA:503,0
DA:504,0
DA:507,0
DA:508,0
DA:512,0
DA:513,0
DA:520,0
DA:521,0
DA:524,0
DA:531,0
DA:547,3
DA:548,3
DA:549,0
DA:553,3
DA:563,3
DA:564,0
DA:567,3
DA:568,3
DA:569,0
DA:573,3
DA:576,3
DA:586,3
DA:596,3
DA:611,3
DA:616,3
DA:619,3
DA:622,0
DA:627,0
DA:628,0
DA:633,0
DA:634,0
DA:635,0
DA:639,0
DA:647,0
DA:651,0
DA:652,0
DA:655,0
DA:664,0
DA:671,0
DA:679,0
DA:686,0
DA:694,0
DA:701,2
DA:732,0
DA:734,0
DA:739,0
DA:740,0
DA:744,0
DA:745,0
DA:749,0
DA:750,0
DA:751,0
DA:752,0
DA:757,0
DA:762,0
DA:763,0
DA:764,0
DA:765,0
DA:767,0
DA:772,0
DA:785,0
DA:787,0
DA:788,0
DA:793,1
LF:160
LH:71
BRDA:116,0,0,1
BRDA:126,1,0,1
BRDA:126,2,0,4
BRDA:126,2,1,4
BRDA:169,3,0,2
BRDA:169,3,1,1
BRDA:178,4,0,2
BRDA:178,4,1,1
BRDA:179,5,0,2
BRDA:179,5,1,2
BRDA:180,6,0,2
BRDA:180,6,1,2
BRDA:181,7,0,2
BRDA:181,7,1,2
BRDA:216,8,0,0
BRDA:242,9,0,1
BRDA:258,10,0,2
BRDA:258,10,1,0
BRDA:262,11,0,0
BRDA:283,12,0,0
BRDA:284,13,0,0
BRDA:331,14,0,2
BRDA:331,14,1,0
BRDA:341,15,0,2
BRDA:341,15,1,0
BRDA:344,16,0,0
BRDA:349,17,0,0
BRDA:423,18,0,0
BRDA:423,19,0,0
BRDA:423,19,1,0
BRDA:432,20,0,0
BRDA:432,20,1,0
BRDA:434,21,0,0
BRDA:434,21,1,0
BRDA:446,22,0,2
BRDA:446,22,1,0
BRDA:457,23,0,0
BRDA:465,24,0,0
BRDA:486,25,0,0
BRDA:486,26,0,0
BRDA:486,27,0,0
BRDA:486,27,1,0
BRDA:493,28,0,0
BRDA:493,28,1,0
BRDA:495,29,0,0
BRDA:499,30,0,0
BRDA:503,31,0,0
BRDA:507,32,0,0
BRDA:512,33,0,0
BRDA:520,34,0,0
BRDA:548,35,0,0
BRDA:563,36,0,0
BRDA:568,37,0,0
BRDA:568,38,0,3
BRDA:568,38,1,3
BRDA:598,39,0,3
BRDA:598,39,1,1
BRDA:598,39,2,1
BRDA:599,40,0,3
BRDA:599,40,1,2
BRDA:599,40,2,2
BRDA:600,41,0,3
BRDA:600,41,1,2
BRDA:600,41,2,2
BRDA:616,42,0,0
BRDA:619,43,0,3
BRDA:627,44,0,0
BRDA:633,45,0,0
BRDA:651,46,0,0
BRDA:708,47,0,0
BRDA:708,47,1,2
BRDA:713,48,0,2
BRDA:713,48,1,1
BRDA:714,49,0,2
BRDA:714,49,1,1
BRDA:715,50,0,2
BRDA:715,50,1,1
BRDA:718,51,0,2
BRDA:718,51,1,2
BRDA:719,52,0,2
BRDA:719,52,1,2
BRDA:739,53,0,0
BRDA:744,54,0,0
BRDA:751,55,0,0
BRF:84
BRH:42
end_of_record
TN:
SF:src\services\documentTimelineService.ts
FN:41,(anonymous_1)
FN:87,(anonymous_2)
FN:99,(anonymous_3)
FN:114,(anonymous_4)
FN:131,(anonymous_5)
FN:156,(anonymous_6)
FN:171,(anonymous_7)
FN:193,(anonymous_8)
FN:194,(anonymous_9)
FN:208,(anonymous_10)
FN:210,(anonymous_11)
FN:236,(anonymous_12)
FN:257,(anonymous_13)
FN:264,(anonymous_14)
FN:279,(anonymous_15)
FN:281,(anonymous_16)
FN:326,(anonymous_17)
FN:334,(anonymous_18)
FN:338,(anonymous_19)
FN:342,(anonymous_20)
FN:346,(anonymous_21)
FN:350,(anonymous_22)
FNF:22
FNH:22
FNDA:2,(anonymous_1)
FNDA:4,(anonymous_2)
FNDA:2,(anonymous_3)
FNDA:1,(anonymous_4)
FNDA:2,(anonymous_5)
FNDA:1,(anonymous_6)
FNDA:2,(anonymous_7)
FNDA:1,(anonymous_8)
FNDA:1,(anonymous_9)
FNDA:1,(anonymous_10)
FNDA:1,(anonymous_11)
FNDA:2,(anonymous_12)
FNDA:2,(anonymous_13)
FNDA:8,(anonymous_14)
FNDA:2,(anonymous_15)
FNDA:2,(anonymous_16)
FNDA:7,(anonymous_17)
FNDA:13,(anonymous_18)
FNDA:2,(anonymous_19)
FNDA:3,(anonymous_20)
FNDA:3,(anonymous_21)
FNDA:5,(anonymous_22)
DA:6,1
DA:7,1
DA:37,1
DA:46,2
DA:55,2
DA:56,0
DA:60,2
DA:64,2
DA:65,0
DA:69,2
DA:70,2
DA:71,1
DA:73,2
DA:74,0
DA:78,2
DA:86,2
DA:87,4
DA:89,2
DA:100,2
DA:114,2
DA:132,2
DA:156,2
DA:172,2
DA:191,2
DA:193,1
DA:194,1
DA:197,2
DA:208,2
DA:210,2
DA:211,1
DA:212,1
DA:213,1
DA:215,1
DA:237,2
DA:256,2
DA:258,2
DA:259,2
DA:264,8
DA:268,2
DA:279,2
DA:281,2
DA:282,2
DA:283,2
DA:285,2
DA:286,1
DA:298,1
DA:301,1
DA:302,1
DA:303,1
DA:304,1
DA:305,1
DA:307,1
DA:319,1
DA:322,0
DA:327,7
DA:328,0
DA:331,7
DA:335,13
DA:339,2
DA:343,3
DA:347,3
DA:351,5
DA:352,0
DA:360,5
LF:64
LH:58
BRDA:55,0,0,0
BRDA:64,1,0,0
BRDA:70,2,0,1
BRDA:70,3,0,2
BRDA:70,3,1,1
BRDA:73,4,0,0
BRDA:91,5,0,2
BRDA:91,5,1,0
BRDA:124,6,0,1
BRDA:124,6,1,0
BRDA:164,7,0,1
BRDA:164,7,1,0
BRDA:197,8,0,1
BRDA:197,8,1,1
BRDA:213,9,0,1
BRDA:213,9,1,0
BRDA:217,10,0,0
BRDA:217,10,1,1
BRDA:221,11,0,0
BRDA:221,11,1,1
BRDA:222,12,0,0
BRDA:222,12,1,0
BRDA:222,12,2,0
BRDA:222,12,3,0
BRDA:224,13,0,1
BRDA:224,13,1,0
BRDA:224,13,2,0
BRDA:224,13,3,0
BRDA:225,14,0,1
BRDA:225,14,1,0
BRDA:228,15,0,1
BRDA:228,15,1,0
BRDA:268,16,0,1
BRDA:268,16,1,1
BRDA:285,17,0,1
BRDA:295,18,0,1
BRDA:295,18,1,0
BRDA:301,19,0,1
BRDA:301,20,0,1
BRDA:301,20,1,0
BRDA:302,21,0,1
BRDA:302,21,1,0
BRDA:303,22,0,1
BRDA:303,22,1,0
BRDA:304,23,0,1
BRDA:304,23,1,0
BRDA:305,24,0,1
BRDA:305,24,1,0
BRDA:311,25,0,1
BRDA:311,25,1,0
BRDA:313,26,0,1
BRDA:313,26,1,0
BRDA:313,26,2,0
BRDA:313,26,3,0
BRDA:314,27,0,1
BRDA:314,27,1,0
BRDA:314,27,2,0
BRDA:314,27,3,0
BRDA:316,28,0,1
BRDA:316,28,1,0
BRDA:327,29,0,0
BRDA:327,30,0,7
BRDA:327,30,1,7
BRDA:327,30,2,7
BRDA:335,31,0,7
BRDA:335,31,1,6
[...]
DA:283,0
DA:284,0
DA:327,0
DA:328,0
DA:329,0
DA:336,0
DA:337,0
DA:338,0
DA:347,0
DA:360,0
DA:361,0
DA:362,0
DA:364,0
DA:365,0
DA:376,0
DA:386,0
DA:401,0
LF:80
LH:0
BRDA:77,0,0,0
BRDA:77,1,0,0
BRDA:77,1,1,0
BRDA:179,2,0,0
BRDA:192,3,0,0
BRDA:192,3,1,0
BRDA:239,4,0,0
BRDA:253,5,0,0
BRDA:257,6,0,0
BRDA:328,7,0,0
BRDA:337,8,0,0
BRDA:401,9,0,0
BRDA:401,9,1,0
BRF:13
BRH:0
end_of_record
TN:
SF:src\services\userService.ts
FN:25,(anonymous_1)
FN:58,(anonymous_2)
FN:70,(anonymous_3)
FN:91,(anonymous_4)
FN:103,(anonymous_5)
FN:142,(anonymous_6)
FN:164,(anonymous_7)
FN:187,(anonymous_8)
FN:213,(anonymous_9)
FN:252,(anonymous_10)
FNF:10
FNH:0
FNDA:0,(anonymous_1)
FNDA:0,(anonymous_2)
FNDA:0,(anonymous_3)
FNDA:0,(anonymous_4)
FNDA:0,(anonymous_5)
FNDA:0,(anonymous_6)
FNDA:0,(anonymous_7)
FNDA:0,(anonymous_8)
FNDA:0,(anonymous_9)
FNDA:0,(anonymous_10)
DA:1,0
DA:21,0
DA:26,0
DA:52,0
DA:53,0
DA:56,0
DA:58,0
DA:71,0
DA:85,0
DA:92,0
DA:97,0
DA:108,0
DA:109,0
DA:116,0
DA:117,0
DA:121,0
DA:136,0
DA:144,0
DA:158,0
DA:166,0
DA:180,0
DA:192,0
DA:207,0
DA:219,0
DA:221,0
DA:240,0
DA:254,0
DA:258,0
DA:259,0
DA:264,0
DA:265,0
DA:268,0
LF:32
LH:0
BRDA:52,0,0,0
BRDA:97,1,0,0
BRDA:97,1,1,0
BRDA:108,2,0,0
BRDA:116,3,0,0
BRDA:187,4,0,0
BRDA:213,5,0,0
BRDA:213,6,0,0
BRDA:258,7,0,0
BRF:9
BRH:0
end_of_record
TN:
SF:src\services\userSuspensionService.ts
FN:66,(anonymous_1)
FN:80,(anonymous_2)
FN:90,(anonymous_3)
FN:98,(anonymous_4)
FN:100,(anonymous_5)
FN:132,(anonymous_6)
FN:136,(anonymous_7)
FN:140,(anonymous_8)
FN:147,(anonymous_9)
FN:154,(anonymous_10)
FN:159,(anonymous_11)
FN:190,(anonymous_12)
FN:255,(anonymous_13)
FN:297,(anonymous_14)
FNF:14
FNH:4
FNDA:0,(anonymous_1)
FNDA:0,(anonymous_2)
FNDA:2,(anonymous_3)
FNDA:2,(anonymous_4)
FNDA:1,(anonymous_5)
FNDA:0,(anonymous_6)
FNDA:0,(anonymous_7)
FNDA:0,(anonymous_8)
FNDA:0,(anonymous_9)
FNDA:2,(anonymous_10)
FNDA:0,(anonymous_11)
FNDA:0,(anonymous_12)
FNDA:0,(anonymous_13)
FNDA:0,(anonymous_14)
DA:1,1
DA:2,1
DA:8,1
DA:63,1
DA:67,0
DA:68,0
DA:72,1
DA:77,1
DA:78,1
DA:81,0
DA:82,0
DA:85,0
DA:91,2
DA:92,2
DA:95,2
DA:96,2
DA:99,2
DA:100,1
DA:106,2
DA:107,1
DA:111,1
DA:114,1
DA:116,0
DA:117,0
DA:121,0
DA:124,0
DA:126,2
DA:127,2
DA:133,0
DA:137,0
DA:144,0
DA:151,0
DA:155,2
DA:156,2
DA:164,0
DA:165,0
DA:167,0
DA:168,0
DA:171,0
DA:172,0
DA:175,0
DA:195,0
DA:196,0
DA:197,0
DA:200,0
DA:201,0
DA:203,0
DA:204,0
DA:205,0
DA:206,0
DA:209,0
DA:210,0
DA:214,0
DA:236,0
DA:237,0
DA:241,0
DA:244,0
DA:248,0
DA:260,0
DA:261,0
DA:262,0
DA:265,0
DA:266,0
DA:269,0
DA:270,0
DA:271,0
DA:274,0
DA:275,0
DA:278,0
DA:279,0
DA:283,0
DA:284,0
DA:289,0
DA:292,0
DA:293,0
DA:298,0
DA:309,0
DA:310,0
DA:313,0
DA:325,0
DA:326,0
DA:332,0
LF:82
LH:21
BRDA:81,0,0,0
BRDA:85,1,0,0
BRDA:85,1,1,0
BRDA:85,1,2,0
BRDA:106,2,0,1
BRDA:116,3,0,0
BRDA:119,4,0,0
BRDA:119,4,1,0
BRDA:126,5,0,2
BRDA:156,6,0,2
BRDA:156,6,1,1
BRDA:167,7,0,0
BRDA:167,8,0,0
BRDA:167,8,1,0
BRDA:167,8,2,0
BRDA:171,9,0,0
BRDA:171,10,0,0
BRDA:171,10,1,0
BRDA:171,10,2,0
BRDA:178,11,0,0
BRDA:178,11,1,0
BRDA:185,12,0,0
BRDA:185,12,1,0
BRDA:186,13,0,0
BRDA:186,13,1,0
BRDA:196,14,0,0
BRDA:204,15,0,0
BRDA:205,16,0,0
BRDA:205,17,0,0
BRDA:205,17,1,0
BRDA:209,18,0,0
BRDA:209,19,0,0
BRDA:209,19,1,0
BRDA:216,20,0,0
BRDA:216,20,1,0
BRDA:220,21,0,0
BRDA:220,21,1,0
BRDA:236,22,0,0
BRDA:237,23,0,0
BRDA:237,23,1,0
BRDA:261,24,0,0
BRDA:265,25,0,0
BRDA:270,26,0,0
BRDA:274,27,0,0
BRDA:274,28,0,0
BRDA:274,28,1,0
BRDA:274,29,0,0
BRDA:274,29,1,0
BRDA:278,30,0,0
BRDA:292,31,0,0
BRDA:292,32,0,0
BRDA:292,32,1,0
BRDA:309,33,0,0
BRDA:325,34,0,0
BRF:54
BRH:4
end_of_record
TN:
SF:src\services\verificationService.ts
FN:54,(anonymous_1)
FN:142,(anonymous_2)
FN:149,(anonymous_3)
FN:165,(anonymous_4)
FN:188,(anonymous_5)
FN:289,(anonymous_6)
FN:296,(anonymous_7)
FN:311,(anonymous_8)
FN:319,(anonymous_9)
FNF:9
FNH:0
FNDA:0,(anonymous_1)
FNDA:0,(anonymous_2)
FNDA:0,(anonymous_3)
FNDA:0,(anonymous_4)
FNDA:0,(anonymous_5)
FNDA:0,(anonymous_6)
FNDA:0,(anonymous_7)
FNDA:0,(anonymous_8)
FNDA:0,(anonymous_9)
DA:2,0
DA:3,0
DA:4,0
DA:5,0
DA:6,0
DA:7,0
DA:50,0
DA:56,0
DA:59,0
DA:103,0
DA:104,0
DA:110,0
DA:111,0
DA:112,0
DA:113,0
DA:114,0
DA:116,0
DA:127,0
DA:130,0
DA:142,0
DA:149,0
DA:166,0
DA:167,0
DA:171,0
DA:176,0
DA:178,0
DA:182,0
DA:189,0
DA:233,0
DA:235,0
DA:236,0
DA:237,0
DA:239,0
DA:252,0
DA:259,0
DA:260,0
DA:261,0
DA:262,0
DA:264,0
DA:274,0
DA:277,0
DA:289,0
DA:296,0
DA:314,0
DA:315,0
DA:316,0
DA:318,0
DA:321,0
DA:326,0
DA:335,0
LF:50
LH:0
BRDA:103,0,0,0
BRDA:111,1,0,0
BRDA:123,2,0,0
BRDA:123,2,1,0
BRDA:137,3,0,0
BRDA:137,3,1,0
BRDA:139,4,0,0
BRDA:139,4,1,0
BRDA:140,5,0,0
BRDA:140,5,1,0
BRDA:145,6,0,0
BRDA:145,6,1,0
BRDA:152,7,0,0
BRDA:152,7,1,0
BRDA:153,8,0,0
BRDA:153,8,1,0
BRDA:166,9,0,0
BRDA:166,10,0,0
BRDA:166,10,1,0
BRDA:176,11,0,0
BRDA:233,12,0,0
BRDA:248,13,0,0
BRDA:248,13,1,0
BRDA:271,14,0,0
BRDA:271,14,1,0
BRDA:284,15,0,0
BRDA:284,15,1,0
BRDA:286,16,0,0
BRDA:286,16,1,0
BRDA:287,17,0,0
BRDA:287,17,1,0
BRDA:292,18,0,0
BRDA:292,18,1,0
BRDA:299,19,0,0
BRDA:299,19,1,0
BRDA:300,20,0,0
BRDA:300,20,1,0
BRDA:314,21,0,0
BRDA:329,22,0,0
BRDA:329,22,1,0
BRF:40
BRH:0
end_of_record
TN:
SF:src\services\versionService.ts
FN:68,(anonymous_10)
FN:220,(anonymous_11)
FN:270,(anonymous_12)
FN:305,(anonymous_13)
FN:311,(anonymous_14)
FN:348,(anonymous_15)
FN:398,(anonymous_16)
FN:413,(anonymous_17)
FN:428,(anonymous_18)
FN:442,(anonymous_19)
FN:463,(anonymous_20)
FN:529,(anonymous_21)
FN:581,(anonymous_22)
FN:667,(anonymous_23)
FNF:14
FNH:4
FNDA:0,(anonymous_10)
FNDA:1,(anonymous_11)
FNDA:0,(anonymous_12)
FNDA:0,(anonymous_13)
FNDA:0,(anonymous_14)
FNDA:2,(anonymous_15)
FNDA:2,(anonymous_16)
FNDA:0,(anonymous_17)
FNDA:0,(anonymous_18)
FNDA:1,(anonymous_19)
FNDA:0,(anonymous_20)
FNDA:0,(anonymous_21)
FNDA:0,(anonymous_22)
FNDA:0,(anonymous_23)
DA:9,1
DA:10,1
DA:11,1
DA:12,1
DA:13,1
DA:14,1
DA:15,1
DA:59,1
DA:75,0
DA:77,0
DA:79,0
DA:81,0
DA:88,0
DA:89,0
DA:93,0
DA:97,0
DA:98,0
DA:102,0
DA:103,0
DA:107,0
DA:110,0
DA:111,0
DA:112,0
DA:118,0
DA:119,0
DA:123,0
DA:128,0
DA:129,0
DA:133,0
DA:135,0
DA:136,0
DA:139,0
DA:145,0
DA:146,0
DA:149,0
DA:152,0
DA:155,0
DA:158,0
DA:173,0
DA:176,0
DA:191,0
DA:199,0
DA:202,0
DA:203,0
DA:204,0
DA:205,0
DA:207,0
DA:211,0
DA:221,1
DA:224,1
DA:228,1
DA:229,0
DA:233,1
DA:234,0
DA:238,1
DA:246,1
DA:249,1
DA:264,1
DA:272,0
DA:276,0
DA:277,0
DA:280,0
DA:283,0
DA:284,0
DA:288,0
DA:289,0
DA:296,0
DA:297,0
DA:300,0
DA:305,0
DA:312,0
DA:321,0
DA:324,0
DA:327,0
DA:328,0
DA:332,0
DA:333,0
DA:340,0
DA:342,0
DA:355,2
DA:368,2
DA:369,0
DA:373,2
DA:376,2
DA:377,0
DA:381,0
DA:382,0
DA:389,2
DA:390,0
DA:393,2
DA:394,0
DA:398,4
DA:399,2
DA:401,2
DA:414,0
DA:422,0
DA:429,0
DA:436,0
DA:443,1
DA:464,0
DA:466,0
DA:475,0
DA:476,0
DA:480,0
DA:481,0
DA:484,0
DA:487,0
DA:492,0
DA:493,0
DA:494,0
DA:495,0
DA:497,0
DA:502,0
DA:516,0
DA:518,0
DA:519,0
DA:530,0
DA:532,0
DA:541,0
DA:542,0
DA:546,0
DA:547,0
DA:551,0
DA:556,0
DA:570,0
DA:572,0
DA:573,0
DA:588,0
DA:589,0
DA:592,0
DA:593,0
DA:598,0
DA:601,0
DA:602,0
DA:604,0
DA:605,0
DA:607,0
DA:608,0
DA:612,0
DA:615,0
DA:616,0
DA:618,0
DA:619,0
DA:623,0
DA:624,0
DA:627,0
DA:628,0
DA:644,0
DA:659,0
DA:661,0
DA:671,0
DA:674,0
DA:675,0
DA:677,0
DA:678,0
DA:681,0
DA:689,0
DA:691,0
DA:706,1
LF:159
LH:27
BRDA:88,0,0,0
BRDA:97,1,0,0
BRDA:102,2,0,0
BRDA:111,3,0,0
BRDA:111,4,0,0
BRDA:111,4,1,0
BRDA:118,5,0,0
BRDA:118,6,0,0
BRDA:118,6,1,0
BRDA:128,7,0,0
BRDA:128,8,0,0
BRDA:128,8,1,0
BRDA:166,9,0,0
BRDA:166,9,1,0
BRDA:202,10,0,0
BRDA:228,11,0,0
BRDA:233,12,0,0
BRDA:276,13,0,0
BRDA:283,14,0,0
BRDA:283,15,0,0
BRDA:283,15,1,0
BRDA:288,16,0,0
BRDA:296,17,0,0
BRDA:321,18,0,0
BRDA:327,19,0,0
BRDA:327,20,0,0
BRDA:327,20,1,0
BRDA:332,21,0,0
BRDA:340,22,0,0
BRDA:368,23,0,0
BRDA:376,24,0,0
BRDA:376,25,0,2
BRDA:376,25,1,0
BRDA:381,26,0,0
BRDA:389,27,0,0
BRDA:393,28,0,0
BRDA:404,29,0,2
BRDA:404,29,1,1
BRDA:404,29,2,1
BRDA:405,30,0,2
BRDA:405,30,1,1
BRDA:406,31,0,2
BRDA:406,31,1,1
BRDA:475,32,0,0
BRDA:480,33,0,0
BRDA:492,34,0,0
BRDA:541,35,0,0
BRDA:546,36,0,0
BRDA:588,37,0,0
BRDA:592,38,0,0
BRDA:601,39,0,0
BRDA:604,40,0,0
BRDA:607,41,0,0
BRDA:615,42,0,0
BRDA:618,43,0,0
BRDA:674,44,0,0
BRDA:677,45,0,0
BRDA:696,46,0,0
BRDA:696,46,1,0
BRF:59
BRH:8
end_of_record
TN:
SF:src\services\walletDocumentService.ts
FN:31,(anonymous_1)
FN:50,(anonymous_2)
FN:63,(anonymous_3)
FN:89,(anonymous_4)
FN:102,(anonymous_5)
FN:124,(anonymous_6)
FN:136,(anonymous_7)
FN:164,(anonymous_8)
FN:187,(anonymous_9)
FN:192,(anonymous_10)
FN:198,(anonymous_11)
FN:203,(anonymous_12)
FN:215,(anonymous_13)
FN:233,(anonymous_14)
FN:250,(anonymous_15)
FN:269,(anonymous_16)
FN:293,(anonymous_17)
FN:294,(anonymous_18)
FN:295,(anonymous_19)
FNF:19
FNH:0
FNDA:0,(anonymous_1)
FNDA:0,(anonymous_2)
FNDA:0,(anonymous_3)
FNDA:0,(anonymous_4)
FNDA:0,(anonymous_5)
FNDA:0,(anonymous_6)
FNDA:0,(anonymous_7)
FNDA:0,(anonymous_8)
FNDA:0,(anonymous_9)
FNDA:0,(anonymous_10)
FNDA:0,(anonymous_11)
FNDA:0,(anonymous_12)
FNDA:0,(anonymous_13)
FNDA:0,(anonymous_14)
FNDA:0,(anonymous_15)
FNDA:0,(anonymous_16)
FNDA:0,(anonymous_17)
FNDA:0,(anonymous_18)
FNDA:0,(anonymous_19)
DA:8,0
DA:10,0
DA:27,0
DA:33,0
DA:37,0
DA:38,0
DA:41,0
DA:50,0
DA:65,0
DA:69,0
DA:70,0
DA:74,0
DA:76,0
DA:77,0
DA:80,0
DA:89,0
DA:104,0
DA:108,0
DA:109,0
DA:112,0
DA:124,0
DA:137,0
DA:141,0
DA:142,0
DA:146,0
DA:153,0
DA:154,0
DA:164,0
DA:167,0
DA:184,0
DA:186,0
DA:187,0
DA:192,0
DA:198,0
DA:203,0
DA:220,0
DA:224,0
DA:225,0
DA:227,0
DA:228,0
DA:233,0
DA:241,0
DA:244,0
DA:264,0
DA:268,0
DA:270,0
DA:281,0
DA:293,0
DA:294,0
DA:295,0
DA:297,0
DA:306,0
LF:52
LH:0
BRDA:37,0,0,0
BRDA:69,1,0,0
BRDA:76,2,0,0
BRDA:108,3,0,0
BRDA:141,4,0,0
BRDA:154,5,0,0
BRDA:154,5,1,0
BRF:7
BRH:0
end_of_record
TN:
SF:src\services\walletService.ts
FN:19,(anonymous_1)
FN:36,(anonymous_2)
FN:49,(anonymous_3)
FN:127,(anonymous_4)
FN:159,(anonymous_5)
FN:204,(anonymous_6)
FN:246,(anonymous_7)
FN:279,(anonymous_8)
FN:295,(anonymous_9)
FNF:9
FNH:0
FNDA:0,(anonymous_1)
FNDA:0,(anonymous_2)
FNDA:0,(anonymous_3)
FNDA:0,(anonymous_4)
FNDA:0,(anonymous_5)
FNDA:0,(anonymous_6)
FNDA:0,(anonymous_7)
FNDA:0,(anonymous_8)
FNDA:0,(anonymous_9)
DA:1,0
DA:2,0
DA:3,0
DA:5,0
DA:15,0
DA:20,0
DA:36,0
DA:56,0
DA:57,0
DA:61,0
DA:64,0
DA:71,0
DA:72,0
DA:76,0
DA:80,0
DA:81,0
DA:85,0
DA:86,0
DA:93,0
DA:96,0
DA:114,0
DA:128,0
DA:135,0
DA:136,0
DA:140,0
DA:141,0
DA:145,0
DA:146,0
DA:151,0
DA:161,0
DA:168,0
DA:169,0
DA:173,0
DA:179,0
DA:192,0
DA:210,0
DA:217,0
DA:218,0
DA:221,0
DA:234,0
DA:247,0
DA:261,0
DA:262,0
DA:266,0
DA:284,0
DA:285,0
DA:286,0
DA:288,0
DA:296,0
DA:297,0
LF:50
LH:0
BRDA:53,0,0,0
BRDA:56,1,0,0
BRDA:71,2,0,0
BRDA:80,3,0,0
BRDA:85,4,0,0
BRDA:102,5,0,0
BRDA:102,5,1,0
BRDA:135,6,0,0
BRDA:140,7,0,0
BRDA:145,8,0,0
BRDA:168,9,0,0
BRDA:217,10,0,0
BRDA:261,11,0,0
BRF:13
BRH:0
end_of_record
TN:
SF:src\services\webSocketService.ts
FN:28,(anonymous_1)
FN:41,(anonymous_2)
FN:56,(anonymous_3)
FN:60,(anonymous_4)
FN:65,(anonymous_5)
FN:70,(anonymous_6)
FN:84,(anonymous_7)
FN:140,(anonymous_8)
FN:173,(anonymous_9)
FN:201,(anonymous_10)
FN:221,(anonymous_11)
FN:231,(anonymous_12)
FN:240,(anonymous_13)
FN:266,(anonymous_14)
FNF:14
FNH:0
FNDA:0,(anonymous_1)
FNDA:0,(anonymous_2)
FNDA:0,(anonymous_3)
FNDA:0,(anonymous_4)
FNDA:0,(anonymous_5)
FNDA:0,(anonymous_6)
FNDA:0,(anonymous_7)
FNDA:0,(anonymous_8)
FNDA:0,(anonymous_9)
FNDA:0,(anonymous_10)
FNDA:0,(anonymous_11)
FNDA:0,(anonymous_12)
FNDA:0,(anonymous_13)
FNDA:0,(anonymous_14)
DA:1,0
DA:3,0
DA:4,0
DA:25,0
DA:29,0
DA:42,0
DA:43,0
DA:44,0
DA:47,0
DA:56,0
DA:57,0
DA:60,0
DA:61,0
DA:65,0
DA:66,0
DA:70,0
DA:71,0
DA:75,0
DA:85,0
DA:87,0
DA:88,0
DA:89,0
DA:91,0
DA:92,0
DA:96,0
DA:97,0
DA:99,0
DA:102,0
DA:105,0
DA:107,0
DA:114,0
DA:121,0
DA:126,0
DA:131,0
DA:141,0
DA:143,0
DA:144,0
DA:147,0
DA:148,0
DA:152,0
DA:174,0
DA:175,0
DA:176,0
DA:179,0
DA:181,0
DA:202,0
DA:203,0
DA:204,0
DA:207,0
DA:209,0
DA:222,0
DA:232,0
DA:245,0
DA:246,0
DA:247,0
DA:249,0
DA:250,0
DA:251,0
DA:252,0
DA:256,0
DA:267,0
DA:268,0
DA:269,0
DA:270,0
DA:271,0
DA:276,0
LF:66
LH:0
BRDA:42,0,0,0
BRDA:49,1,0,0
BRDA:49,1,1,0
BRDA:87,2,0,0
BRDA:87,2,1,0
BRDA:91,3,0,0
BRDA:96,4,0,0
BRDA:123,5,0,0
BRDA:123,5,1,0
BRDA:143,6,0,0
BRDA:143,7,0,0
BRDA:143,7,1,0
BRDA:147,8,0,0
BRDA:154,9,0,0
BRDA:154,9,1,0
BRDA:174,10,0,0
BRDA:202,11,0,0
BRDA:222,12,0,0
BRDA:222,12,1,0
BRDA:232,13,0,0
BRDA:232,13,1,0
BRDA:251,14,0,0
BRDA:267,15,0,0
BRF:23
BRH:0
end_of_record
TN:
SF:src\utils\errors.ts
FN:10,(anonymous_0)
FN:20,(anonymous_1)
FN:32,(anonymous_2)
FN:46,(anonymous_3)
FN:64,(anonymous_4)
FN:77,(anonymous_5)
FN:91,(anonymous_6)
FNF:7
FNH:2
FNDA:5,(anonymous_0)
FNDA:0,(anonymous_1)
FNDA:0,(anonymous_2)
FNDA:4,(anonymous_3)
FNDA:0,(anonymous_4)
FNDA:0,(anonymous_5)
FNDA:0,(anonymous_6)
DA:9,1
DA:11,5
DA:12,5
DA:19,1
DA:21,0
DA:22,0
DA:29,1
DA:33,0
DA:34,0
DA:35,0
DA:42,1
DA:51,4
DA:52,4
DA:53,4
DA:54,4
DA:61,1
DA:65,0
DA:66,0
DA:67,0
DA:74,1
DA:78,0
DA:79,0
DA:80,0
DA:87,1
DA:92,0
DA:93,0
DA:94,0
DA:95,0
LF:28
LH:13
BRDA:11,0,0,5
BRDA:11,0,1,0
BRDA:20,1,0,0
BRF:3
BRH:1
end_of_record
TN:
SF:src\utils\fileValidation.ts
FN:145,(anonymous_0)
FN:148,(anonymous_1)
FN:151,(anonymous_2)
FN:156,isValidExtension
FN:164,isValidMimeType
FN:171,getFileExtension
FN:179,getFileTypeConfig
FN:181,(anonymous_7)
FN:187,isValidFileSize
FN:209,validateFile
FN:241,getFileIcon
FNF:11
FNH:0
FNDA:0,(anonymous_0)
FNDA:0,(anonymous_1)
FNDA:0,(anonymous_2)
FNDA:0,isValidExtension
FNDA:0,isValidMimeType
FNDA:0,getFileExtension
FNDA:0,getFileTypeConfig
FNDA:0,(anonymous_7)
FNDA:0,isValidFileSize
FNDA:0,validateFile
FNDA:0,getFileIcon
DA:14,0
DA:29,0
DA:42,0
DA:54,0
DA:69,0
DA:83,0
DA:97,0
DA:111,0
DA:133,0
DA:145,0
DA:148,0
DA:151,0
DA:156,0
DA:157,0
DA:158,0
DA:164,0
DA:165,0
DA:171,0
DA:172,0
DA:173,0
DA:179,0
DA:180,0
DA:181,0
DA:187,0
DA:188,0
DA:190,0
DA:191,0
DA:194,0
DA:209,0
DA:210,0
DA:213,0
DA:214,0
DA:218,0
DA:219,0
DA:223,0
DA:224,0
DA:225,0
DA:226,0
DA:229,0
DA:231,0
DA:241,0
DA:242,0
DA:245,0
DA:246,0
DA:247,0
DA:250,0
DA:253,0
DA:256,0
DA:259,0
DA:262,0
DA:265,0
DA:268,0
DA:270,0
DA:276,0
LF:54
LH:0
BRDA:173,0,0,0
BRDA:173,0,1,0
BRDA:181,1,0,0
BRDA:181,1,1,0
BRDA:190,2,0,0
BRDA:213,3,0,0
BRDA:218,4,0,0
BRDA:224,5,0,0
BRDA:225,6,0,0
BRDA:225,6,1,0
BRDA:234,7,0,0
BRDA:234,7,1,0
BRDA:245,8,0,0
BRDA:246,9,0,0
BRDA:247,10,0,0
BRDA:250,11,0,0
BRDA:253,12,0,0
BRDA:256,13,0,0
BRDA:259,14,0,0
BRDA:262,15,0,0
BRDA:265,16,0,0
BRDA:268,17,0,0
BRF:22
BRH:0
end_of_record
TN:
SF:src\utils\logger.ts
FN:14,(anonymous_1)
FN:48,(anonymous_2)
FN:60,(anonymous_3)
FN:63,(anonymous_4)
FN:136,(anonymous_5)
FN:146,(anonymous_6)
FN:159,(anonymous_7)
FN:173,(anonymous_8)
FN:186,(anonymous_9)
FN:201,(anonymous_10)
FN:214,(anonymous_11)
FN:224,logBlockchainEvent
FN:242,logBlockchainError
FN:258,logIPFSError
FN:274,logUserActivity
FN:289,logAuthError
FN:304,withLogging
FN:308,(anonymous_18)
FNF:18
FNH:0
FNDA:0,(anonymous_1)
FNDA:0,(anonymous_2)
FNDA:0,(anonymous_3)
FNDA:0,(anonymous_4)
FNDA:0,(anonymous_5)
FNDA:0,(anonymous_6)
FNDA:0,(anonymous_7)
FNDA:0,(anonymous_8)
FNDA:0,(anonymous_9)
FNDA:0,(anonymous_10)
FNDA:0,(anonymous_11)
FNDA:0,logBlockchainEvent
FNDA:0,logBlockchainError
FNDA:0,logIPFSError
FNDA:0,logUserActivity
FNDA:0,logAuthError
FNDA:0,withLogging
FNDA:0,(anonymous_18)
DA:1,0
DA:2,0
DA:3,0
DA:6,0
DA:7,0
DA:8,0
DA:14,0
DA:15,0
DA:16,0
DA:17,0
DA:18,0
DA:19,0
DA:20,0
DA:21,0
DA:22,0
DA:23,0
DA:24,0
DA:25,0
DA:26,0
DA:27,0
DA:28,0
DA:29,0
DA:30,0
DA:31,0
DA:32,0
DA:33,0
DA:37,0
DA:45,0
DA:49,0
DA:52,0
DA:53,0
DA:54,0
DA:55,0
DA:57,0
DA:60,0
DA:61,0
DA:62,0
DA:63,0
DA:64,0
DA:67,0
DA:72,0
DA:113,0
DA:114,0
DA:130,0
DA:137,0
DA:138,0
DA:139,0
DA:140,0
DA:147,0
DA:160,0
DA:174,0
DA:187,0
DA:202,0
DA:215,0
DA:224,0
DA:233,0
DA:242,0
DA:247,0
DA:258,0
DA:263,0
DA:274,0
DA:279,0
DA:289,0
DA:294,0
DA:304,0
DA:308,0
DA:309,0
DA:310,0
DA:311,0
DA:312,0
DA:313,0
DA:315,0
DA:320,0
DA:325,0
LF:74
LH:0
BRDA:7,0,0,0
BRDA:14,1,0,0
BRDA:14,1,1,0
BRDA:52,2,0,0
BRDA:53,3,0,0
BRDA:54,4,0,0
BRDA:55,5,0,0
BRDA:61,6,0,0
BRDA:73,7,0,0
BRDA:73,7,1,0
BRDA:113,8,0,0
BRF:11
BRH:0
end_of_record
TN:
SF:src\utils\request.ts
FN:9,getParam
FN:19,getQuery
FN:29,getQueryArray
FNF:3
FNH:0
FNDA:0,getParam
FNDA:0,getQuery
FNDA:0,getQueryArray
DA:9,0
DA:10,0
DA:11,0
DA:13,0
DA:19,0
DA:20,0
DA:21,0
DA:23,0
DA:29,0
DA:30,0
DA:31,0
DA:33,0
LF:12
LH:0
BRDA:10,0,0,0
BRDA:13,1,0,0
BRDA:13,1,1,0
BRDA:20,2,0,0
BRDA:23,3,0,0
BRDA:23,3,1,0
BRDA:30,4,0,0
BRDA:33,5,0,0
BRDA:33,5,1,0
BRF:9
BRH:0
end_of_record
TN:
SF:src\validators\passwordPolicy.ts
FN:91,validatePassword
FN:142,(anonymous_2)
FN:179,calculatePasswordScore
FN:218,getPasswordStrength
FN:233,isDifferentPassword
FN:266,generateSecurePassword
FN:309,estimateCrackTime
FNF:7
FNH:0
FNDA:0,validatePassword
FNDA:0,(anonymous_2)
FNDA:0,calculatePasswordScore
FNDA:0,getPasswordStrength
FNDA:0,isDifferentPassword
FNDA:0,generateSecurePassword
FNDA:0,estimateCrackTime
DA:1,1
DA:41,1
DA:62,1
DA:91,1
DA:95,0
DA:96,0
DA:99,0
DA:100,0
DA:102,0
DA:103,0
DA:107,0
DA:108,0
DA:110,0
DA:111,0
DA:113,0
DA:114,0
DA:116,0
DA:117,0
DA:120,0
DA:121,0
DA:126,0
DA:127,0
DA:128,0
DA:129,0
DA:134,0
DA:135,0
DA:136,0
DA:140,0
DA:141,0
DA:142,0
DA:143,0
DA:145,0
DA:146,0
DA:151,0
DA:152,0
DA:155,0
DA:156,0
DA:159,0
DA:183,0
DA:187,0
DA:190,0
DA:191,0
DA:192,0
DA:193,0
DA:194,0
DA:198,0
DA:199,0
DA:203,0
DA:205,0
DA:206,0
DA:209,0
DA:219,0
DA:220,0
DA:221,0
DA:222,0
DA:233,1
DA:238,0
DA:239,0
DA:242,0
DA:243,0
DA:245,0
DA:246,0
DA:247,0
DA:248,0
DA:252,0
DA:253,0
DA:266,1
DA:267,0
DA:268,0
DA:269,0
DA:270,0
DA:271,0
DA:273,0
DA:276,0
DA:277,0
DA:278,0
DA:279,0
DA:282,0
DA:283,0
DA:287,0
DA:288,0
DA:289,0
DA:290,0
DA:293,0
DA:309,1
DA:311,0
DA:312,0
DA:313,0
DA:314,0
DA:315,0
DA:318,0
DA:321,0
DA:322,0
DA:325,0
DA:326,0
DA:327,0
DA:328,0
DA:329,0
DA:330,0
DA:331,0
DA:333,0
LF:101
LH:7
BRDA:99,0,0,0
BRDA:102,1,0,0
BRDA:107,2,0,0
BRDA:107,3,0,0
BRDA:107,3,1,0
BRDA:110,4,0,0
BRDA:110,5,0,0
BRDA:110,5,1,0
BRDA:113,6,0,0
BRDA:113,7,0,0
BRDA:113,7,1,0
BRDA:116,8,0,0
BRDA:120,9,0,0
BRDA:127,10,0,0
BRDA:135,11,0,0
BRDA:140,12,0,0
BRDA:145,13,0,0
BRDA:155,14,0,0
BRDA:155,15,0,0
BRDA:155,15,1,0
BRDA:190,16,0,0
BRDA:191,17,0,0
BRDA:192,18,0,0
BRDA:193,19,0,0
BRDA:203,20,0,0
BRDA:205,21,0,0
BRDA:219,22,0,0
BRDA:220,23,0,0
BRDA:221,24,0,0
BRDA:236,25,0,0
BRDA:238,26,0,0
BRDA:239,27,0,0
BRDA:247,28,0,0
BRDA:266,29,0,0
BRDA:312,30,0,0
BRDA:313,31,0,0
BRDA:314,32,0,0
BRDA:315,33,0,0
BRDA:325,34,0,0
BRDA:326,35,0,0
BRDA:327,36,0,0
BRDA:328,37,0,0
BRDA:329,38,0,0
BRDA:330,39,0,0
BRF:44
BRH:0
end_of_record
TN:
SF:src\workers\blockchainSync.ts
FN:21,checkTxAndUpdate
FN:43,(anonymous_2)
FN:58,checkPendingTransactions
FN:72,(anonymous_4)
FN:79,(anonymous_5)
FN:99,checkPendingVersionTransactions
FN:113,(anonymous_7)
FN:120,(anonymous_8)
FN:140,checkPendingSignatureTransactions
FN:154,(anonymous_10)
FN:161,(anonymous_11)
FN:182,(anonymous_12)
FNF:12
FNH:0
FNDA:0,checkTxAndUpdate
FNDA:0,(anonymous_2)
FNDA:0,checkPendingTransactions
FNDA:0,(anonymous_4)
FNDA:0,(anonymous_5)
FNDA:0,checkPendingVersionTransactions
FNDA:0,(anonymous_7)
FNDA:0,(anonymous_8)
FNDA:0,checkPendingSignatureTransactions
FNDA:0,(anonymous_10)
FNDA:0,(anonymous_11)
FNDA:0,(anonymous_12)
DA:12,0
DA:13,0
DA:14,0
DA:15,0
DA:16,0
DA:26,0
DA:27,0
DA:28,0
DA:31,0
DA:33,0
DA:34,0
DA:35,0
DA:36,0
DA:37,0
DA:38,0
DA:43,0
DA:44,0
DA:45,0
DA:46,0
DA:47,0
DA:49,0
DA:59,0
DA:64,0
DA:66,0
DA:68,0
DA:69,0
DA:70,0
DA:73,0
DA:77,0
DA:80,0
DA:84,0
DA:88,0
DA:100,0
DA:105,0
DA:107,0
DA:109,0
DA:110,0
DA:111,0
DA:114,0
DA:118,0
DA:121,0
DA:125,0
DA:129,0
DA:141,0
DA:146,0
DA:148,0
DA:150,0
DA:151,0
DA:152,0
DA:155,0
DA:159,0
DA:162,0
DA:166,0
DA:170,0
DA:182,0
DA:183,0
DA:184,0
DA:187,0
DA:191,0
DA:192,0
DA:196,0
DA:200,0
DA:204,0
DA:205,0
DA:209,0
DA:213,0
DA:220,0
DA:221,0
DA:225,0
DA:228,0
DA:234,0
DA:236,0
LF:72
LH:0
BRDA:26,0,0,0
BRDA:33,1,0,0
BRDA:33,1,1,0
BRDA:35,2,0,0
BRDA:35,2,1,0
BRDA:37,3,0,0
BRDA:50,4,0,0
BRDA:50,4,1,0
BRDA:64,5,0,0
BRDA:90,6,0,0
BRDA:90,6,1,0
BRDA:105,7,0,0
BRDA:112,8,0,0
BRDA:112,8,1,0
BRDA:131,9,0,0
BRDA:131,9,1,0
BRDA:146,10,0,0
BRDA:153,11,0,0
BRDA:153,11,1,0
BRDA:172,12,0,0
BRDA:172,12,1,0
BRDA:229,13,0,0
BRDA:229,13,1,0
BRF:23
BRH:0
end_of_record
