{
"contracts\\DocumentAccessControl.sol":{"l":{"44":1,"45":1,"52":36,"53":35,"54":34,"56":33,"57":33,"59":33,"66":6,"70":5,"71":4,"73":3,"76":3,"79":3,"80":3,"82":3,"83":3,"84":3,"95":19,"96":18,"97":17,"103":15,"105":14,"107":14,"114":5,"115":4,"117":3,"119":3,"130":2,"137":13,"138":13,"148":9,"149":9,"158":7,"159":7,"167":8,"174":2,"181":2},"path":"E:\\Universidad\\tfg\\smart-contracts\\contracts\\DocumentAccessControl.sol","s":{"1":1,"2":1,"3":36,"4":35,"5":34,"6":33,"7":6,"8":5,"9":4,"10":3,"11":3,"12":3,"13":3,"14":19,"15":18,"16":17,"17":15,"18":14,"19":5,"20":4,"21":3,"22":2,"23":13,"24":13,"25":9,"26":9,"27":7,"28":7,"29":8,"30":2,"31":2},"b":{"1":[35,1],"2":[34,1],"3":[33,1],"4":[5,1],"5":[4,1],"6":[4,1],"7":[3,1],"8":[18,1],"9":[17,1],"10":[15,2],"11":[9,4],"12":[4,2],"13":[14,1],"14":[4,1],"15":[3,1],"16":[1,4],"17":[4,2],"18":[2,2],"19":[1,3],"20":[3,2],"21":[1,2]},"f":{"1":1,"2":36,"3":6,"4":19,"5":5,"6":2,"7":13,"8":9,"9":7,"10":8,"11":2,"12":2},"fnMap":{"1":{"name":"constructor","line":43,"loc":{"start":{"line":43,"column":4},"end":{"line":46,"column":4}}},"2":{"name":"createDocument","line":51,"loc":{"start":{"line":51,"column":4},"end":{"line":60,"column":4}}},"3":{"name":"changeDocumentOwner","line":65,"loc":{"start":{"line":65,"column":4},"end":{"line":85,"column":4}}},"4":{"name":"grantPermission","line":90,"loc":{"start":{"line":90,"column":4},"end":{"line":108,"column":4}}},"5":{"name":"revokePermission","line":113,"loc":{"start":{"line":113,"column":4},"end":{"line":120,"column":4}}},"6":{"name":"hasPermission","line":125,"loc":{"start":{"line":125,"column":4},"end":{"line":131,"column":4}}},"7":{"name":"canRead","line":136,"loc":{"start":{"line":136,"column":4},"end":{"line":142,"column":4}}},"8":{"name":"canWrite","line":147,"loc":{"start":{"line":147,"column":4},"end":{"line":152,"column":4}}},"9":{"name":"canShare","line":157,"loc":{"start":{"line":157,"column":4},"end":{"line":161,"column":4}}},"10":{"name":"isOwner","line":166,"loc":{"start":{"line":166,"column":4},"end":{"line":168,"column":4}}},"11":{"name":"getUserRole","line":173,"loc":{"start":{"line":173,"column":4},"end":{"line":175,"column":4}}},"12":{"name":"getDocumentOwner","line":180,"loc":{"start":{"line":180,"column":4},"end":{"line":182,"column":4}}}},"statementMap":{"1":{"start":{"line":44,"column":8},"end":{"line":44,"column":49}},"2":{"start":{"line":45,"column":8},"end":{"line":45,"column":41}},"3":{"start":{"line":52,"column":8},"end":{"line":52,"column":79}},"4":{"start":{"line":53,"column":8},"end":{"line":53,"column":53}},"5":{"start":{"line":54,"column":8},"end":{"line":54,"column":53}},"6":{"start":{"line":59,"column":8},"end":{"line":59,"column":79}},"7":{"start":{"line":66,"column":8},"end":{"line":66,"column":2191}},"8":{"start":{"line":70,"column":8},"end":{"line":70,"column":58}},"9":{"start":{"line":71,"column":8},"end":{"line":71,"column":65}},"10":{"start":{"line":73,"column":8},"end":{"line":73,"column":54}},"11":{"start":{"line":82,"column":8},"end":{"line":82,"column":70}},"12":{"start":{"line":83,"column":8},"end":{"line":83,"column":82}},"13":{"start":{"line":84,"column":8},"end":{"line":84,"column":84}},"14":{"start":{"line":95,"column":8},"end":{"line":95,"column":74}},"15":{"start":{"line":96,"column":8},"end":{"line":96,"column":54}},"16":{"start":{"line":97,"column":8},"end":{"line":97,"column":3344}},"17":{"start":{"line":103,"column":8},"end":{"line":103,"column":78}},"18":{"start":{"line":107,"column":8},"end":{"line":107,"column":69}},"19":{"start":{"line":114,"column":8},"end":{"line":114,"column":74}},"20":{"start":{"line":115,"column":8},"end":{"line":115,"column":70}},"21":{"start":{"line":119,"column":8},"end":{"line":119,"column":62}},"22":{"start":{"line":130,"column":8},"end":{"line":130,"column":52}},"23":{"start":{"line":137,"column":8},"end":{"line":137,"column":51}},"24":{"start":{"line":138,"column":8},"end":{"line":138,"column":4667}},"25":{"start":{"line":148,"column":8},"end":{"line":148,"column":51}},"26":{"start":{"line":149,"column":8},"end":{"line":149,"column":5053}},"27":{"start":{"line":158,"column":8},"end":{"line":158,"column":51}},"28":{"start":{"line":159,"column":8},"end":{"line":159,"column":5393}},"29":{"start":{"line":167,"column":8},"end":{"line":167,"column":46}},"30":{"start":{"line":174,"column":8},"end":{"line":174,"column":43}},"31":{"start":{"line":181,"column":8},"end":{"line":181,"column":37}}},"branchMap":{"1":{"line":52,"type":"if","locations":[{"start":{"line":52,"column":8},"end":{"line":52,"column":8}},{"start":{"line":52,"column":8},"end":{"line":52,"column":8}}]},"2":{"line":53,"type":"if","locations":[{"start":{"line":53,"column":8},"end":{"line":53,"column":8}},{"start":{"line":53,"column":8},"end":{"line":53,"column":8}}]},"3":{"line":54,"type":"if","locations":[{"start":{"line":54,"column":8},"end":{"line":54,"column":8}},{"start":{"line":54,"column":8},"end":{"line":54,"column":8}}]},"4":{"line":66,"type":"if","locations":[{"start":{"line":66,"column":8},"end":{"line":66,"column":8}},{"start":{"line":66,"column":8},"end":{"line":66,"column":8}}]},"5":{"line":67,"type":"cond-expr","locations":[{"start":{"line":67,"column":12},"end":{"line":67,"column":47}},{"start":{"line":67,"column":52},"end":{"line":67,"column":82}}]},"6":{"line":70,"type":"if","locations":[{"start":{"line":70,"column":8},"end":{"line":70,"column":8}},{"start":{"line":70,"column":8},"end":{"line":70,"column":8}}]},"7":{"line":71,"type":"if","locations":[{"start":{"line":71,"column":8},"end":{"line":71,"column":8}},{"start":{"line":71,"column":8},"end":{"line":71,"column":8}}]},"8":{"line":95,"type":"if","locations":[{"start":{"line":95,"column":8},"end":{"line":95,"column":8}},{"start":{"line":95,"column":8},"end":{"line":95,"column":8}}]},"9":{"line":96,"type":"if","locations":[{"start":{"line":96,"column":8},"end":{"line":96,"column":8}},{"start":{"line":96,"column":8},"end":{"line":96,"column":8}}]},"10":{"line":97,"type":"if","locations":[{"start":{"line":97,"column":8},"end":{"line":97,"column":8}},{"start":{"line":97,"column":8},"end":{"line":97,"column":8}}]},"11":{"line":98,"type":"cond-expr","locations":[{"start":{"line":98,"column":12},"end":{"line":98,"column":40}},{"start":{"line":99,"column":12},"end":{"line":99,"column":41}}]},"12":{"line":98,"type":"cond-expr","locations":[{"start":{"line":98,"column":12},"end":{"line":99,"column":41}},{"start":{"line":100,"column":12},"end":{"line":100,"column":41}}]},"13":{"line":103,"type":"if","locations":[{"start":{"line":103,"column":8},"end":{"line":103,"column":8}},{"start":{"line":103,"column":8},"end":{"line":103,"column":8}}]},"14":{"line":114,"type":"if","locations":[{"start":{"line":114,"column":8},"end":{"line":114,"column":8}},{"start":{"line":114,"column":8},"end":{"line":114,"column":8}}]},"15":{"line":115,"type":"if","locations":[{"start":{"line":115,"column":8},"end":{"line":115,"column":8}},{"start":{"line":115,"column":8},"end":{"line":115,"column":8}}]},"16":{"line":138,"type":"cond-expr","locations":[{"start":{"line":138,"column":15},"end":{"line":138,"column":36}},{"start":{"line":139,"column":15},"end":{"line":139,"column":42}}]},"17":{"line":138,"type":"cond-expr","locations":[{"start":{"line":138,"column":15},"end":{"line":139,"column":42}},{"start":{"line":140,"column":15},"end":{"line":140,"column":43}}]},"18":{"line":138,"type":"cond-expr","locations":[{"start":{"line":138,"column":15},"end":{"line":140,"column":43}},{"start":{"line":141,"column":15},"end":{"line":141,"column":43}}]},"19":{"line":149,"type":"cond-expr","locations":[{"start":{"line":149,"column":15},"end":{"line":149,"column":36}},{"start":{"line":150,"column":15},"end":{"line":150,"column":43}}]},"20":{"line":149,"type":"cond-expr","locations":[{"start":{"line":149,"column":15},"end":{"line":150,"column":43}},{"start":{"line":151,"column":15},"end":{"line":151,"column":43}}]},"21":{"line":159,"type":"cond-expr","locations":[{"start":{"line":159,"column":15},"end":{"line":159,"column":36}},{"start":{"line":160,"column":15},"end":{"line":160,"column":43}}]}}},
"contracts\\DocumentRegistry.sol":{"l":{"77":43,"78":42,"79":41,"81":40,"93":40,"95":40,"105":5,"106":5,"107":4,"108":3,"109":2,"111":1,"118":8,"119":8,"120":7,"121":6,"123":5,"124":5,"126":5,"133":2,"134":2,"135":2,"136":1,"138":1,"139":1,"141":1,"148":8,"149":8,"150":7,"152":6,"153":6,"155":6,"165":6,"167":6,"168":5,"169":4,"170":3,"171":2,"173":1,"175":1,"176":1,"178":1,"180":1,"187":5,"188":5,"189":4,"190":3,"192":2,"193":2,"200":5,"207":1,"214":2,"226":1,"227":1,"228":1,"229":1,"230":1,"231":1,"236":1},"path":"E:\\Universidad\\tfg\\smart-contracts\\contracts\\DocumentRegistry.sol","s":{"1":43,"2":42,"3":41,"4":40,"5":40,"6":5,"7":5,"8":4,"9":3,"10":2,"11":1,"12":8,"13":8,"14":7,"15":6,"16":5,"17":2,"18":2,"19":2,"20":1,"21":1,"22":8,"23":8,"24":7,"25":6,"26":6,"27":6,"28":5,"29":4,"30":3,"31":2,"32":1,"33":1,"34":1,"35":5,"36":5,"37":4,"38":3,"39":5,"40":1,"41":2,"42":1,"43":1,"44":1,"45":1,"46":1},"b":{"1":[43,0],"2":[42,1],"3":[41,1],"4":[40,1],"5":[5,0],"6":[4,1],"7":[3,1],"8":[2,1],"9":[1,1],"10":[8,0],"11":[7,1],"12":[6,1],"13":[5,1],"14":[2,0],"15":[2,0],"16":[1,1],"17":[1,0],"18":[8,0],"19":[7,1],"20":[6,1],"21":[6,0],"22":[5,1],"23":[4,1],"24":[3,1],"25":[2,1],"26":[1,1],"27":[4,1],"28":[3,1],"29":[2,1],"30":[1,0]},"f":{"1":1,"2":43,"3":5,"4":8,"5":2,"6":8,"7":6,"8":5,"9":5,"10":1,"11":2,"12":1},"fnMap":{"1":{"name":"constructor","line":67,"loc":{"start":{"line":67,"column":4},"end":{"line":67,"column":39}}},"2":{"name":"createDocument","line":76,"loc":{"start":{"line":72,"column":4},"end":{"line":96,"column":4}}},"3":{"name":"shareDocument","line":104,"loc":{"start":{"line":101,"column":4},"end":{"line":112,"column":4}}},"4":{"name":"archiveDocument","line":117,"loc":{"start":{"line":117,"column":4},"end":{"line":127,"column":4}}},"5":{"name":"unarchiveDocument","line":132,"loc":{"start":{"line":132,"column":4},"end":{"line":142,"column":4}}},"6":{"name":"deleteDocument","line":147,"loc":{"start":{"line":147,"column":4},"end":{"line":156,"column":4}}},"7":{"name":"transferDocument","line":164,"loc":{"start":{"line":161,"column":4},"end":{"line":181,"column":4}}},"8":{"name":"updateVersion","line":186,"loc":{"start":{"line":186,"column":4},"end":{"line":194,"column":4}}},"9":{"name":"getUserDocuments","line":199,"loc":{"start":{"line":199,"column":4},"end":{"line":201,"column":4}}},"10":{"name":"getDocument","line":206,"loc":{"start":{"line":206,"column":4},"end":{"line":208,"column":4}}},"11":{"name":"isOwner","line":213,"loc":{"start":{"line":213,"column":4},"end":{"line":215,"column":4}}},"12":{"name":"_moveDocumentBetweenUsers","line":220,"loc":{"start":{"line":220,"column":4},"end":{"line":237,"column":4}}}},"statementMap":{"1":{"start":{"line":77,"column":8},"end":{"line":77,"column":80}},"2":{"start":{"line":78,"column":8},"end":{"line":78,"column":53}},"3":{"start":{"line":79,"column":8},"end":{"line":79,"column":62}},"4":{"start":{"line":93,"column":8},"end":{"line":93,"column":45}},"5":{"start":{"line":95,"column":8},"end":{"line":95,"column":78}},"6":{"start":{"line":105,"column":8},"end":{"line":105,"column":48}},"7":{"start":{"line":106,"column":8},"end":{"line":106,"column":52}},"8":{"start":{"line":107,"column":8},"end":{"line":107,"column":50}},"9":{"start":{"line":108,"column":8},"end":{"line":108,"column":52}},"10":{"start":{"line":109,"column":8},"end":{"line":109,"column":63}},"11":{"start":{"line":111,"column":8},"end":{"line":111,"column":69}},"12":{"start":{"line":118,"column":8},"end":{"line":118,"column":48}},"13":{"start":{"line":119,"column":8},"end":{"line":119,"column":52}},"14":{"start":{"line":120,"column":8},"end":{"line":120,"column":51}},"15":{"start":{"line":121,"column":8},"end":{"line":121,"column":50}},"16":{"start":{"line":126,"column":8},"end":{"line":126,"column":66}},"17":{"start":{"line":133,"column":8},"end":{"line":133,"column":48}},"18":{"start":{"line":134,"column":8},"end":{"line":134,"column":52}},"19":{"start":{"line":135,"column":8},"end":{"line":135,"column":46}},"20":{"start":{"line":136,"column":8},"end":{"line":136,"column":50}},"21":{"start":{"line":141,"column":8},"end":{"line":141,"column":68}},"22":{"start":{"line":148,"column":8},"end":{"line":148,"column":48}},"23":{"start":{"line":149,"column":8},"end":{"line":149,"column":52}},"24":{"start":{"line":150,"column":8},"end":{"line":150,"column":49}},"25":{"start":{"line":155,"column":8},"end":{"line":155,"column":65}},"26":{"start":{"line":165,"column":8},"end":{"line":165,"column":48}},"27":{"start":{"line":167,"column":8},"end":{"line":167,"column":52}},"28":{"start":{"line":168,"column":8},"end":{"line":168,"column":68}},"29":{"start":{"line":169,"column":8},"end":{"line":169,"column":66}},"30":{"start":{"line":170,"column":8},"end":{"line":170,"column":52}},"31":{"start":{"line":171,"column":8},"end":{"line":171,"column":60}},"32":{"start":{"line":173,"column":8},"end":{"line":173,"column":41}},"33":{"start":{"line":178,"column":8},"end":{"line":178,"column":60}},"34":{"start":{"line":180,"column":8},"end":{"line":180,"column":77}},"35":{"start":{"line":187,"column":8},"end":{"line":187,"column":48}},"36":{"start":{"line":188,"column":8},"end":{"line":188,"column":52}},"37":{"start":{"line":189,"column":8},"end":{"line":189,"column":50}},"38":{"start":{"line":190,"column":8},"end":{"line":190,"column":75}},"39":{"start":{"line":200,"column":8},"end":{"line":200,"column":35}},"40":{"start":{"line":207,"column":8},"end":{"line":207,"column":32}},"41":{"start":{"line":214,"column":8},"end":{"line":214,"column":47}},"42":{"start":{"line":226,"column":8},"end":{"line":226,"column":57}},"43":{"start":{"line":227,"column":8},"end":{"line":227,"column":6849}},"44":{"start":{"line":228,"column":12},"end":{"line":228,"column":6910}},"45":{"start":{"line":230,"column":16},"end":{"line":230,"column":29}},"46":{"start":{"line":236,"column":8},"end":{"line":236,"column":38}}},"branchMap":{"1":{"line":76,"type":"if","locations":[{"start":{"line":76,"column":15},"end":{"line":76,"column":15}},{"start":{"line":76,"column":15},"end":{"line":76,"column":15}}]},"2":{"line":77,"type":"if","locations":[{"start":{"line":77,"column":8},"end":{"line":77,"column":8}},{"start":{"line":77,"column":8},"end":{"line":77,"column":8}}]},"3":{"line":78,"type":"if","locations":[{"start":{"line":78,"column":8},"end":{"line":78,"column":8}},{"start":{"line":78,"column":8},"end":{"line":78,"column":8}}]},"4":{"line":79,"type":"if","locations":[{"start":{"line":79,"column":8},"end":{"line":79,"column":8}},{"start":{"line":79,"column":8},"end":{"line":79,"column":8}}]},"5":{"line":104,"type":"if","locations":[{"start":{"line":104,"column":15},"end":{"line":104,"column":15}},{"start":{"line":104,"column":15},"end":{"line":104,"column":15}}]},"6":{"line":106,"type":"if","locations":[{"start":{"line":106,"column":8},"end":{"line":106,"column":8}},{"start":{"line":106,"column":8},"end":{"line":106,"column":8}}]},"7":{"line":107,"type":"if","locations":[{"start":{"line":107,"column":8},"end":{"line":107,"column":8}},{"start":{"line":107,"column":8},"end":{"line":107,"column":8}}]},"8":{"line":108,"type":"if","locations":[{"start":{"line":108,"column":8},"end":{"line":108,"column":8}},{"start":{"line":108,"column":8},"end":{"line":108,"column":8}}]},"9":{"line":109,"type":"if","locations":[{"start":{"line":109,"column":8},"end":{"line":109,"column":8}},{"start":{"line":109,"column":8},"end":{"line":109,"column":8}}]},"10":{"line":117,"type":"if","locations":[{"start":{"line":117,"column":54},"end":{"line":117,"column":54}},{"start":{"line":117,"column":54},"end":{"line":117,"column":54}}]},"11":{"line":119,"type":"if","locations":[{"start":{"line":119,"column":8},"end":{"line":119,"column":8}},{"start":{"line":119,"column":8},"end":{"line":119,"column":8}}]},"12":{"line":120,"type":"if","locations":[{"start":{"line":120,"column":8},"end":{"line":120,"column":8}},{"start":{"line":120,"column":8},"end":{"line":120,"column":8}}]},"13":{"line":121,"type":"if","locations":[{"start":{"line":121,"column":8},"end":{"line":121,"column":8}},{"start":{"line":121,"column":8},"end":{"line":121,"column":8}}]},"14":{"line":132,"type":"if","locations":[{"start":{"line":132,"column":56},"end":{"line":132,"column":56}},{"start":{"line":132,"column":56},"end":{"line":132,"column":56}}]},"15":{"line":134,"type":"if","locations":[{"start":{"line":134,"column":8},"end":{"line":134,"column":8}},{"start":{"line":134,"column":8},"end":{"line":134,"column":8}}]},"16":{"line":135,"type":"if","locations":[{"start":{"line":135,"column":8},"end":{"line":135,"column":8}},{"start":{"line":135,"column":8},"end":{"line":135,"column":8}}]},"17":{"line":136,"type":"if","locations":[{"start":{"line":136,"column":8},"end":{"line":136,"column":8}},{"start":{"line":136,"column":8},"end":{"line":136,"column":8}}]},"18":{"line":147,"type":"if","locations":[{"start":{"line":147,"column":53},"end":{"line":147,"column":53}},{"start":{"line":147,"column":53},"end":{"line":147,"column":53}}]},"19":{"line":149,"type":"if","locations":[{"start":{"line":149,"column":8},"end":{"line":149,"column":8}},{"start":{"line":149,"column":8},"end":{"line":149,"column":8}}]},"20":{"line":150,"type":"if","locations":[{"start":{"line":150,"column":8},"end":{"line":150,"column":8}},{"start":{"line":150,"column":8},"end":{"line":150,"column":8}}]},"21":{"line":164,"type":"if","locations":[{"start":{"line":164,"column":15},"end":{"line":164,"column":15}},{"start":{"line":164,"column":15},"end":{"line":164,"column":15}}]},"22":{"line":167,"type":"if","locations":[{"start":{"line":167,"column":8},"end":{"line":167,"column":8}},{"start":{"line":167,"column":8},"end":{"line":167,"column":8}}]},"23":{"line":168,"type":"if","locations":[{"start":{"line":168,"column":8},"end":{"line":168,"column":8}},{"start":{"line":168,"column":8},"end":{"line":168,"column":8}}]},"24":{"line":169,"type":"if","locations":[{"start":{"line":169,"column":8},"end":{"line":169,"column":8}},{"start":{"line":169,"column":8},"end":{"line":169,"column":8}}]},"25":{"line":170,"type":"if","locations":[{"start":{"line":170,"column":8},"end":{"line":170,"column":8}},{"start":{"line":170,"column":8},"end":{"line":170,"column":8}}]},"26":{"line":171,"type":"if","locations":[{"start":{"line":171,"column":8},"end":{"line":171,"column":8}},{"start":{"line":171,"column":8},"end":{"line":171,"column":8}}]},"27":{"line":188,"type":"if","locations":[{"start":{"line":188,"column":8},"end":{"line":188,"column":8}},{"start":{"line":188,"column":8},"end":{"line":188,"column":8}}]},"28":{"line":189,"type":"if","locations":[{"start":{"line":189,"column":8},"end":{"line":189,"column":8}},{"start":{"line":189,"column":8},"end":{"line":189,"column":8}}]},"29":{"line":190,"type":"if","locations":[{"start":{"line":190,"column":8},"end":{"line":190,"column":8}},{"start":{"line":190,"column":8},"end":{"line":190,"column":8}}]},"30":{"line":228,"type":"if","locations":[{"start":{"line":228,"column":12},"end":{"line":228,"column":12}},{"start":{"line":228,"column":12},"end":{"line":228,"column":12}}]}}},
"contracts\\DocumentSigning.sol":{"l":{"42":140,"43":139,"44":138,"45":137,"48":136,"54":135,"64":135,"66":135,"76":16,"86":3,"97":6,"109":3,"112":3,"113":300,"114":102,"118":3,"119":3,"121":3,"122":3,"123":300,"124":102,"125":102,"126":102,"130":3},"path":"E:\\Universidad\\tfg\\smart-contracts\\contracts\\DocumentSigning.sol","s":{"1":140,"2":139,"3":138,"4":137,"5":136,"6":135,"7":135,"8":16,"9":3,"10":6,"11":3,"12":3,"13":300,"14":3,"15":3,"16":300,"17":3},"b":{"1":[139,1],"2":[138,1],"3":[137,1],"4":[136,1],"5":[135,1],"6":[102,198],"7":[102,198]},"f":{"1":140,"2":16,"3":3,"4":6,"5":3},"fnMap":{"1":{"name":"signDocumentVersion","line":35,"loc":{"start":{"line":35,"column":4},"end":{"line":67,"column":4}}},"2":{"name":"getVersionSignatures","line":72,"loc":{"start":{"line":72,"column":4},"end":{"line":77,"column":4}}},"3":{"name":"getVersionSignatureCount","line":82,"loc":{"start":{"line":82,"column":4},"end":{"line":87,"column":4}}},"4":{"name":"hasUserSignedVersion","line":92,"loc":{"start":{"line":92,"column":4},"end":{"line":98,"column":4}}},"5":{"name":"getAllDocumentSignatures","line":103,"loc":{"start":{"line":103,"column":4},"end":{"line":131,"column":4}}}},"statementMap":{"1":{"start":{"line":42,"column":8},"end":{"line":42,"column":53}},"2":{"start":{"line":43,"column":8},"end":{"line":43,"column":60}},"3":{"start":{"line":44,"column":8},"end":{"line":44,"column":58}},"4":{"start":{"line":45,"column":8},"end":{"line":45,"column":61}},"5":{"start":{"line":48,"column":8},"end":{"line":48,"column":1511}},"6":{"start":{"line":54,"column":8},"end":{"line":54,"column":1689}},"7":{"start":{"line":66,"column":8},"end":{"line":66,"column":107}},"8":{"start":{"line":76,"column":8},"end":{"line":76,"column":56}},"9":{"start":{"line":86,"column":8},"end":{"line":86,"column":63}},"10":{"start":{"line":97,"column":8},"end":{"line":97,"column":62}},"11":{"start":{"line":109,"column":8},"end":{"line":109,"column":25}},"12":{"start":{"line":112,"column":8},"end":{"line":112,"column":3414}},"13":{"start":{"line":113,"column":12},"end":{"line":113,"column":3467}},"14":{"start":{"line":121,"column":8},"end":{"line":121,"column":25}},"15":{"start":{"line":122,"column":8},"end":{"line":122,"column":3701}},"16":{"start":{"line":123,"column":12},"end":{"line":123,"column":3754}},"17":{"start":{"line":130,"column":8},"end":{"line":130,"column":42}}},"branchMap":{"1":{"line":42,"type":"if","locations":[{"start":{"line":42,"column":8},"end":{"line":42,"column":8}},{"start":{"line":42,"column":8},"end":{"line":42,"column":8}}]},"2":{"line":43,"type":"if","locations":[{"start":{"line":43,"column":8},"end":{"line":43,"column":8}},{"start":{"line":43,"column":8},"end":{"line":43,"column":8}}]},"3":{"line":44,"type":"if","locations":[{"start":{"line":44,"column":8},"end":{"line":44,"column":8}},{"start":{"line":44,"column":8},"end":{"line":44,"column":8}}]},"4":{"line":45,"type":"if","locations":[{"start":{"line":45,"column":8},"end":{"line":45,"column":8}},{"start":{"line":45,"column":8},"end":{"line":45,"column":8}}]},"5":{"line":48,"type":"if","locations":[{"start":{"line":48,"column":8},"end":{"line":48,"column":8}},{"start":{"line":48,"column":8},"end":{"line":48,"column":8}}]},"6":{"line":113,"type":"if","locations":[{"start":{"line":113,"column":12},"end":{"line":113,"column":12}},{"start":{"line":113,"column":12},"end":{"line":113,"column":12}}]},"7":{"line":123,"type":"if","locations":[{"start":{"line":123,"column":12},"end":{"line":123,"column":12}},{"start":{"line":123,"column":12},"end":{"line":123,"column":12}}]}}},
"contracts\\DocumentVersioning.sol":{"l":{"56":26,"57":25,"59":24,"69":24,"70":24,"72":24,"73":24,"83":82,"84":81,"85":81,"87":80,"89":80,"100":80,"102":80,"103":80,"105":80,"106":80,"116":9,"117":8,"118":7,"121":6,"122":6,"124":6,"125":9,"126":6,"127":6,"128":6,"132":6,"133":6,"135":6,"137":6,"148":6,"150":6,"151":6,"153":6,"154":6,"161":15,"168":2,"169":2,"171":1,"172":2,"173":1,"177":0,"184":5,"185":7,"186":4,"190":1,"197":2,"204":2,"211":86,"212":1319,"213":86,"214":86},"path":"E:\\Universidad\\tfg\\smart-contracts\\contracts\\DocumentVersioning.sol","s":{"1":26,"2":25,"3":24,"4":24,"5":24,"6":82,"7":81,"8":81,"9":80,"10":80,"11":80,"12":80,"13":80,"14":9,"15":8,"16":7,"17":6,"18":6,"19":6,"20":9,"21":6,"22":6,"23":6,"24":6,"25":6,"26":6,"27":6,"28":15,"29":2,"30":2,"31":1,"32":2,"33":1,"34":0,"35":5,"36":7,"37":4,"38":1,"39":2,"40":2,"41":86,"42":1319},"b":{"1":[25,1],"2":[24,1],"3":[82,0],"4":[81,1],"5":[81,0],"6":[80,1],"7":[9,0],"8":[8,1],"9":[7,1],"10":[6,1],"11":[6,3],"12":[6,0],"13":[6,0],"14":[1,1],"15":[1,1],"16":[4,3],"17":[86,1233]},"f":{"1":26,"2":82,"3":9,"4":15,"5":2,"6":5,"7":2,"8":2,"9":86},"fnMap":{"1":{"name":"initializeDocument","line":52,"loc":{"start":{"line":52,"column":4},"end":{"line":74,"column":4}}},"2":{"name":"createVersion","line":82,"loc":{"start":{"line":79,"column":4},"end":{"line":107,"column":4}}},"3":{"name":"restoreVersion","line":115,"loc":{"start":{"line":112,"column":4},"end":{"line":155,"column":4}}},"4":{"name":"getVersions","line":160,"loc":{"start":{"line":160,"column":4},"end":{"line":162,"column":4}}},"5":{"name":"getOperationalVersion","line":167,"loc":{"start":{"line":167,"column":4},"end":{"line":178,"column":4}}},"6":{"name":"getVersion","line":183,"loc":{"start":{"line":183,"column":4},"end":{"line":191,"column":4}}},"7":{"name":"getOperationalVersionNumber","line":196,"loc":{"start":{"line":196,"column":4},"end":{"line":198,"column":4}}},"8":{"name":"getLatestVersionNumber","line":203,"loc":{"start":{"line":203,"column":4},"end":{"line":205,"column":4}}},"9":{"name":"_setNonOperational","line":210,"loc":{"start":{"line":210,"column":4},"end":{"line":217,"column":4}}}},"statementMap":{"1":{"start":{"line":56,"column":8},"end":{"line":56,"column":74}},"2":{"start":{"line":57,"column":8},"end":{"line":57,"column":62}},"3":{"start":{"line":59,"column":8},"end":{"line":59,"column":1650}},"4":{"start":{"line":72,"column":8},"end":{"line":72,"column":77}},"5":{"start":{"line":73,"column":8},"end":{"line":73,"column":74}},"6":{"start":{"line":83,"column":8},"end":{"line":83,"column":74}},"7":{"start":{"line":84,"column":8},"end":{"line":84,"column":63}},"8":{"start":{"line":85,"column":8},"end":{"line":85,"column":62}},"9":{"start":{"line":87,"column":8},"end":{"line":87,"column":60}},"10":{"start":{"line":89,"column":8},"end":{"line":89,"column":2645}},"11":{"start":{"line":100,"column":8},"end":{"line":100,"column":61}},"12":{"start":{"line":105,"column":8},"end":{"line":105,"column":92}},"13":{"start":{"line":106,"column":8},"end":{"line":106,"column":89}},"14":{"start":{"line":116,"column":8},"end":{"line":116,"column":74}},"15":{"start":{"line":117,"column":8},"end":{"line":117,"column":77}},"16":{"start":{"line":118,"column":8},"end":{"line":118,"column":56}},"17":{"start":{"line":121,"column":8},"end":{"line":121,"column":29}},"18":{"start":{"line":122,"column":8},"end":{"line":122,"column":26}},"19":{"start":{"line":124,"column":8},"end":{"line":124,"column":3939}},"20":{"start":{"line":125,"column":12},"end":{"line":125,"column":4016}},"21":{"start":{"line":132,"column":8},"end":{"line":132,"column":42}},"22":{"start":{"line":133,"column":8},"end":{"line":133,"column":61}},"23":{"start":{"line":135,"column":8},"end":{"line":135,"column":60}},"24":{"start":{"line":137,"column":8},"end":{"line":137,"column":4430}},"25":{"start":{"line":148,"column":8},"end":{"line":148,"column":61}},"26":{"start":{"line":153,"column":8},"end":{"line":153,"column":111}},"27":{"start":{"line":154,"column":8},"end":{"line":154,"column":89}},"28":{"start":{"line":161,"column":8},"end":{"line":161,"column":39}},"29":{"start":{"line":168,"column":8},"end":{"line":168,"column":50}},"30":{"start":{"line":169,"column":8},"end":{"line":169,"column":51}},"31":{"start":{"line":171,"column":8},"end":{"line":171,"column":5712}},"32":{"start":{"line":172,"column":12},"end":{"line":172,"column":5789}},"33":{"start":{"line":173,"column":16},"end":{"line":173,"column":50}},"34":{"start":{"line":177,"column":8},"end":{"line":177,"column":46}},"35":{"start":{"line":184,"column":8},"end":{"line":184,"column":6156}},"36":{"start":{"line":185,"column":12},"end":{"line":185,"column":6233}},"37":{"start":{"line":186,"column":16},"end":{"line":186,"column":50}},"38":{"start":{"line":190,"column":8},"end":{"line":190,"column":34}},"39":{"start":{"line":197,"column":8},"end":{"line":197,"column":41}},"40":{"start":{"line":204,"column":8},"end":{"line":204,"column":36}},"41":{"start":{"line":211,"column":8},"end":{"line":211,"column":6997}},"42":{"start":{"line":212,"column":12},"end":{"line":212,"column":7074}}},"branchMap":{"1":{"line":56,"type":"if","locations":[{"start":{"line":56,"column":8},"end":{"line":56,"column":8}},{"start":{"line":56,"column":8},"end":{"line":56,"column":8}}]},"2":{"line":57,"type":"if","locations":[{"start":{"line":57,"column":8},"end":{"line":57,"column":8}},{"start":{"line":57,"column":8},"end":{"line":57,"column":8}}]},"3":{"line":82,"type":"if","locations":[{"start":{"line":82,"column":15},"end":{"line":82,"column":15}},{"start":{"line":82,"column":15},"end":{"line":82,"column":15}}]},"4":{"line":83,"type":"if","locations":[{"start":{"line":83,"column":8},"end":{"line":83,"column":8}},{"start":{"line":83,"column":8},"end":{"line":83,"column":8}}]},"5":{"line":84,"type":"if","locations":[{"start":{"line":84,"column":8},"end":{"line":84,"column":8}},{"start":{"line":84,"column":8},"end":{"line":84,"column":8}}]},"6":{"line":85,"type":"if","locations":[{"start":{"line":85,"column":8},"end":{"line":85,"column":8}},{"start":{"line":85,"column":8},"end":{"line":85,"column":8}}]},"7":{"line":115,"type":"if","locations":[{"start":{"line":115,"column":15},"end":{"line":115,"column":15}},{"start":{"line":115,"column":15},"end":{"line":115,"column":15}}]},"8":{"line":116,"type":"if","locations":[{"start":{"line":116,"column":8},"end":{"line":116,"column":8}},{"start":{"line":116,"column":8},"end":{"line":116,"column":8}}]},"9":{"line":117,"type":"if","locations":[{"start":{"line":117,"column":8},"end":{"line":117,"column":8}},{"start":{"line":117,"column":8},"end":{"line":117,"column":8}}]},"10":{"line":118,"type":"if","locations":[{"start":{"line":118,"column":8},"end":{"line":118,"column":8}},{"start":{"line":118,"column":8},"end":{"line":118,"column":8}}]},"11":{"line":125,"type":"if","locations":[{"start":{"line":125,"column":12},"end":{"line":125,"column":12}},{"start":{"line":125,"column":12},"end":{"line":125,"column":12}}]},"12":{"line":132,"type":"if","locations":[{"start":{"line":132,"column":8},"end":{"line":132,"column":8}},{"start":{"line":132,"column":8},"end":{"line":132,"column":8}}]},"13":{"line":133,"type":"if","locations":[{"start":{"line":133,"column":8},"end":{"line":133,"column":8}},{"start":{"line":133,"column":8},"end":{"line":133,"column":8}}]},"14":{"line":169,"type":"if","locations":[{"start":{"line":169,"column":8},"end":{"line":169,"column":8}},{"start":{"line":169,"column":8},"end":{"line":169,"column":8}}]},"15":{"line":172,"type":"if","locations":[{"start":{"line":172,"column":12},"end":{"line":172,"column":12}},{"start":{"line":172,"column":12},"end":{"line":172,"column":12}}]},"16":{"line":185,"type":"if","locations":[{"start":{"line":185,"column":12},"end":{"line":185,"column":12}},{"start":{"line":185,"column":12},"end":{"line":185,"column":12}}]},"17":{"line":212,"type":"if","locations":[{"start":{"line":212,"column":12},"end":{"line":212,"column":12}},{"start":{"line":212,"column":12},"end":{"line":212,"column":12}}]}}}}
