TN:
SF:E:\Universidad\tfg\smart-contracts\contracts\DocumentAccessControl.sol
FN:43,constructor
FN:51,createDocument
FN:65,changeDocumentOwner
FN:90,grantPermission
FN:113,revokePermission
FN:125,hasPermission
FN:136,canRead
FN:147,canWrite
FN:157,canShare
FN:166,isOwner
FN:173,getUserRole
FN:180,getDocumentOwner
FNF:12
FNH:12
FNDA:1,constructor
FNDA:36,createDocument
FNDA:6,changeDocumentOwner
FNDA:19,grantPermission
FNDA:5,revokePermission
FNDA:2,hasPermission
FNDA:13,canRead
FNDA:9,canWrite
FNDA:7,canShare
FNDA:8,isOwner
FNDA:2,getUserRole
FNDA:2,getDocumentOwner
DA:44,1
DA:45,1
DA:52,36
DA:53,35
DA:54,34
DA:56,33
DA:57,33
DA:59,33
DA:66,6
DA:70,5
DA:71,4
DA:73,3
DA:76,3
DA:79,3
DA:80,3
DA:82,3
DA:83,3
DA:84,3
DA:95,19
DA:96,18
DA:97,17
DA:103,15
DA:105,14
DA:107,14
DA:114,5
DA:115,4
DA:117,3
DA:119,3
DA:130,2
DA:137,13
DA:138,13
DA:148,9
DA:149,9
DA:158,7
DA:159,7
DA:167,8
DA:174,2
DA:181,2
LF:38
LH:38
BRDA:52,1,0,35
BRDA:52,1,1,1
BRDA:53,2,0,34
BRDA:53,2,1,1
BRDA:54,3,0,33
BRDA:54,3,1,1
BRDA:66,4,0,5
BRDA:66,4,1,1
BRDA:67,5,0,4
BRDA:67,5,1,1
BRDA:70,6,0,4
BRDA:70,6,1,1
BRDA:71,7,0,3
BRDA:71,7,1,1
BRDA:95,8,0,18
BRDA:95,8,1,1
BRDA:96,9,0,17
BRDA:96,9,1,1
BRDA:97,10,0,15
BRDA:97,10,1,2
BRDA:98,11,0,9
BRDA:98,11,1,4
BRDA:98,12,0,4
BRDA:98,12,1,2
BRDA:103,13,0,14
BRDA:103,13,1,1
BRDA:114,14,0,4
BRDA:114,14,1,1
BRDA:115,15,0,3
BRDA:115,15,1,1
BRDA:138,16,0,1
BRDA:138,16,1,4
BRDA:138,17,0,4
BRDA:138,17,1,2
BRDA:138,18,0,2
BRDA:138,18,1,2
BRDA:149,19,0,1
BRDA:149,19,1,3
BRDA:149,20,0,3
BRDA:149,20,1,2
BRDA:159,21,0,1
BRDA:159,21,1,2
BRF:42
BRH:42
end_of_record
TN:
SF:E:\Universidad\tfg\smart-contracts\contracts\DocumentRegistry.sol
FN:67,constructor
FN:76,createDocument
FN:104,shareDocument
FN:117,archiveDocument
FN:132,unarchiveDocument
FN:147,deleteDocument
FN:164,transferDocument
FN:186,updateVersion
FN:199,getUserDocuments
FN:206,getDocument
FN:213,isOwner
FN:220,_moveDocumentBetweenUsers
FNF:12
FNH:12
FNDA:1,constructor
FNDA:43,createDocument
FNDA:5,shareDocument
FNDA:8,archiveDocument
FNDA:2,unarchiveDocument
FNDA:8,deleteDocument
FNDA:6,transferDocument
FNDA:5,updateVersion
FNDA:5,getUserDocuments
FNDA:1,getDocument
FNDA:2,isOwner
FNDA:1,_moveDocumentBetweenUsers
DA:77,43
DA:78,42
DA:79,41
DA:81,40
DA:93,40
DA:95,40
DA:105,5
DA:106,5
DA:107,4
DA:108,3
DA:109,2
DA:111,1
DA:118,8
DA:119,8
DA:120,7
DA:121,6
DA:123,5
DA:124,5
DA:126,5
DA:133,2
DA:134,2
DA:135,2
DA:136,1
DA:138,1
DA:139,1
DA:141,1
DA:148,8
DA:149,8
DA:150,7
DA:152,6
DA:153,6
DA:155,6
DA:165,6
DA:167,6
DA:168,5
DA:169,4
DA:170,3
DA:171,2
DA:173,1
DA:175,1
DA:176,1
DA:178,1
DA:180,1
DA:187,5
DA:188,5
DA:189,4
DA:190,3
DA:192,2
DA:193,2
DA:200,5
DA:207,1
DA:214,2
DA:226,1
DA:227,1
DA:228,1
DA:229,1
DA:230,1
DA:231,1
DA:236,1
LF:59
LH:59
BRDA:76,1,0,43
BRDA:76,1,1,0
BRDA:77,2,0,42
BRDA:77,2,1,1
BRDA:78,3,0,41
BRDA:78,3,1,1
BRDA:79,4,0,40
BRDA:79,4,1,1
BRDA:104,5,0,5
BRDA:104,5,1,0
BRDA:106,6,0,4
BRDA:106,6,1,1
BRDA:107,7,0,3
BRDA:107,7,1,1
BRDA:108,8,0,2
BRDA:108,8,1,1
BRDA:109,9,0,1
BRDA:109,9,1,1
BRDA:117,10,0,8
BRDA:117,10,1,0
BRDA:119,11,0,7
BRDA:119,11,1,1
BRDA:120,12,0,6
BRDA:120,12,1,1
BRDA:121,13,0,5
BRDA:121,13,1,1
BRDA:132,14,0,2
BRDA:132,14,1,0
BRDA:134,15,0,2
BRDA:134,15,1,0
BRDA:135,16,0,1
BRDA:135,16,1,1
BRDA:136,17,0,1
BRDA:136,17,1,0
BRDA:147,18,0,8
BRDA:147,18,1,0
BRDA:149,19,0,7
BRDA:149,19,1,1
BRDA:150,20,0,6
BRDA:150,20,1,1
BRDA:164,21,0,6
BRDA:164,21,1,0
BRDA:167,22,0,5
BRDA:167,22,1,1
BRDA:168,23,0,4
BRDA:168,23,1,1
BRDA:169,24,0,3
BRDA:169,24,1,1
BRDA:170,25,0,2
BRDA:170,25,1,1
BRDA:171,26,0,1
BRDA:171,26,1,1
BRDA:188,27,0,4
BRDA:188,27,1,1
BRDA:189,28,0,3
BRDA:189,28,1,1
BRDA:190,29,0,2
BRDA:190,29,1,1
BRDA:228,30,0,1
BRDA:228,30,1,0
BRF:60
BRH:51
end_of_record
TN:
SF:E:\Universidad\tfg\smart-contracts\contracts\DocumentSigning.sol
FN:35,signDocumentVersion
FN:72,getVersionSignatures
FN:82,getVersionSignatureCount
FN:92,hasUserSignedVersion
FN:103,getAllDocumentSignatures
FNF:5
FNH:5
FNDA:140,signDocumentVersion
FNDA:16,getVersionSignatures
FNDA:3,getVersionSignatureCount
FNDA:6,hasUserSignedVersion
FNDA:3,getAllDocumentSignatures
DA:42,140
DA:43,139
DA:44,138
DA:45,137
DA:48,136
DA:54,135
DA:64,135
DA:66,135
DA:76,16
DA:86,3
DA:97,6
DA:109,3
DA:112,3
DA:113,300
DA:114,102
DA:118,3
DA:119,3
DA:121,3
DA:122,3
DA:123,300
DA:124,102
DA:125,102
DA:126,102
DA:130,3
LF:24
LH:24
BRDA:42,1,0,139
BRDA:42,1,1,1
BRDA:43,2,0,138
BRDA:43,2,1,1
BRDA:44,3,0,137
BRDA:44,3,1,1
BRDA:45,4,0,136
BRDA:45,4,1,1
BRDA:48,5,0,135
BRDA:48,5,1,1
BRDA:113,6,0,102
BRDA:113,6,1,198
BRDA:123,7,0,102
BRDA:123,7,1,198
BRF:14
BRH:14
end_of_record
TN:
SF:E:\Universidad\tfg\smart-contracts\contracts\DocumentVersioning.sol
FN:52,initializeDocument
FN:82,createVersion
FN:115,restoreVersion
FN:160,getVersions
FN:167,getOperationalVersion
FN:183,getVersion
FN:196,getOperationalVersionNumber
FN:203,getLatestVersionNumber
FN:210,_setNonOperational
FNF:9
FNH:9
FNDA:26,initializeDocument
FNDA:82,createVersion
FNDA:9,restoreVersion
FNDA:15,getVersions
FNDA:2,getOperationalVersion
FNDA:5,getVersion
FNDA:2,getOperationalVersionNumber
FNDA:2,getLatestVersionNumber
FNDA:86,_setNonOperational
DA:56,26
DA:57,25
DA:59,24
DA:69,24
DA:70,24
DA:72,24
DA:73,24
DA:83,82
DA:84,81
DA:85,81
DA:87,80
DA:89,80
DA:100,80
DA:102,80
DA:103,80
DA:105,80
DA:106,80
DA:116,9
DA:117,8
DA:118,7
DA:121,6
DA:122,6
DA:124,6
DA:125,9
DA:126,6
DA:127,6
DA:128,6
DA:132,6
DA:133,6
DA:135,6
DA:137,6
DA:148,6
DA:150,6
DA:151,6
DA:153,6
DA:154,6
DA:161,15
DA:168,2
DA:169,2
DA:171,1
DA:172,2
DA:173,1
DA:177,0
DA:184,5
DA:185,7
DA:186,4
DA:190,1
DA:197,2
DA:204,2
DA:211,86
DA:212,1319
DA:213,86
DA:214,86
LF:53
LH:52
BRDA:56,1,0,25
BRDA:56,1,1,1
BRDA:57,2,0,24
BRDA:57,2,1,1
BRDA:82,3,0,82
BRDA:82,3,1,0
BRDA:83,4,0,81
BRDA:83,4,1,1
BRDA:84,5,0,81
BRDA:84,5,1,0
BRDA:85,6,0,80
BRDA:85,6,1,1
BRDA:115,7,0,9
BRDA:115,7,1,0
BRDA:116,8,0,8
BRDA:116,8,1,1
BRDA:117,9,0,7
BRDA:117,9,1,1
BRDA:118,10,0,6
BRDA:118,10,1,1
BRDA:125,11,0,6
BRDA:125,11,1,3
BRDA:132,12,0,6
BRDA:132,12,1,0
BRDA:133,13,0,6
BRDA:133,13,1,0
BRDA:169,14,0,1
BRDA:169,14,1,1
BRDA:172,15,0,1
BRDA:172,15,1,1
BRDA:185,16,0,4
BRDA:185,16,1,3
BRDA:212,17,0,86
BRDA:212,17,1,1233
BRF:34
BRH:29
end_of_record
